INFO - 2024-07-10 00:39:25 --> Session: Class initialized using 'CodeIgniter\Session\Handlers\FileHandler' driver.
INFO - 2024-07-10 00:39:26 --> Session: Class initialized using 'CodeIgniter\Session\Handlers\FileHandler' driver.
INFO - 2024-07-10 00:39:34 --> Session: Class initialized using 'CodeIgniter\Session\Handlers\FileHandler' driver.
CRITICAL - 2024-07-10 00:39:34 --> Undefined array key "kode_produk"
in APPPATH\Views\produksi\pengajuan\pengajuan.php on line 45.
 1 APPPATH\Views\produksi\pengajuan\pengajuan.php(45): CodeIgniter\Debug\Exceptions->errorHandler(2, 'Undefined array key "kode_produk"', 'C:\\Users\\LENOVO\\Videos\\PT. Beverly International\\app\\Views\\produksi\\pengajuan\\pengajuan.php', 45)
 2 SYSTEMPATH\View\View.php(228): include('C:\\Users\\LENOVO\\Videos\\PT. Beverly International\\app\\Views\\produksi\\pengajuan\\pengajuan.php')
 3 SYSTEMPATH\View\View.php(231): CodeIgniter\View\View->CodeIgniter\View\{closure}()
 4 SYSTEMPATH\Common.php(1190): CodeIgniter\View\View->render('produksi/pengajuan/pengajuan', [], true)
 5 APPPATH\Controllers\Pengajuan.php(21): view('produksi/pengajuan/pengajuan', [...])
 6 SYSTEMPATH\CodeIgniter.php(942): App\Controllers\Pengajuan->index()
 7 SYSTEMPATH\CodeIgniter.php(502): CodeIgniter\CodeIgniter->runController(Object(App\Controllers\Pengajuan))
 8 SYSTEMPATH\CodeIgniter.php(361): CodeIgniter\CodeIgniter->handleRequest(null, Object(Config\Cache), false)
 9 FCPATH\index.php(79): CodeIgniter\CodeIgniter->run()
10 SYSTEMPATH\Commands\Server\rewrite.php(47): require_once('C:\\Users\\LENOVO\\Videos\\PT. Beverly International\\public\\index.php')
INFO - 2024-07-10 00:43:12 --> Session: Class initialized using 'CodeIgniter\Session\Handlers\FileHandler' driver.
INFO - 2024-07-10 00:43:24 --> Session: Class initialized using 'CodeIgniter\Session\Handlers\FileHandler' driver.
CRITICAL - 2024-07-10 00:43:24 --> Undefined array key "kode_produk"
in APPPATH\Views\produksi\stokMasuk\stokMasuk.php on line 45.
 1 APPPATH\Views\produksi\stokMasuk\stokMasuk.php(45): CodeIgniter\Debug\Exceptions->errorHandler(2, 'Undefined array key "kode_produk"', 'C:\\Users\\LENOVO\\Videos\\PT. Beverly International\\app\\Views\\produksi\\stokMasuk\\stokMasuk.php', 45)
 2 SYSTEMPATH\View\View.php(228): include('C:\\Users\\LENOVO\\Videos\\PT. Beverly International\\app\\Views\\produksi\\stokMasuk\\stokMasuk.php')
 3 SYSTEMPATH\View\View.php(231): CodeIgniter\View\View->CodeIgniter\View\{closure}()
 4 SYSTEMPATH\Common.php(1190): CodeIgniter\View\View->render('produksi/stokMasuk/stokMasuk', [], true)
 5 APPPATH\Controllers\StokMasuk.php(20): view('produksi/stokMasuk/stokMasuk', [...])
 6 SYSTEMPATH\CodeIgniter.php(942): App\Controllers\StokMasuk->index()
 7 SYSTEMPATH\CodeIgniter.php(502): CodeIgniter\CodeIgniter->runController(Object(App\Controllers\StokMasuk))
 8 SYSTEMPATH\CodeIgniter.php(361): CodeIgniter\CodeIgniter->handleRequest(null, Object(Config\Cache), false)
 9 FCPATH\index.php(79): CodeIgniter\CodeIgniter->run()
10 SYSTEMPATH\Commands\Server\rewrite.php(47): require_once('C:\\Users\\LENOVO\\Videos\\PT. Beverly International\\public\\index.php')
INFO - 2024-07-10 00:45:39 --> Session: Class initialized using 'CodeIgniter\Session\Handlers\FileHandler' driver.
CRITICAL - 2024-07-10 00:45:39 --> Undefined array key "kode_produk"
in APPPATH\Views\produksi\stokMasuk\stokMasuk.php on line 45.
 1 APPPATH\Views\produksi\stokMasuk\stokMasuk.php(45): CodeIgniter\Debug\Exceptions->errorHandler(2, 'Undefined array key "kode_produk"', 'C:\\Users\\LENOVO\\Videos\\PT. Beverly International\\app\\Views\\produksi\\stokMasuk\\stokMasuk.php', 45)
 2 SYSTEMPATH\View\View.php(228): include('C:\\Users\\LENOVO\\Videos\\PT. Beverly International\\app\\Views\\produksi\\stokMasuk\\stokMasuk.php')
 3 SYSTEMPATH\View\View.php(231): CodeIgniter\View\View->CodeIgniter\View\{closure}()
 4 SYSTEMPATH\Common.php(1190): CodeIgniter\View\View->render('produksi/stokMasuk/stokMasuk', [], true)
 5 APPPATH\Controllers\StokMasuk.php(20): view('produksi/stokMasuk/stokMasuk', [...])
 6 SYSTEMPATH\CodeIgniter.php(942): App\Controllers\StokMasuk->index()
 7 SYSTEMPATH\CodeIgniter.php(502): CodeIgniter\CodeIgniter->runController(Object(App\Controllers\StokMasuk))
 8 SYSTEMPATH\CodeIgniter.php(361): CodeIgniter\CodeIgniter->handleRequest(null, Object(Config\Cache), false)
 9 FCPATH\index.php(79): CodeIgniter\CodeIgniter->run()
10 SYSTEMPATH\Commands\Server\rewrite.php(47): require_once('C:\\Users\\LENOVO\\Videos\\PT. Beverly International\\public\\index.php')
INFO - 2024-07-10 00:46:17 --> Session: Class initialized using 'CodeIgniter\Session\Handlers\FileHandler' driver.
INFO - 2024-07-10 00:46:21 --> Session: Class initialized using 'CodeIgniter\Session\Handlers\FileHandler' driver.
INFO - 2024-07-10 00:48:29 --> Session: Class initialized using 'CodeIgniter\Session\Handlers\FileHandler' driver.
INFO - 2024-07-10 00:48:43 --> Session: Class initialized using 'CodeIgniter\Session\Handlers\FileHandler' driver.
INFO - 2024-07-10 00:48:48 --> Session: Class initialized using 'CodeIgniter\Session\Handlers\FileHandler' driver.
INFO - 2024-07-10 00:48:53 --> Session: Class initialized using 'CodeIgniter\Session\Handlers\FileHandler' driver.
INFO - 2024-07-10 00:48:59 --> Session: Class initialized using 'CodeIgniter\Session\Handlers\FileHandler' driver.
INFO - 2024-07-10 00:50:43 --> Session: Class initialized using 'CodeIgniter\Session\Handlers\FileHandler' driver.
INFO - 2024-07-10 00:50:47 --> Session: Class initialized using 'CodeIgniter\Session\Handlers\FileHandler' driver.
INFO - 2024-07-10 00:51:27 --> Session: Class initialized using 'CodeIgniter\Session\Handlers\FileHandler' driver.
INFO - 2024-07-10 00:51:32 --> Session: Class initialized using 'CodeIgniter\Session\Handlers\FileHandler' driver.
INFO - 2024-07-10 00:51:36 --> Session: Class initialized using 'CodeIgniter\Session\Handlers\FileHandler' driver.
INFO - 2024-07-10 00:51:46 --> Session: Class initialized using 'CodeIgniter\Session\Handlers\FileHandler' driver.
INFO - 2024-07-10 01:36:37 --> Session: Class initialized using 'CodeIgniter\Session\Handlers\FileHandler' driver.
INFO - 2024-07-10 01:36:40 --> Session: Class initialized using 'CodeIgniter\Session\Handlers\FileHandler' driver.
INFO - 2024-07-10 01:36:53 --> Session: Class initialized using 'CodeIgniter\Session\Handlers\FileHandler' driver.
INFO - 2024-07-10 01:36:59 --> Session: Class initialized using 'CodeIgniter\Session\Handlers\FileHandler' driver.
INFO - 2024-07-10 01:37:00 --> Session: Class initialized using 'CodeIgniter\Session\Handlers\FileHandler' driver.
INFO - 2024-07-10 01:37:11 --> Session: Class initialized using 'CodeIgniter\Session\Handlers\FileHandler' driver.
INFO - 2024-07-10 09:00:20 --> Session: Class initialized using 'CodeIgniter\Session\Handlers\FileHandler' driver.
INFO - 2024-07-10 09:00:20 --> Session: Class initialized using 'CodeIgniter\Session\Handlers\FileHandler' driver.
WARNING - 2024-07-10 09:00:30 --> [DEPRECATED] Creation of dynamic property App\Controllers\Laporan::$stokModel is deprecated in APPPATH\Controllers\Laporan.php on line 25.
 1 SYSTEMPATH\CodeIgniter.php(914): App\Controllers\Laporan->__construct()
 2 SYSTEMPATH\CodeIgniter.php(493): CodeIgniter\CodeIgniter->createController()
 3 SYSTEMPATH\CodeIgniter.php(361): CodeIgniter\CodeIgniter->handleRequest(null, Object(Config\Cache), false)
 4 FCPATH\index.php(79): CodeIgniter\CodeIgniter->run()
 5 SYSTEMPATH\Commands\Server\rewrite.php(47): require_once('C:\\Users\\LENOVO\\Videos\\PT. Beverly International\\public\\index.php')
INFO - 2024-07-10 09:00:30 --> Session: Class initialized using 'CodeIgniter\Session\Handlers\FileHandler' driver.
WARNING - 2024-07-10 09:00:33 --> [DEPRECATED] Creation of dynamic property App\Controllers\Laporan::$stokModel is deprecated in APPPATH\Controllers\Laporan.php on line 25.
 1 SYSTEMPATH\CodeIgniter.php(914): App\Controllers\Laporan->__construct()
 2 SYSTEMPATH\CodeIgniter.php(493): CodeIgniter\CodeIgniter->createController()
 3 SYSTEMPATH\CodeIgniter.php(361): CodeIgniter\CodeIgniter->handleRequest(null, Object(Config\Cache), false)
 4 FCPATH\index.php(79): CodeIgniter\CodeIgniter->run()
 5 SYSTEMPATH\Commands\Server\rewrite.php(47): require_once('C:\\Users\\LENOVO\\Videos\\PT. Beverly International\\public\\index.php')
INFO - 2024-07-10 09:00:33 --> Session: Class initialized using 'CodeIgniter\Session\Handlers\FileHandler' driver.
WARNING - 2024-07-10 09:01:02 --> [DEPRECATED] Creation of dynamic property App\Controllers\Laporan::$stokModel is deprecated in APPPATH\Controllers\Laporan.php on line 25.
 1 SYSTEMPATH\CodeIgniter.php(914): App\Controllers\Laporan->__construct()
 2 SYSTEMPATH\CodeIgniter.php(493): CodeIgniter\CodeIgniter->createController()
 3 SYSTEMPATH\CodeIgniter.php(361): CodeIgniter\CodeIgniter->handleRequest(null, Object(Config\Cache), false)
 4 FCPATH\index.php(79): CodeIgniter\CodeIgniter->run()
 5 SYSTEMPATH\Commands\Server\rewrite.php(47): require_once('C:\\Users\\LENOVO\\Videos\\PT. Beverly International\\public\\index.php')
INFO - 2024-07-10 09:01:02 --> Session: Class initialized using 'CodeIgniter\Session\Handlers\FileHandler' driver.
INFO - 2024-07-10 09:01:29 --> Session: Class initialized using 'CodeIgniter\Session\Handlers\FileHandler' driver.
INFO - 2024-07-10 09:03:26 --> Session: Class initialized using 'CodeIgniter\Session\Handlers\FileHandler' driver.
WARNING - 2024-07-10 09:03:34 --> [DEPRECATED] Creation of dynamic property App\Controllers\Laporan::$stokModel is deprecated in APPPATH\Controllers\Laporan.php on line 25.
 1 SYSTEMPATH\CodeIgniter.php(914): App\Controllers\Laporan->__construct()
 2 SYSTEMPATH\CodeIgniter.php(493): CodeIgniter\CodeIgniter->createController()
 3 SYSTEMPATH\CodeIgniter.php(361): CodeIgniter\CodeIgniter->handleRequest(null, Object(Config\Cache), false)
 4 FCPATH\index.php(79): CodeIgniter\CodeIgniter->run()
 5 SYSTEMPATH\Commands\Server\rewrite.php(47): require_once('C:\\Users\\LENOVO\\Videos\\PT. Beverly International\\public\\index.php')
INFO - 2024-07-10 09:03:34 --> Session: Class initialized using 'CodeIgniter\Session\Handlers\FileHandler' driver.
WARNING - 2024-07-10 09:03:57 --> [DEPRECATED] Creation of dynamic property App\Controllers\Laporan::$stokModel is deprecated in APPPATH\Controllers\Laporan.php on line 25.
 1 SYSTEMPATH\CodeIgniter.php(914): App\Controllers\Laporan->__construct()
 2 SYSTEMPATH\CodeIgniter.php(493): CodeIgniter\CodeIgniter->createController()
 3 SYSTEMPATH\CodeIgniter.php(361): CodeIgniter\CodeIgniter->handleRequest(null, Object(Config\Cache), false)
 4 FCPATH\index.php(79): CodeIgniter\CodeIgniter->run()
 5 SYSTEMPATH\Commands\Server\rewrite.php(47): require_once('C:\\Users\\LENOVO\\Videos\\PT. Beverly International\\public\\index.php')
INFO - 2024-07-10 09:03:57 --> Session: Class initialized using 'CodeIgniter\Session\Handlers\FileHandler' driver.
WARNING - 2024-07-10 09:04:50 --> [DEPRECATED] Creation of dynamic property App\Controllers\Laporan::$stokModel is deprecated in APPPATH\Controllers\Laporan.php on line 25.
 1 SYSTEMPATH\CodeIgniter.php(914): App\Controllers\Laporan->__construct()
 2 SYSTEMPATH\CodeIgniter.php(493): CodeIgniter\CodeIgniter->createController()
 3 SYSTEMPATH\CodeIgniter.php(361): CodeIgniter\CodeIgniter->handleRequest(null, Object(Config\Cache), false)
 4 FCPATH\index.php(79): CodeIgniter\CodeIgniter->run()
 5 SYSTEMPATH\Commands\Server\rewrite.php(47): require_once('C:\\Users\\LENOVO\\Videos\\PT. Beverly International\\public\\index.php')
INFO - 2024-07-10 09:04:50 --> Session: Class initialized using 'CodeIgniter\Session\Handlers\FileHandler' driver.
INFO - 2024-07-10 09:10:04 --> Session: Class initialized using 'CodeIgniter\Session\Handlers\FileHandler' driver.
INFO - 2024-07-10 09:27:29 --> Session: Class initialized using 'CodeIgniter\Session\Handlers\FileHandler' driver.
WARNING - 2024-07-10 09:27:35 --> [DEPRECATED] Creation of dynamic property App\Controllers\Laporan::$stokModel is deprecated in APPPATH\Controllers\Laporan.php on line 26.
 1 SYSTEMPATH\CodeIgniter.php(914): App\Controllers\Laporan->__construct()
 2 SYSTEMPATH\CodeIgniter.php(493): CodeIgniter\CodeIgniter->createController()
 3 SYSTEMPATH\CodeIgniter.php(361): CodeIgniter\CodeIgniter->handleRequest(null, Object(Config\Cache), false)
 4 FCPATH\index.php(79): CodeIgniter\CodeIgniter->run()
 5 SYSTEMPATH\Commands\Server\rewrite.php(47): require_once('C:\\Users\\LENOVO\\Videos\\PT. Beverly International\\public\\index.php')
INFO - 2024-07-10 09:27:35 --> Session: Class initialized using 'CodeIgniter\Session\Handlers\FileHandler' driver.
CRITICAL - 2024-07-10 09:27:35 --> Call to undefined method App\Models\PengajuanModel::laporanPengajuan
in SYSTEMPATH\Model.php on line 873.
 1 APPPATH\Controllers\Laporan.php(375): CodeIgniter\Model->__call('laporanPengajuan', [])
 2 SYSTEMPATH\CodeIgniter.php(942): App\Controllers\Laporan->laporan_pengajuan()
 3 SYSTEMPATH\CodeIgniter.php(502): CodeIgniter\CodeIgniter->runController(Object(App\Controllers\Laporan))
 4 SYSTEMPATH\CodeIgniter.php(361): CodeIgniter\CodeIgniter->handleRequest(null, Object(Config\Cache), false)
 5 FCPATH\index.php(79): CodeIgniter\CodeIgniter->run()
 6 SYSTEMPATH\Commands\Server\rewrite.php(47): require_once('C:\\Users\\LENOVO\\Videos\\PT. Beverly International\\public\\index.php')
WARNING - 2024-07-10 09:36:50 --> [DEPRECATED] Creation of dynamic property App\Controllers\Laporan::$stokModel is deprecated in APPPATH\Controllers\Laporan.php on line 26.
 1 SYSTEMPATH\CodeIgniter.php(914): App\Controllers\Laporan->__construct()
 2 SYSTEMPATH\CodeIgniter.php(493): CodeIgniter\CodeIgniter->createController()
 3 SYSTEMPATH\CodeIgniter.php(361): CodeIgniter\CodeIgniter->handleRequest(null, Object(Config\Cache), false)
 4 FCPATH\index.php(79): CodeIgniter\CodeIgniter->run()
 5 SYSTEMPATH\Commands\Server\rewrite.php(47): require_once('C:\\Users\\LENOVO\\Videos\\PT. Beverly International\\public\\index.php')
INFO - 2024-07-10 09:36:50 --> Session: Class initialized using 'CodeIgniter\Session\Handlers\FileHandler' driver.
CRITICAL - 2024-07-10 09:36:50 --> Call to undefined method App\Models\PengajuanModel::laporanPengajuan
in SYSTEMPATH\Model.php on line 873.
 1 APPPATH\Controllers\Laporan.php(375): CodeIgniter\Model->__call('laporanPengajuan', [])
 2 SYSTEMPATH\CodeIgniter.php(942): App\Controllers\Laporan->laporan_pengajuan()
 3 SYSTEMPATH\CodeIgniter.php(502): CodeIgniter\CodeIgniter->runController(Object(App\Controllers\Laporan))
 4 SYSTEMPATH\CodeIgniter.php(361): CodeIgniter\CodeIgniter->handleRequest(null, Object(Config\Cache), false)
 5 FCPATH\index.php(79): CodeIgniter\CodeIgniter->run()
 6 SYSTEMPATH\Commands\Server\rewrite.php(47): require_once('C:\\Users\\LENOVO\\Videos\\PT. Beverly International\\public\\index.php')
INFO - 2024-07-10 09:36:52 --> Session: Class initialized using 'CodeIgniter\Session\Handlers\FileHandler' driver.
INFO - 2024-07-10 09:36:58 --> Session: Class initialized using 'CodeIgniter\Session\Handlers\FileHandler' driver.
WARNING - 2024-07-10 09:37:03 --> [DEPRECATED] Creation of dynamic property App\Controllers\Laporan::$stokModel is deprecated in APPPATH\Controllers\Laporan.php on line 26.
 1 SYSTEMPATH\CodeIgniter.php(914): App\Controllers\Laporan->__construct()
 2 SYSTEMPATH\CodeIgniter.php(493): CodeIgniter\CodeIgniter->createController()
 3 SYSTEMPATH\CodeIgniter.php(361): CodeIgniter\CodeIgniter->handleRequest(null, Object(Config\Cache), false)
 4 FCPATH\index.php(79): CodeIgniter\CodeIgniter->run()
 5 SYSTEMPATH\Commands\Server\rewrite.php(47): require_once('C:\\Users\\LENOVO\\Videos\\PT. Beverly International\\public\\index.php')
INFO - 2024-07-10 09:37:03 --> Session: Class initialized using 'CodeIgniter\Session\Handlers\FileHandler' driver.
CRITICAL - 2024-07-10 09:37:03 --> Call to undefined method App\Models\PengajuanModel::laporanPengajuan
in SYSTEMPATH\Model.php on line 873.
 1 APPPATH\Controllers\Laporan.php(375): CodeIgniter\Model->__call('laporanPengajuan', [])
 2 SYSTEMPATH\CodeIgniter.php(942): App\Controllers\Laporan->laporan_pengajuan()
 3 SYSTEMPATH\CodeIgniter.php(502): CodeIgniter\CodeIgniter->runController(Object(App\Controllers\Laporan))
 4 SYSTEMPATH\CodeIgniter.php(361): CodeIgniter\CodeIgniter->handleRequest(null, Object(Config\Cache), false)
 5 FCPATH\index.php(79): CodeIgniter\CodeIgniter->run()
 6 SYSTEMPATH\Commands\Server\rewrite.php(47): require_once('C:\\Users\\LENOVO\\Videos\\PT. Beverly International\\public\\index.php')
WARNING - 2024-07-10 09:40:26 --> [DEPRECATED] Creation of dynamic property App\Controllers\Laporan::$stokModel is deprecated in APPPATH\Controllers\Laporan.php on line 26.
 1 SYSTEMPATH\CodeIgniter.php(914): App\Controllers\Laporan->__construct()
 2 SYSTEMPATH\CodeIgniter.php(493): CodeIgniter\CodeIgniter->createController()
 3 SYSTEMPATH\CodeIgniter.php(361): CodeIgniter\CodeIgniter->handleRequest(null, Object(Config\Cache), false)
 4 FCPATH\index.php(79): CodeIgniter\CodeIgniter->run()
 5 SYSTEMPATH\Commands\Server\rewrite.php(47): require_once('C:\\Users\\LENOVO\\Videos\\PT. Beverly International\\public\\index.php')
INFO - 2024-07-10 09:40:26 --> Session: Class initialized using 'CodeIgniter\Session\Handlers\FileHandler' driver.
CRITICAL - 2024-07-10 09:40:26 --> Call to undefined method App\Models\PengajuanModel::laporanPengajuan
in SYSTEMPATH\Model.php on line 873.
 1 APPPATH\Controllers\Laporan.php(375): CodeIgniter\Model->__call('laporanPengajuan', [])
 2 SYSTEMPATH\CodeIgniter.php(942): App\Controllers\Laporan->laporan_pengajuan()
 3 SYSTEMPATH\CodeIgniter.php(502): CodeIgniter\CodeIgniter->runController(Object(App\Controllers\Laporan))
 4 SYSTEMPATH\CodeIgniter.php(361): CodeIgniter\CodeIgniter->handleRequest(null, Object(Config\Cache), false)
 5 FCPATH\index.php(79): CodeIgniter\CodeIgniter->run()
 6 SYSTEMPATH\Commands\Server\rewrite.php(47): require_once('C:\\Users\\LENOVO\\Videos\\PT. Beverly International\\public\\index.php')
WARNING - 2024-07-10 09:40:27 --> [DEPRECATED] Creation of dynamic property App\Controllers\Laporan::$stokModel is deprecated in APPPATH\Controllers\Laporan.php on line 26.
 1 SYSTEMPATH\CodeIgniter.php(914): App\Controllers\Laporan->__construct()
 2 SYSTEMPATH\CodeIgniter.php(493): CodeIgniter\CodeIgniter->createController()
 3 SYSTEMPATH\CodeIgniter.php(361): CodeIgniter\CodeIgniter->handleRequest(null, Object(Config\Cache), false)
 4 FCPATH\index.php(79): CodeIgniter\CodeIgniter->run()
 5 SYSTEMPATH\Commands\Server\rewrite.php(47): require_once('C:\\Users\\LENOVO\\Videos\\PT. Beverly International\\public\\index.php')
INFO - 2024-07-10 09:40:27 --> Session: Class initialized using 'CodeIgniter\Session\Handlers\FileHandler' driver.
CRITICAL - 2024-07-10 09:40:28 --> Call to undefined method App\Models\PengajuanModel::laporanPengajuan
in SYSTEMPATH\Model.php on line 873.
 1 APPPATH\Controllers\Laporan.php(375): CodeIgniter\Model->__call('laporanPengajuan', [])
 2 SYSTEMPATH\CodeIgniter.php(942): App\Controllers\Laporan->laporan_pengajuan()
 3 SYSTEMPATH\CodeIgniter.php(502): CodeIgniter\CodeIgniter->runController(Object(App\Controllers\Laporan))
 4 SYSTEMPATH\CodeIgniter.php(361): CodeIgniter\CodeIgniter->handleRequest(null, Object(Config\Cache), false)
 5 FCPATH\index.php(79): CodeIgniter\CodeIgniter->run()
 6 SYSTEMPATH\Commands\Server\rewrite.php(47): require_once('C:\\Users\\LENOVO\\Videos\\PT. Beverly International\\public\\index.php')
INFO - 2024-07-10 09:40:33 --> Session: Class initialized using 'CodeIgniter\Session\Handlers\FileHandler' driver.
WARNING - 2024-07-10 09:44:20 --> [DEPRECATED] Creation of dynamic property App\Controllers\Laporan::$stokModel is deprecated in APPPATH\Controllers\Laporan.php on line 26.
 1 SYSTEMPATH\CodeIgniter.php(914): App\Controllers\Laporan->__construct()
 2 SYSTEMPATH\CodeIgniter.php(493): CodeIgniter\CodeIgniter->createController()
 3 SYSTEMPATH\CodeIgniter.php(361): CodeIgniter\CodeIgniter->handleRequest(null, Object(Config\Cache), false)
 4 FCPATH\index.php(79): CodeIgniter\CodeIgniter->run()
 5 SYSTEMPATH\Commands\Server\rewrite.php(47): require_once('C:\\Users\\LENOVO\\Videos\\PT. Beverly International\\public\\index.php')
INFO - 2024-07-10 09:44:20 --> Session: Class initialized using 'CodeIgniter\Session\Handlers\FileHandler' driver.
WARNING - 2024-07-10 09:44:24 --> [DEPRECATED] Creation of dynamic property App\Controllers\Laporan::$stokModel is deprecated in APPPATH\Controllers\Laporan.php on line 26.
 1 SYSTEMPATH\CodeIgniter.php(914): App\Controllers\Laporan->__construct()
 2 SYSTEMPATH\CodeIgniter.php(493): CodeIgniter\CodeIgniter->createController()
 3 SYSTEMPATH\CodeIgniter.php(361): CodeIgniter\CodeIgniter->handleRequest(null, Object(Config\Cache), false)
 4 FCPATH\index.php(79): CodeIgniter\CodeIgniter->run()
 5 SYSTEMPATH\Commands\Server\rewrite.php(47): require_once('C:\\Users\\LENOVO\\Videos\\PT. Beverly International\\public\\index.php')
INFO - 2024-07-10 09:44:24 --> Session: Class initialized using 'CodeIgniter\Session\Handlers\FileHandler' driver.
CRITICAL - 2024-07-10 09:44:24 --> Call to undefined method App\Models\PengajuanModel::laporanPengajuan
in SYSTEMPATH\Model.php on line 873.
 1 APPPATH\Controllers\Laporan.php(375): CodeIgniter\Model->__call('laporanPengajuan', [])
 2 SYSTEMPATH\CodeIgniter.php(942): App\Controllers\Laporan->laporan_pengajuan()
 3 SYSTEMPATH\CodeIgniter.php(502): CodeIgniter\CodeIgniter->runController(Object(App\Controllers\Laporan))
 4 SYSTEMPATH\CodeIgniter.php(361): CodeIgniter\CodeIgniter->handleRequest(null, Object(Config\Cache), false)
 5 FCPATH\index.php(79): CodeIgniter\CodeIgniter->run()
 6 SYSTEMPATH\Commands\Server\rewrite.php(47): require_once('C:\\Users\\LENOVO\\Videos\\PT. Beverly International\\public\\index.php')
WARNING - 2024-07-10 10:07:52 --> [DEPRECATED] Creation of dynamic property App\Controllers\Laporan::$stokModel is deprecated in APPPATH\Controllers\Laporan.php on line 26.
 1 SYSTEMPATH\CodeIgniter.php(914): App\Controllers\Laporan->__construct()
 2 SYSTEMPATH\CodeIgniter.php(493): CodeIgniter\CodeIgniter->createController()
 3 SYSTEMPATH\CodeIgniter.php(361): CodeIgniter\CodeIgniter->handleRequest(null, Object(Config\Cache), false)
 4 FCPATH\index.php(79): CodeIgniter\CodeIgniter->run()
 5 SYSTEMPATH\Commands\Server\rewrite.php(47): require_once('C:\\Users\\LENOVO\\Videos\\PT. Beverly International\\public\\index.php')
INFO - 2024-07-10 10:07:52 --> Session: Class initialized using 'CodeIgniter\Session\Handlers\FileHandler' driver.
INFO - 2024-07-10 10:08:01 --> Session: Class initialized using 'CodeIgniter\Session\Handlers\FileHandler' driver.
WARNING - 2024-07-10 10:08:04 --> [DEPRECATED] Creation of dynamic property App\Controllers\Laporan::$stokModel is deprecated in APPPATH\Controllers\Laporan.php on line 26.
 1 SYSTEMPATH\CodeIgniter.php(914): App\Controllers\Laporan->__construct()
 2 SYSTEMPATH\CodeIgniter.php(493): CodeIgniter\CodeIgniter->createController()
 3 SYSTEMPATH\CodeIgniter.php(361): CodeIgniter\CodeIgniter->handleRequest(null, Object(Config\Cache), false)
 4 FCPATH\index.php(79): CodeIgniter\CodeIgniter->run()
 5 SYSTEMPATH\Commands\Server\rewrite.php(47): require_once('C:\\Users\\LENOVO\\Videos\\PT. Beverly International\\public\\index.php')
INFO - 2024-07-10 10:08:04 --> Session: Class initialized using 'CodeIgniter\Session\Handlers\FileHandler' driver.
WARNING - 2024-07-10 10:08:08 --> [DEPRECATED] Creation of dynamic property App\Controllers\Laporan::$stokModel is deprecated in APPPATH\Controllers\Laporan.php on line 26.
 1 SYSTEMPATH\CodeIgniter.php(914): App\Controllers\Laporan->__construct()
 2 SYSTEMPATH\CodeIgniter.php(493): CodeIgniter\CodeIgniter->createController()
 3 SYSTEMPATH\CodeIgniter.php(361): CodeIgniter\CodeIgniter->handleRequest(null, Object(Config\Cache), false)
 4 FCPATH\index.php(79): CodeIgniter\CodeIgniter->run()
 5 SYSTEMPATH\Commands\Server\rewrite.php(47): require_once('C:\\Users\\LENOVO\\Videos\\PT. Beverly International\\public\\index.php')
INFO - 2024-07-10 10:08:08 --> Session: Class initialized using 'CodeIgniter\Session\Handlers\FileHandler' driver.
WARNING - 2024-07-10 10:10:52 --> [DEPRECATED] Creation of dynamic property App\Controllers\Laporan::$stokModel is deprecated in APPPATH\Controllers\Laporan.php on line 26.
 1 SYSTEMPATH\CodeIgniter.php(914): App\Controllers\Laporan->__construct()
 2 SYSTEMPATH\CodeIgniter.php(493): CodeIgniter\CodeIgniter->createController()
 3 SYSTEMPATH\CodeIgniter.php(361): CodeIgniter\CodeIgniter->handleRequest(null, Object(Config\Cache), false)
 4 FCPATH\index.php(79): CodeIgniter\CodeIgniter->run()
 5 SYSTEMPATH\Commands\Server\rewrite.php(47): require_once('C:\\Users\\LENOVO\\Videos\\PT. Beverly International\\public\\index.php')
INFO - 2024-07-10 10:10:52 --> Session: Class initialized using 'CodeIgniter\Session\Handlers\FileHandler' driver.
WARNING - 2024-07-10 10:10:55 --> [DEPRECATED] Creation of dynamic property App\Controllers\Laporan::$stokModel is deprecated in APPPATH\Controllers\Laporan.php on line 26.
 1 SYSTEMPATH\CodeIgniter.php(914): App\Controllers\Laporan->__construct()
 2 SYSTEMPATH\CodeIgniter.php(493): CodeIgniter\CodeIgniter->createController()
 3 SYSTEMPATH\CodeIgniter.php(361): CodeIgniter\CodeIgniter->handleRequest(null, Object(Config\Cache), false)
 4 FCPATH\index.php(79): CodeIgniter\CodeIgniter->run()
 5 SYSTEMPATH\Commands\Server\rewrite.php(47): require_once('C:\\Users\\LENOVO\\Videos\\PT. Beverly International\\public\\index.php')
INFO - 2024-07-10 10:10:55 --> Session: Class initialized using 'CodeIgniter\Session\Handlers\FileHandler' driver.
CRITICAL - 2024-07-10 10:10:55 --> Undefined variable $produksi
in APPPATH\Views\laporan\produksi\cetakPengajuan.php on line 35.
 1 APPPATH\Views\laporan\produksi\cetakPengajuan.php(35): CodeIgniter\Debug\Exceptions->errorHandler(2, 'Undefined variable $produksi', 'C:\\Users\\LENOVO\\Videos\\PT. Beverly International\\app\\Views\\laporan\\produksi\\cetakPengajuan.php', 35)
 2 SYSTEMPATH\View\View.php(228): include('C:\\Users\\LENOVO\\Videos\\PT. Beverly International\\app\\Views\\laporan\\produksi\\cetakPengajuan.php')
 3 SYSTEMPATH\View\View.php(231): CodeIgniter\View\View->CodeIgniter\View\{closure}()
 4 SYSTEMPATH\Common.php(1190): CodeIgniter\View\View->render('laporan/produksi/cetakPengajuan', [], true)
 5 APPPATH\Controllers\Laporan.php(389): view('laporan/produksi/cetakPengajuan', [...])
 6 SYSTEMPATH\CodeIgniter.php(942): App\Controllers\Laporan->cetak_pengajuan()
 7 SYSTEMPATH\CodeIgniter.php(502): CodeIgniter\CodeIgniter->runController(Object(App\Controllers\Laporan))
 8 SYSTEMPATH\CodeIgniter.php(361): CodeIgniter\CodeIgniter->handleRequest(null, Object(Config\Cache), false)
 9 FCPATH\index.php(79): CodeIgniter\CodeIgniter->run()
10 SYSTEMPATH\Commands\Server\rewrite.php(47): require_once('C:\\Users\\LENOVO\\Videos\\PT. Beverly International\\public\\index.php')
WARNING - 2024-07-10 10:11:21 --> [DEPRECATED] Creation of dynamic property App\Controllers\Laporan::$stokModel is deprecated in APPPATH\Controllers\Laporan.php on line 26.
 1 SYSTEMPATH\CodeIgniter.php(914): App\Controllers\Laporan->__construct()
 2 SYSTEMPATH\CodeIgniter.php(493): CodeIgniter\CodeIgniter->createController()
 3 SYSTEMPATH\CodeIgniter.php(361): CodeIgniter\CodeIgniter->handleRequest(null, Object(Config\Cache), false)
 4 FCPATH\index.php(79): CodeIgniter\CodeIgniter->run()
 5 SYSTEMPATH\Commands\Server\rewrite.php(47): require_once('C:\\Users\\LENOVO\\Videos\\PT. Beverly International\\public\\index.php')
INFO - 2024-07-10 10:11:21 --> Session: Class initialized using 'CodeIgniter\Session\Handlers\FileHandler' driver.
WARNING - 2024-07-10 10:16:45 --> [DEPRECATED] Creation of dynamic property App\Controllers\Laporan::$stokModel is deprecated in APPPATH\Controllers\Laporan.php on line 26.
 1 SYSTEMPATH\CodeIgniter.php(914): App\Controllers\Laporan->__construct()
 2 SYSTEMPATH\CodeIgniter.php(493): CodeIgniter\CodeIgniter->createController()
 3 SYSTEMPATH\CodeIgniter.php(361): CodeIgniter\CodeIgniter->handleRequest(null, Object(Config\Cache), false)
 4 FCPATH\index.php(79): CodeIgniter\CodeIgniter->run()
 5 SYSTEMPATH\Commands\Server\rewrite.php(47): require_once('C:\\Users\\LENOVO\\Videos\\PT. Beverly International\\public\\index.php')
INFO - 2024-07-10 10:16:45 --> Session: Class initialized using 'CodeIgniter\Session\Handlers\FileHandler' driver.
INFO - 2024-07-10 10:16:51 --> Session: Class initialized using 'CodeIgniter\Session\Handlers\FileHandler' driver.
INFO - 2024-07-10 10:16:55 --> Session: Class initialized using 'CodeIgniter\Session\Handlers\FileHandler' driver.
INFO - 2024-07-10 10:17:26 --> Session: Class initialized using 'CodeIgniter\Session\Handlers\FileHandler' driver.
INFO - 2024-07-10 10:17:26 --> Session: Class initialized using 'CodeIgniter\Session\Handlers\FileHandler' driver.
INFO - 2024-07-10 10:17:55 --> Session: Class initialized using 'CodeIgniter\Session\Handlers\FileHandler' driver.
INFO - 2024-07-10 10:18:23 --> Session: Class initialized using 'CodeIgniter\Session\Handlers\FileHandler' driver.
INFO - 2024-07-10 10:18:42 --> Session: Class initialized using 'CodeIgniter\Session\Handlers\FileHandler' driver.
INFO - 2024-07-10 10:18:54 --> Session: Class initialized using 'CodeIgniter\Session\Handlers\FileHandler' driver.
INFO - 2024-07-10 10:19:19 --> Session: Class initialized using 'CodeIgniter\Session\Handlers\FileHandler' driver.
INFO - 2024-07-10 10:19:23 --> Session: Class initialized using 'CodeIgniter\Session\Handlers\FileHandler' driver.
INFO - 2024-07-10 10:19:26 --> Session: Class initialized using 'CodeIgniter\Session\Handlers\FileHandler' driver.
INFO - 2024-07-10 10:19:42 --> Session: Class initialized using 'CodeIgniter\Session\Handlers\FileHandler' driver.
INFO - 2024-07-10 10:19:43 --> Session: Class initialized using 'CodeIgniter\Session\Handlers\FileHandler' driver.
INFO - 2024-07-10 10:19:49 --> Session: Class initialized using 'CodeIgniter\Session\Handlers\FileHandler' driver.
INFO - 2024-07-10 10:19:58 --> Session: Class initialized using 'CodeIgniter\Session\Handlers\FileHandler' driver.
INFO - 2024-07-10 10:20:44 --> Session: Class initialized using 'CodeIgniter\Session\Handlers\FileHandler' driver.
INFO - 2024-07-10 10:21:27 --> Session: Class initialized using 'CodeIgniter\Session\Handlers\FileHandler' driver.
INFO - 2024-07-10 10:39:10 --> Session: Class initialized using 'CodeIgniter\Session\Handlers\FileHandler' driver.
WARNING - 2024-07-10 10:39:14 --> [DEPRECATED] Creation of dynamic property App\Controllers\Laporan::$stokModel is deprecated in APPPATH\Controllers\Laporan.php on line 27.
 1 SYSTEMPATH\CodeIgniter.php(914): App\Controllers\Laporan->__construct()
 2 SYSTEMPATH\CodeIgniter.php(493): CodeIgniter\CodeIgniter->createController()
 3 SYSTEMPATH\CodeIgniter.php(361): CodeIgniter\CodeIgniter->handleRequest(null, Object(Config\Cache), false)
 4 FCPATH\index.php(79): CodeIgniter\CodeIgniter->run()
 5 SYSTEMPATH\Commands\Server\rewrite.php(47): require_once('C:\\Users\\LENOVO\\Videos\\PT. Beverly International\\public\\index.php')
INFO - 2024-07-10 10:39:14 --> Session: Class initialized using 'CodeIgniter\Session\Handlers\FileHandler' driver.
CRITICAL - 2024-07-10 10:39:14 --> Call to undefined method App\Models\StokMasukModel::laporanMasuk
in SYSTEMPATH\Model.php on line 873.
 1 APPPATH\Controllers\Laporan.php(400): CodeIgniter\Model->__call('laporanMasuk', [])
 2 SYSTEMPATH\CodeIgniter.php(942): App\Controllers\Laporan->laporan_masuk()
 3 SYSTEMPATH\CodeIgniter.php(502): CodeIgniter\CodeIgniter->runController(Object(App\Controllers\Laporan))
 4 SYSTEMPATH\CodeIgniter.php(361): CodeIgniter\CodeIgniter->handleRequest(null, Object(Config\Cache), false)
 5 FCPATH\index.php(79): CodeIgniter\CodeIgniter->run()
 6 SYSTEMPATH\Commands\Server\rewrite.php(47): require_once('C:\\Users\\LENOVO\\Videos\\PT. Beverly International\\public\\index.php')
WARNING - 2024-07-10 10:40:27 --> [DEPRECATED] Creation of dynamic property App\Controllers\Laporan::$stokModel is deprecated in APPPATH\Controllers\Laporan.php on line 27.
 1 SYSTEMPATH\CodeIgniter.php(914): App\Controllers\Laporan->__construct()
 2 SYSTEMPATH\CodeIgniter.php(493): CodeIgniter\CodeIgniter->createController()
 3 SYSTEMPATH\CodeIgniter.php(361): CodeIgniter\CodeIgniter->handleRequest(null, Object(Config\Cache), false)
 4 FCPATH\index.php(79): CodeIgniter\CodeIgniter->run()
 5 SYSTEMPATH\Commands\Server\rewrite.php(47): require_once('C:\\Users\\LENOVO\\Videos\\PT. Beverly International\\public\\index.php')
INFO - 2024-07-10 10:40:27 --> Session: Class initialized using 'CodeIgniter\Session\Handlers\FileHandler' driver.
INFO - 2024-07-10 10:43:49 --> Session: Class initialized using 'CodeIgniter\Session\Handlers\FileHandler' driver.
INFO - 2024-07-10 10:55:29 --> Session: Class initialized using 'CodeIgniter\Session\Handlers\FileHandler' driver.
WARNING - 2024-07-10 10:55:37 --> [DEPRECATED] Creation of dynamic property App\Controllers\Laporan::$stokModel is deprecated in APPPATH\Controllers\Laporan.php on line 28.
 1 SYSTEMPATH\CodeIgniter.php(914): App\Controllers\Laporan->__construct()
 2 SYSTEMPATH\CodeIgniter.php(493): CodeIgniter\CodeIgniter->createController()
 3 SYSTEMPATH\CodeIgniter.php(361): CodeIgniter\CodeIgniter->handleRequest(null, Object(Config\Cache), false)
 4 FCPATH\index.php(79): CodeIgniter\CodeIgniter->run()
 5 SYSTEMPATH\Commands\Server\rewrite.php(47): require_once('C:\\Users\\LENOVO\\Videos\\PT. Beverly International\\public\\index.php')
INFO - 2024-07-10 10:55:38 --> Session: Class initialized using 'CodeIgniter\Session\Handlers\FileHandler' driver.
WARNING - 2024-07-10 10:55:40 --> [DEPRECATED] Creation of dynamic property App\Controllers\Laporan::$stokModel is deprecated in APPPATH\Controllers\Laporan.php on line 28.
 1 SYSTEMPATH\CodeIgniter.php(914): App\Controllers\Laporan->__construct()
 2 SYSTEMPATH\CodeIgniter.php(493): CodeIgniter\CodeIgniter->createController()
 3 SYSTEMPATH\CodeIgniter.php(361): CodeIgniter\CodeIgniter->handleRequest(null, Object(Config\Cache), false)
 4 FCPATH\index.php(79): CodeIgniter\CodeIgniter->run()
 5 SYSTEMPATH\Commands\Server\rewrite.php(47): require_once('C:\\Users\\LENOVO\\Videos\\PT. Beverly International\\public\\index.php')
INFO - 2024-07-10 10:55:40 --> Session: Class initialized using 'CodeIgniter\Session\Handlers\FileHandler' driver.
WARNING - 2024-07-10 10:57:23 --> [DEPRECATED] Creation of dynamic property App\Controllers\Laporan::$stokModel is deprecated in APPPATH\Controllers\Laporan.php on line 28.
 1 SYSTEMPATH\CodeIgniter.php(914): App\Controllers\Laporan->__construct()
 2 SYSTEMPATH\CodeIgniter.php(493): CodeIgniter\CodeIgniter->createController()
 3 SYSTEMPATH\CodeIgniter.php(361): CodeIgniter\CodeIgniter->handleRequest(null, Object(Config\Cache), false)
 4 FCPATH\index.php(79): CodeIgniter\CodeIgniter->run()
 5 SYSTEMPATH\Commands\Server\rewrite.php(47): require_once('C:\\Users\\LENOVO\\Videos\\PT. Beverly International\\public\\index.php')
INFO - 2024-07-10 10:57:23 --> Session: Class initialized using 'CodeIgniter\Session\Handlers\FileHandler' driver.
WARNING - 2024-07-10 10:57:26 --> [DEPRECATED] Creation of dynamic property App\Controllers\Laporan::$stokModel is deprecated in APPPATH\Controllers\Laporan.php on line 28.
 1 SYSTEMPATH\CodeIgniter.php(914): App\Controllers\Laporan->__construct()
 2 SYSTEMPATH\CodeIgniter.php(493): CodeIgniter\CodeIgniter->createController()
 3 SYSTEMPATH\CodeIgniter.php(361): CodeIgniter\CodeIgniter->handleRequest(null, Object(Config\Cache), false)
 4 FCPATH\index.php(79): CodeIgniter\CodeIgniter->run()
 5 SYSTEMPATH\Commands\Server\rewrite.php(47): require_once('C:\\Users\\LENOVO\\Videos\\PT. Beverly International\\public\\index.php')
INFO - 2024-07-10 10:57:26 --> Session: Class initialized using 'CodeIgniter\Session\Handlers\FileHandler' driver.
WARNING - 2024-07-10 10:57:29 --> [DEPRECATED] Creation of dynamic property App\Controllers\Laporan::$stokModel is deprecated in APPPATH\Controllers\Laporan.php on line 28.
 1 SYSTEMPATH\CodeIgniter.php(914): App\Controllers\Laporan->__construct()
 2 SYSTEMPATH\CodeIgniter.php(493): CodeIgniter\CodeIgniter->createController()
 3 SYSTEMPATH\CodeIgniter.php(361): CodeIgniter\CodeIgniter->handleRequest(null, Object(Config\Cache), false)
 4 FCPATH\index.php(79): CodeIgniter\CodeIgniter->run()
 5 SYSTEMPATH\Commands\Server\rewrite.php(47): require_once('C:\\Users\\LENOVO\\Videos\\PT. Beverly International\\public\\index.php')
INFO - 2024-07-10 10:57:29 --> Session: Class initialized using 'CodeIgniter\Session\Handlers\FileHandler' driver.
CRITICAL - 2024-07-10 10:57:29 --> Undefined variable $pengajuan
in APPPATH\Views\laporan\produksi\cetakMasuk.php on line 35.
 1 APPPATH\Views\laporan\produksi\cetakMasuk.php(35): CodeIgniter\Debug\Exceptions->errorHandler(2, 'Undefined variable $pengajuan', 'C:\\Users\\LENOVO\\Videos\\PT. Beverly International\\app\\Views\\laporan\\produksi\\cetakMasuk.php', 35)
 2 SYSTEMPATH\View\View.php(228): include('C:\\Users\\LENOVO\\Videos\\PT. Beverly International\\app\\Views\\laporan\\produksi\\cetakMasuk.php')
 3 SYSTEMPATH\View\View.php(231): CodeIgniter\View\View->CodeIgniter\View\{closure}()
 4 SYSTEMPATH\Common.php(1190): CodeIgniter\View\View->render('laporan/produksi/cetakMasuk', [], true)
 5 APPPATH\Controllers\Laporan.php(415): view('laporan/produksi/cetakMasuk', [...])
 6 SYSTEMPATH\CodeIgniter.php(942): App\Controllers\Laporan->cetak_masuk()
 7 SYSTEMPATH\CodeIgniter.php(502): CodeIgniter\CodeIgniter->runController(Object(App\Controllers\Laporan))
 8 SYSTEMPATH\CodeIgniter.php(361): CodeIgniter\CodeIgniter->handleRequest(null, Object(Config\Cache), false)
 9 FCPATH\index.php(79): CodeIgniter\CodeIgniter->run()
10 SYSTEMPATH\Commands\Server\rewrite.php(47): require_once('C:\\Users\\LENOVO\\Videos\\PT. Beverly International\\public\\index.php')
WARNING - 2024-07-10 10:58:27 --> [DEPRECATED] Creation of dynamic property App\Controllers\Laporan::$stokModel is deprecated in APPPATH\Controllers\Laporan.php on line 28.
 1 SYSTEMPATH\CodeIgniter.php(914): App\Controllers\Laporan->__construct()
 2 SYSTEMPATH\CodeIgniter.php(493): CodeIgniter\CodeIgniter->createController()
 3 SYSTEMPATH\CodeIgniter.php(361): CodeIgniter\CodeIgniter->handleRequest(null, Object(Config\Cache), false)
 4 FCPATH\index.php(79): CodeIgniter\CodeIgniter->run()
 5 SYSTEMPATH\Commands\Server\rewrite.php(47): require_once('C:\\Users\\LENOVO\\Videos\\PT. Beverly International\\public\\index.php')
INFO - 2024-07-10 10:58:27 --> Session: Class initialized using 'CodeIgniter\Session\Handlers\FileHandler' driver.
CRITICAL - 2024-07-10 10:58:27 --> Undefined array key "tanggal_pengajuan"
in APPPATH\Views\laporan\produksi\cetakMasuk.php on line 40.
 1 APPPATH\Views\laporan\produksi\cetakMasuk.php(40): CodeIgniter\Debug\Exceptions->errorHandler(2, 'Undefined array key "tanggal_pengajuan"', 'C:\\Users\\LENOVO\\Videos\\PT. Beverly International\\app\\Views\\laporan\\produksi\\cetakMasuk.php', 40)
 2 SYSTEMPATH\View\View.php(228): include('C:\\Users\\LENOVO\\Videos\\PT. Beverly International\\app\\Views\\laporan\\produksi\\cetakMasuk.php')
 3 SYSTEMPATH\View\View.php(231): CodeIgniter\View\View->CodeIgniter\View\{closure}()
 4 SYSTEMPATH\Common.php(1190): CodeIgniter\View\View->render('laporan/produksi/cetakMasuk', [], true)
 5 APPPATH\Controllers\Laporan.php(415): view('laporan/produksi/cetakMasuk', [...])
 6 SYSTEMPATH\CodeIgniter.php(942): App\Controllers\Laporan->cetak_masuk()
 7 SYSTEMPATH\CodeIgniter.php(502): CodeIgniter\CodeIgniter->runController(Object(App\Controllers\Laporan))
 8 SYSTEMPATH\CodeIgniter.php(361): CodeIgniter\CodeIgniter->handleRequest(null, Object(Config\Cache), false)
 9 FCPATH\index.php(79): CodeIgniter\CodeIgniter->run()
10 SYSTEMPATH\Commands\Server\rewrite.php(47): require_once('C:\\Users\\LENOVO\\Videos\\PT. Beverly International\\public\\index.php')
