INFO - 2024-06-19 01:05:33 --> Session: Class initialized using 'CodeIgniter\Session\Handlers\FileHandler' driver.
INFO - 2024-06-19 01:05:37 --> Session: Class initialized using 'CodeIgniter\Session\Handlers\FileHandler' driver.
INFO - 2024-06-19 01:06:06 --> Session: Class initialized using 'CodeIgniter\Session\Handlers\FileHandler' driver.
INFO - 2024-06-19 01:06:11 --> Session: Class initialized using 'CodeIgniter\Session\Handlers\FileHandler' driver.
INFO - 2024-06-19 01:06:22 --> Session: Class initialized using 'CodeIgniter\Session\Handlers\FileHandler' driver.
INFO - 2024-06-19 01:08:21 --> Session: Class initialized using 'CodeIgniter\Session\Handlers\FileHandler' driver.
INFO - 2024-06-19 01:08:41 --> Session: Class initialized using 'CodeIgniter\Session\Handlers\FileHandler' driver.
INFO - 2024-06-19 01:08:46 --> Session: Class initialized using 'CodeIgniter\Session\Handlers\FileHandler' driver.
WARNING - 2024-06-19 01:08:46 --> [DEPRECATED] Creation of dynamic property App\Controllers\Kategori::$KategoriModel is deprecated in APPPATH\Controllers\Kategori.php on line 17.
 1 SYSTEMPATH\CodeIgniter.php(942): App\Controllers\Kategori->index()
 2 SYSTEMPATH\CodeIgniter.php(502): CodeIgniter\CodeIgniter->runController(Object(App\Controllers\Kategori))
 3 SYSTEMPATH\CodeIgniter.php(361): CodeIgniter\CodeIgniter->handleRequest(null, Object(Config\Cache), false)
 4 FCPATH\index.php(79): CodeIgniter\CodeIgniter->run()
 5 SYSTEMPATH\Commands\Server\rewrite.php(47): require_once('C:\\xampp\\htdocs\\PT. Beverly International\\public\\index.php')
INFO - 2024-06-19 01:08:52 --> Session: Class initialized using 'CodeIgniter\Session\Handlers\FileHandler' driver.
INFO - 2024-06-19 01:10:31 --> Session: Class initialized using 'CodeIgniter\Session\Handlers\FileHandler' driver.
INFO - 2024-06-19 01:16:01 --> Session: Class initialized using 'CodeIgniter\Session\Handlers\FileHandler' driver.
INFO - 2024-06-19 01:16:07 --> Session: Class initialized using 'CodeIgniter\Session\Handlers\FileHandler' driver.
INFO - 2024-06-19 01:17:54 --> Session: Class initialized using 'CodeIgniter\Session\Handlers\FileHandler' driver.
INFO - 2024-06-19 01:18:18 --> Session: Class initialized using 'CodeIgniter\Session\Handlers\FileHandler' driver.
INFO - 2024-06-19 01:18:23 --> Session: Class initialized using 'CodeIgniter\Session\Handlers\FileHandler' driver.
INFO - 2024-06-19 01:19:08 --> Session: Class initialized using 'CodeIgniter\Session\Handlers\FileHandler' driver.
INFO - 2024-06-19 01:19:15 --> Session: Class initialized using 'CodeIgniter\Session\Handlers\FileHandler' driver.
INFO - 2024-06-19 01:20:18 --> Session: Class initialized using 'CodeIgniter\Session\Handlers\FileHandler' driver.
INFO - 2024-06-19 01:20:22 --> Session: Class initialized using 'CodeIgniter\Session\Handlers\FileHandler' driver.
INFO - 2024-06-19 01:20:23 --> Session: Class initialized using 'CodeIgniter\Session\Handlers\FileHandler' driver.
INFO - 2024-06-19 01:20:29 --> Session: Class initialized using 'CodeIgniter\Session\Handlers\FileHandler' driver.
INFO - 2024-06-19 01:27:43 --> Session: Class initialized using 'CodeIgniter\Session\Handlers\FileHandler' driver.
INFO - 2024-06-19 01:34:39 --> Session: Class initialized using 'CodeIgniter\Session\Handlers\FileHandler' driver.
INFO - 2024-06-19 01:34:44 --> Session: Class initialized using 'CodeIgniter\Session\Handlers\FileHandler' driver.
INFO - 2024-06-19 01:36:16 --> Session: Class initialized using 'CodeIgniter\Session\Handlers\FileHandler' driver.
INFO - 2024-06-19 01:36:22 --> Session: Class initialized using 'CodeIgniter\Session\Handlers\FileHandler' driver.
INFO - 2024-06-19 01:37:24 --> Session: Class initialized using 'CodeIgniter\Session\Handlers\FileHandler' driver.
INFO - 2024-06-19 01:37:44 --> Session: Class initialized using 'CodeIgniter\Session\Handlers\FileHandler' driver.
INFO - 2024-06-19 01:37:48 --> Session: Class initialized using 'CodeIgniter\Session\Handlers\FileHandler' driver.
INFO - 2024-06-19 01:37:48 --> Session: Class initialized using 'CodeIgniter\Session\Handlers\FileHandler' driver.
INFO - 2024-06-19 01:39:27 --> Session: Class initialized using 'CodeIgniter\Session\Handlers\FileHandler' driver.
INFO - 2024-06-19 01:39:54 --> Session: Class initialized using 'CodeIgniter\Session\Handlers\FileHandler' driver.
INFO - 2024-06-19 01:42:10 --> Session: Class initialized using 'CodeIgniter\Session\Handlers\FileHandler' driver.
INFO - 2024-06-19 01:42:48 --> Session: Class initialized using 'CodeIgniter\Session\Handlers\FileHandler' driver.
INFO - 2024-06-19 01:42:49 --> Session: Class initialized using 'CodeIgniter\Session\Handlers\FileHandler' driver.
INFO - 2024-06-19 01:42:55 --> Session: Class initialized using 'CodeIgniter\Session\Handlers\FileHandler' driver.
INFO - 2024-06-19 01:42:55 --> Session: Class initialized using 'CodeIgniter\Session\Handlers\FileHandler' driver.
INFO - 2024-06-19 01:43:05 --> Session: Class initialized using 'CodeIgniter\Session\Handlers\FileHandler' driver.
INFO - 2024-06-19 01:43:06 --> Session: Class initialized using 'CodeIgniter\Session\Handlers\FileHandler' driver.
INFO - 2024-06-19 01:43:19 --> Session: Class initialized using 'CodeIgniter\Session\Handlers\FileHandler' driver.
INFO - 2024-06-19 02:05:55 --> Session: Class initialized using 'CodeIgniter\Session\Handlers\FileHandler' driver.
INFO - 2024-06-19 02:13:01 --> Session: Class initialized using 'CodeIgniter\Session\Handlers\FileHandler' driver.
INFO - 2024-06-19 02:18:02 --> Session: Class initialized using 'CodeIgniter\Session\Handlers\FileHandler' driver.
INFO - 2024-06-19 02:24:09 --> Session: Class initialized using 'CodeIgniter\Session\Handlers\FileHandler' driver.
CRITICAL - 2024-06-19 02:24:13 --> Undefined variable $modalAwal
in APPPATH\Views\modal_awal.php on line 28.
 1 APPPATH\Views\modal_awal.php(28): CodeIgniter\Debug\Exceptions->errorHandler(2, 'Undefined variable $modalAwal', 'C:\\xampp\\htdocs\\PT. Beverly International\\app\\Views\\modal_awal.php', 28)
 2 SYSTEMPATH\View\View.php(228): include('C:\\xampp\\htdocs\\PT. Beverly International\\app\\Views\\modal_awal.php')
 3 SYSTEMPATH\View\View.php(231): CodeIgniter\View\View->CodeIgniter\View\{closure}()
 4 SYSTEMPATH\Common.php(1190): CodeIgniter\View\View->render('modal_awal', [], true)
 5 APPPATH\Controllers\Home.php(122): view('modal_awal')
 6 SYSTEMPATH\CodeIgniter.php(942): App\Controllers\Home->modal()
 7 SYSTEMPATH\CodeIgniter.php(502): CodeIgniter\CodeIgniter->runController(Object(App\Controllers\Home))
 8 SYSTEMPATH\CodeIgniter.php(361): CodeIgniter\CodeIgniter->handleRequest(null, Object(Config\Cache), false)
 9 FCPATH\index.php(79): CodeIgniter\CodeIgniter->run()
10 SYSTEMPATH\Commands\Server\rewrite.php(47): require_once('C:\\xampp\\htdocs\\PT. Beverly International\\public\\index.php')
CRITICAL - 2024-06-19 02:26:06 --> Undefined variable $keuangan
in APPPATH\Views\modal_awal.php on line 28.
 1 APPPATH\Views\modal_awal.php(28): CodeIgniter\Debug\Exceptions->errorHandler(2, 'Undefined variable $keuangan', 'C:\\xampp\\htdocs\\PT. Beverly International\\app\\Views\\modal_awal.php', 28)
 2 SYSTEMPATH\View\View.php(228): include('C:\\xampp\\htdocs\\PT. Beverly International\\app\\Views\\modal_awal.php')
 3 SYSTEMPATH\View\View.php(231): CodeIgniter\View\View->CodeIgniter\View\{closure}()
 4 SYSTEMPATH\Common.php(1190): CodeIgniter\View\View->render('modal_awal', [], true)
 5 APPPATH\Controllers\Home.php(122): view('modal_awal')
 6 SYSTEMPATH\CodeIgniter.php(942): App\Controllers\Home->modal()
 7 SYSTEMPATH\CodeIgniter.php(502): CodeIgniter\CodeIgniter->runController(Object(App\Controllers\Home))
 8 SYSTEMPATH\CodeIgniter.php(361): CodeIgniter\CodeIgniter->handleRequest(null, Object(Config\Cache), false)
 9 FCPATH\index.php(79): CodeIgniter\CodeIgniter->run()
10 SYSTEMPATH\Commands\Server\rewrite.php(47): require_once('C:\\xampp\\htdocs\\PT. Beverly International\\public\\index.php')
CRITICAL - 2024-06-19 02:26:21 --> Undefined variable $modal_awal
in APPPATH\Views\modal_awal.php on line 28.
 1 APPPATH\Views\modal_awal.php(28): CodeIgniter\Debug\Exceptions->errorHandler(2, 'Undefined variable $modal_awal', 'C:\\xampp\\htdocs\\PT. Beverly International\\app\\Views\\modal_awal.php', 28)
 2 SYSTEMPATH\View\View.php(228): include('C:\\xampp\\htdocs\\PT. Beverly International\\app\\Views\\modal_awal.php')
 3 SYSTEMPATH\View\View.php(231): CodeIgniter\View\View->CodeIgniter\View\{closure}()
 4 SYSTEMPATH\Common.php(1190): CodeIgniter\View\View->render('modal_awal', [], true)
 5 APPPATH\Controllers\Home.php(122): view('modal_awal')
 6 SYSTEMPATH\CodeIgniter.php(942): App\Controllers\Home->modal()
 7 SYSTEMPATH\CodeIgniter.php(502): CodeIgniter\CodeIgniter->runController(Object(App\Controllers\Home))
 8 SYSTEMPATH\CodeIgniter.php(361): CodeIgniter\CodeIgniter->handleRequest(null, Object(Config\Cache), false)
 9 FCPATH\index.php(79): CodeIgniter\CodeIgniter->run()
10 SYSTEMPATH\Commands\Server\rewrite.php(47): require_once('C:\\xampp\\htdocs\\PT. Beverly International\\public\\index.php')
CRITICAL - 2024-06-19 02:30:09 --> Undefined variable $modal_awal
in APPPATH\Views\modal_awal.php on line 28.
 1 APPPATH\Views\modal_awal.php(28): CodeIgniter\Debug\Exceptions->errorHandler(2, 'Undefined variable $modal_awal', 'C:\\xampp\\htdocs\\PT. Beverly International\\app\\Views\\modal_awal.php', 28)
 2 SYSTEMPATH\View\View.php(228): include('C:\\xampp\\htdocs\\PT. Beverly International\\app\\Views\\modal_awal.php')
 3 SYSTEMPATH\View\View.php(231): CodeIgniter\View\View->CodeIgniter\View\{closure}()
 4 SYSTEMPATH\Common.php(1190): CodeIgniter\View\View->render('modal_awal', [], true)
 5 APPPATH\Controllers\Home.php(122): view('modal_awal')
 6 SYSTEMPATH\CodeIgniter.php(942): App\Controllers\Home->modal()
 7 SYSTEMPATH\CodeIgniter.php(502): CodeIgniter\CodeIgniter->runController(Object(App\Controllers\Home))
 8 SYSTEMPATH\CodeIgniter.php(361): CodeIgniter\CodeIgniter->handleRequest(null, Object(Config\Cache), false)
 9 FCPATH\index.php(79): CodeIgniter\CodeIgniter->run()
10 SYSTEMPATH\Commands\Server\rewrite.php(47): require_once('C:\\xampp\\htdocs\\PT. Beverly International\\public\\index.php')
INFO - 2024-06-19 02:30:12 --> Session: Class initialized using 'CodeIgniter\Session\Handlers\FileHandler' driver.
CRITICAL - 2024-06-19 02:30:15 --> Undefined variable $modal_awal
in APPPATH\Views\modal_awal.php on line 28.
 1 APPPATH\Views\modal_awal.php(28): CodeIgniter\Debug\Exceptions->errorHandler(2, 'Undefined variable $modal_awal', 'C:\\xampp\\htdocs\\PT. Beverly International\\app\\Views\\modal_awal.php', 28)
 2 SYSTEMPATH\View\View.php(228): include('C:\\xampp\\htdocs\\PT. Beverly International\\app\\Views\\modal_awal.php')
 3 SYSTEMPATH\View\View.php(231): CodeIgniter\View\View->CodeIgniter\View\{closure}()
 4 SYSTEMPATH\Common.php(1190): CodeIgniter\View\View->render('modal_awal', [], true)
 5 APPPATH\Controllers\Home.php(122): view('modal_awal')
 6 SYSTEMPATH\CodeIgniter.php(942): App\Controllers\Home->modal()
 7 SYSTEMPATH\CodeIgniter.php(502): CodeIgniter\CodeIgniter->runController(Object(App\Controllers\Home))
 8 SYSTEMPATH\CodeIgniter.php(361): CodeIgniter\CodeIgniter->handleRequest(null, Object(Config\Cache), false)
 9 FCPATH\index.php(79): CodeIgniter\CodeIgniter->run()
10 SYSTEMPATH\Commands\Server\rewrite.php(47): require_once('C:\\xampp\\htdocs\\PT. Beverly International\\public\\index.php')
INFO - 2024-06-19 02:31:32 --> Session: Class initialized using 'CodeIgniter\Session\Handlers\FileHandler' driver.
INFO - 2024-06-19 02:31:41 --> Session: Class initialized using 'CodeIgniter\Session\Handlers\FileHandler' driver.
INFO - 2024-06-19 02:31:49 --> Session: Class initialized using 'CodeIgniter\Session\Handlers\FileHandler' driver.
INFO - 2024-06-19 02:31:53 --> Session: Class initialized using 'CodeIgniter\Session\Handlers\FileHandler' driver.
INFO - 2024-06-19 02:31:57 --> Session: Class initialized using 'CodeIgniter\Session\Handlers\FileHandler' driver.
INFO - 2024-06-19 02:32:01 --> Session: Class initialized using 'CodeIgniter\Session\Handlers\FileHandler' driver.
INFO - 2024-06-19 02:32:06 --> Session: Class initialized using 'CodeIgniter\Session\Handlers\FileHandler' driver.
INFO - 2024-06-19 02:32:06 --> Session: Class initialized using 'CodeIgniter\Session\Handlers\FileHandler' driver.
INFO - 2024-06-19 02:33:47 --> Session: Class initialized using 'CodeIgniter\Session\Handlers\FileHandler' driver.
CRITICAL - 2024-06-19 02:33:49 --> Undefined variable $model
in APPPATH\Views\modal_awal.php on line 28.
 1 APPPATH\Views\modal_awal.php(28): CodeIgniter\Debug\Exceptions->errorHandler(2, 'Undefined variable $model', 'C:\\xampp\\htdocs\\PT. Beverly International\\app\\Views\\modal_awal.php', 28)
 2 SYSTEMPATH\View\View.php(228): include('C:\\xampp\\htdocs\\PT. Beverly International\\app\\Views\\modal_awal.php')
 3 SYSTEMPATH\View\View.php(231): CodeIgniter\View\View->CodeIgniter\View\{closure}()
 4 SYSTEMPATH\Common.php(1190): CodeIgniter\View\View->render('modal_awal', [], true)
 5 APPPATH\Controllers\Home.php(122): view('modal_awal')
 6 SYSTEMPATH\CodeIgniter.php(942): App\Controllers\Home->modal()
 7 SYSTEMPATH\CodeIgniter.php(502): CodeIgniter\CodeIgniter->runController(Object(App\Controllers\Home))
 8 SYSTEMPATH\CodeIgniter.php(361): CodeIgniter\CodeIgniter->handleRequest(null, Object(Config\Cache), false)
 9 FCPATH\index.php(79): CodeIgniter\CodeIgniter->run()
10 SYSTEMPATH\Commands\Server\rewrite.php(47): require_once('C:\\xampp\\htdocs\\PT. Beverly International\\public\\index.php')
CRITICAL - 2024-06-19 02:35:35 --> Undefined variable $keuangan
in APPPATH\Views\modal_awal.php on line 28.
 1 APPPATH\Views\modal_awal.php(28): CodeIgniter\Debug\Exceptions->errorHandler(2, 'Undefined variable $keuangan', 'C:\\xampp\\htdocs\\PT. Beverly International\\app\\Views\\modal_awal.php', 28)
 2 SYSTEMPATH\View\View.php(228): include('C:\\xampp\\htdocs\\PT. Beverly International\\app\\Views\\modal_awal.php')
 3 SYSTEMPATH\View\View.php(231): CodeIgniter\View\View->CodeIgniter\View\{closure}()
 4 SYSTEMPATH\Common.php(1190): CodeIgniter\View\View->render('modal_awal', [], true)
 5 APPPATH\Controllers\Home.php(122): view('modal_awal')
 6 SYSTEMPATH\CodeIgniter.php(942): App\Controllers\Home->modal()
 7 SYSTEMPATH\CodeIgniter.php(502): CodeIgniter\CodeIgniter->runController(Object(App\Controllers\Home))
 8 SYSTEMPATH\CodeIgniter.php(361): CodeIgniter\CodeIgniter->handleRequest(null, Object(Config\Cache), false)
 9 FCPATH\index.php(79): CodeIgniter\CodeIgniter->run()
10 SYSTEMPATH\Commands\Server\rewrite.php(47): require_once('C:\\xampp\\htdocs\\PT. Beverly International\\public\\index.php')
CRITICAL - 2024-06-19 02:49:41 --> Undefined variable $modal_awal
in APPPATH\Views\modal_awal.php on line 30.
 1 APPPATH\Views\modal_awal.php(30): CodeIgniter\Debug\Exceptions->errorHandler(2, 'Undefined variable $modal_awal', 'C:\\xampp\\htdocs\\PT. Beverly International\\app\\Views\\modal_awal.php', 30)
 2 SYSTEMPATH\View\View.php(228): include('C:\\xampp\\htdocs\\PT. Beverly International\\app\\Views\\modal_awal.php')
 3 SYSTEMPATH\View\View.php(231): CodeIgniter\View\View->CodeIgniter\View\{closure}()
 4 SYSTEMPATH\Common.php(1190): CodeIgniter\View\View->render('modal_awal', [], true)
 5 APPPATH\Controllers\Home.php(122): view('modal_awal')
 6 SYSTEMPATH\CodeIgniter.php(942): App\Controllers\Home->modal()
 7 SYSTEMPATH\CodeIgniter.php(502): CodeIgniter\CodeIgniter->runController(Object(App\Controllers\Home))
 8 SYSTEMPATH\CodeIgniter.php(361): CodeIgniter\CodeIgniter->handleRequest(null, Object(Config\Cache), false)
 9 FCPATH\index.php(79): CodeIgniter\CodeIgniter->run()
10 SYSTEMPATH\Commands\Server\rewrite.php(47): require_once('C:\\xampp\\htdocs\\PT. Beverly International\\public\\index.php')
CRITICAL - 2024-06-19 02:53:52 --> Undefined variable $modal_awal
in APPPATH\Views\modal_awal.php on line 30.
 1 APPPATH\Views\modal_awal.php(30): CodeIgniter\Debug\Exceptions->errorHandler(2, 'Undefined variable $modal_awal', 'C:\\xampp\\htdocs\\PT. Beverly International\\app\\Views\\modal_awal.php', 30)
 2 SYSTEMPATH\View\View.php(228): include('C:\\xampp\\htdocs\\PT. Beverly International\\app\\Views\\modal_awal.php')
 3 SYSTEMPATH\View\View.php(231): CodeIgniter\View\View->CodeIgniter\View\{closure}()
 4 SYSTEMPATH\Common.php(1190): CodeIgniter\View\View->render('modal_awal', [], true)
 5 APPPATH\Controllers\Home.php(122): view('modal_awal')
 6 SYSTEMPATH\CodeIgniter.php(942): App\Controllers\Home->modal()
 7 SYSTEMPATH\CodeIgniter.php(502): CodeIgniter\CodeIgniter->runController(Object(App\Controllers\Home))
 8 SYSTEMPATH\CodeIgniter.php(361): CodeIgniter\CodeIgniter->handleRequest(null, Object(Config\Cache), false)
 9 FCPATH\index.php(79): CodeIgniter\CodeIgniter->run()
10 SYSTEMPATH\Commands\Server\rewrite.php(47): require_once('C:\\xampp\\htdocs\\PT. Beverly International\\public\\index.php')
CRITICAL - 2024-06-19 02:55:06 --> Undefined variable $modal_awal
in APPPATH\Views\modal_awal.php on line 30.
 1 APPPATH\Views\modal_awal.php(30): CodeIgniter\Debug\Exceptions->errorHandler(2, 'Undefined variable $modal_awal', 'C:\\xampp\\htdocs\\PT. Beverly International\\app\\Views\\modal_awal.php', 30)
 2 SYSTEMPATH\View\View.php(228): include('C:\\xampp\\htdocs\\PT. Beverly International\\app\\Views\\modal_awal.php')
 3 SYSTEMPATH\View\View.php(231): CodeIgniter\View\View->CodeIgniter\View\{closure}()
 4 SYSTEMPATH\Common.php(1190): CodeIgniter\View\View->render('modal_awal', [], true)
 5 APPPATH\Controllers\Home.php(122): view('modal_awal')
 6 SYSTEMPATH\CodeIgniter.php(942): App\Controllers\Home->modal()
 7 SYSTEMPATH\CodeIgniter.php(502): CodeIgniter\CodeIgniter->runController(Object(App\Controllers\Home))
 8 SYSTEMPATH\CodeIgniter.php(361): CodeIgniter\CodeIgniter->handleRequest(null, Object(Config\Cache), false)
 9 FCPATH\index.php(79): CodeIgniter\CodeIgniter->run()
10 SYSTEMPATH\Commands\Server\rewrite.php(47): require_once('C:\\xampp\\htdocs\\PT. Beverly International\\public\\index.php')
CRITICAL - 2024-06-19 02:57:06 --> Undefined variable $modal_awal
in APPPATH\Views\modal_awal.php on line 25.
 1 APPPATH\Views\modal_awal.php(25): CodeIgniter\Debug\Exceptions->errorHandler(2, 'Undefined variable $modal_awal', 'C:\\xampp\\htdocs\\PT. Beverly International\\app\\Views\\modal_awal.php', 25)
 2 SYSTEMPATH\View\View.php(228): include('C:\\xampp\\htdocs\\PT. Beverly International\\app\\Views\\modal_awal.php')
 3 SYSTEMPATH\View\View.php(231): CodeIgniter\View\View->CodeIgniter\View\{closure}()
 4 SYSTEMPATH\Common.php(1190): CodeIgniter\View\View->render('modal_awal', [], true)
 5 APPPATH\Controllers\Home.php(122): view('modal_awal')
 6 SYSTEMPATH\CodeIgniter.php(942): App\Controllers\Home->modal()
 7 SYSTEMPATH\CodeIgniter.php(502): CodeIgniter\CodeIgniter->runController(Object(App\Controllers\Home))
 8 SYSTEMPATH\CodeIgniter.php(361): CodeIgniter\CodeIgniter->handleRequest(null, Object(Config\Cache), false)
 9 FCPATH\index.php(79): CodeIgniter\CodeIgniter->run()
10 SYSTEMPATH\Commands\Server\rewrite.php(47): require_once('C:\\xampp\\htdocs\\PT. Beverly International\\public\\index.php')
CRITICAL - 2024-06-19 03:03:02 --> Undefined variable $modal_awal
in APPPATH\Views\modal_awal.php on line 25.
 1 APPPATH\Views\modal_awal.php(25): CodeIgniter\Debug\Exceptions->errorHandler(2, 'Undefined variable $modal_awal', 'C:\\xampp\\htdocs\\PT. Beverly International\\app\\Views\\modal_awal.php', 25)
 2 SYSTEMPATH\View\View.php(228): include('C:\\xampp\\htdocs\\PT. Beverly International\\app\\Views\\modal_awal.php')
 3 SYSTEMPATH\View\View.php(231): CodeIgniter\View\View->CodeIgniter\View\{closure}()
 4 SYSTEMPATH\Common.php(1190): CodeIgniter\View\View->render('modal_awal', [], true)
 5 APPPATH\Controllers\Home.php(123): view('modal_awal')
 6 SYSTEMPATH\CodeIgniter.php(942): App\Controllers\Home->modal()
 7 SYSTEMPATH\CodeIgniter.php(502): CodeIgniter\CodeIgniter->runController(Object(App\Controllers\Home))
 8 SYSTEMPATH\CodeIgniter.php(361): CodeIgniter\CodeIgniter->handleRequest(null, Object(Config\Cache), false)
 9 FCPATH\index.php(79): CodeIgniter\CodeIgniter->run()
10 SYSTEMPATH\Commands\Server\rewrite.php(47): require_once('C:\\xampp\\htdocs\\PT. Beverly International\\public\\index.php')
INFO - 2024-06-19 03:03:04 --> Session: Class initialized using 'CodeIgniter\Session\Handlers\FileHandler' driver.
CRITICAL - 2024-06-19 03:03:04 --> You must set the database table to be used with your query.
in SYSTEMPATH\Database\BaseConnection.php on line 884.
 1 SYSTEMPATH\Model.php(635): CodeIgniter\Database\BaseConnection->table(null)
 2 SYSTEMPATH\Model.php(863): CodeIgniter\Model->builder()
 3 APPPATH\Controllers\Home.php(29): CodeIgniter\Model->__call('select', [...])
 4 SYSTEMPATH\CodeIgniter.php(942): App\Controllers\Home->dashboard()
 5 SYSTEMPATH\CodeIgniter.php(502): CodeIgniter\CodeIgniter->runController(Object(App\Controllers\Home))
 6 SYSTEMPATH\CodeIgniter.php(361): CodeIgniter\CodeIgniter->handleRequest(null, Object(Config\Cache), false)
 7 FCPATH\index.php(79): CodeIgniter\CodeIgniter->run()
 8 SYSTEMPATH\Commands\Server\rewrite.php(47): require_once('C:\\xampp\\htdocs\\PT. Beverly International\\public\\index.php')
INFO - 2024-06-19 03:03:41 --> Session: Class initialized using 'CodeIgniter\Session\Handlers\FileHandler' driver.
CRITICAL - 2024-06-19 03:03:41 --> You must set the database table to be used with your query.
in SYSTEMPATH\Database\BaseConnection.php on line 884.
 1 SYSTEMPATH\Model.php(635): CodeIgniter\Database\BaseConnection->table(null)
 2 SYSTEMPATH\Model.php(863): CodeIgniter\Model->builder()
 3 APPPATH\Controllers\Home.php(29): CodeIgniter\Model->__call('select', [...])
 4 SYSTEMPATH\CodeIgniter.php(942): App\Controllers\Home->dashboard()
 5 SYSTEMPATH\CodeIgniter.php(502): CodeIgniter\CodeIgniter->runController(Object(App\Controllers\Home))
 6 SYSTEMPATH\CodeIgniter.php(361): CodeIgniter\CodeIgniter->handleRequest(null, Object(Config\Cache), false)
 7 FCPATH\index.php(79): CodeIgniter\CodeIgniter->run()
 8 SYSTEMPATH\Commands\Server\rewrite.php(47): require_once('C:\\xampp\\htdocs\\PT. Beverly International\\public\\index.php')
INFO - 2024-06-19 03:03:42 --> Session: Class initialized using 'CodeIgniter\Session\Handlers\FileHandler' driver.
CRITICAL - 2024-06-19 03:03:42 --> You must set the database table to be used with your query.
in SYSTEMPATH\Database\BaseConnection.php on line 884.
 1 SYSTEMPATH\Model.php(635): CodeIgniter\Database\BaseConnection->table(null)
 2 SYSTEMPATH\Model.php(863): CodeIgniter\Model->builder()
 3 APPPATH\Controllers\Home.php(29): CodeIgniter\Model->__call('select', [...])
 4 SYSTEMPATH\CodeIgniter.php(942): App\Controllers\Home->dashboard()
 5 SYSTEMPATH\CodeIgniter.php(502): CodeIgniter\CodeIgniter->runController(Object(App\Controllers\Home))
 6 SYSTEMPATH\CodeIgniter.php(361): CodeIgniter\CodeIgniter->handleRequest(null, Object(Config\Cache), false)
 7 FCPATH\index.php(79): CodeIgniter\CodeIgniter->run()
 8 SYSTEMPATH\Commands\Server\rewrite.php(47): require_once('C:\\xampp\\htdocs\\PT. Beverly International\\public\\index.php')
INFO - 2024-06-19 03:03:44 --> Session: Class initialized using 'CodeIgniter\Session\Handlers\FileHandler' driver.
INFO - 2024-06-19 03:03:46 --> Session: Class initialized using 'CodeIgniter\Session\Handlers\FileHandler' driver.
CRITICAL - 2024-06-19 03:03:46 --> You must set the database table to be used with your query.
in SYSTEMPATH\Database\BaseConnection.php on line 884.
 1 SYSTEMPATH\Model.php(635): CodeIgniter\Database\BaseConnection->table(null)
 2 SYSTEMPATH\Model.php(863): CodeIgniter\Model->builder()
 3 APPPATH\Controllers\Home.php(29): CodeIgniter\Model->__call('select', [...])
 4 SYSTEMPATH\CodeIgniter.php(942): App\Controllers\Home->dashboard()
 5 SYSTEMPATH\CodeIgniter.php(502): CodeIgniter\CodeIgniter->runController(Object(App\Controllers\Home))
 6 SYSTEMPATH\CodeIgniter.php(361): CodeIgniter\CodeIgniter->handleRequest(null, Object(Config\Cache), false)
 7 FCPATH\index.php(79): CodeIgniter\CodeIgniter->run()
 8 SYSTEMPATH\Commands\Server\rewrite.php(47): require_once('C:\\xampp\\htdocs\\PT. Beverly International\\public\\index.php')
INFO - 2024-06-19 03:04:55 --> Session: Class initialized using 'CodeIgniter\Session\Handlers\FileHandler' driver.
CRITICAL - 2024-06-19 03:04:55 --> You must set the database table to be used with your query.
in SYSTEMPATH\Database\BaseConnection.php on line 884.
 1 SYSTEMPATH\Model.php(635): CodeIgniter\Database\BaseConnection->table(null)
 2 SYSTEMPATH\Model.php(863): CodeIgniter\Model->builder()
 3 APPPATH\Models\KeuanganModel.php(11): CodeIgniter\Model->__call('orderBy', [...])
 4 APPPATH\Controllers\Home.php(30): App\Models\KeuanganModel->getLatestModalAwal()
 5 SYSTEMPATH\CodeIgniter.php(942): App\Controllers\Home->dashboard()
 6 SYSTEMPATH\CodeIgniter.php(502): CodeIgniter\CodeIgniter->runController(Object(App\Controllers\Home))
 7 SYSTEMPATH\CodeIgniter.php(361): CodeIgniter\CodeIgniter->handleRequest(null, Object(Config\Cache), false)
 8 FCPATH\index.php(79): CodeIgniter\CodeIgniter->run()
 9 SYSTEMPATH\Commands\Server\rewrite.php(47): require_once('C:\\xampp\\htdocs\\PT. Beverly International\\public\\index.php')
INFO - 2024-06-19 03:04:57 --> Session: Class initialized using 'CodeIgniter\Session\Handlers\FileHandler' driver.
INFO - 2024-06-19 03:04:59 --> Session: Class initialized using 'CodeIgniter\Session\Handlers\FileHandler' driver.
CRITICAL - 2024-06-19 03:04:59 --> You must set the database table to be used with your query.
in SYSTEMPATH\Database\BaseConnection.php on line 884.
 1 SYSTEMPATH\Model.php(635): CodeIgniter\Database\BaseConnection->table(null)
 2 SYSTEMPATH\Model.php(863): CodeIgniter\Model->builder()
 3 APPPATH\Models\KeuanganModel.php(11): CodeIgniter\Model->__call('orderBy', [...])
 4 APPPATH\Controllers\Home.php(30): App\Models\KeuanganModel->getLatestModalAwal()
 5 SYSTEMPATH\CodeIgniter.php(942): App\Controllers\Home->dashboard()
 6 SYSTEMPATH\CodeIgniter.php(502): CodeIgniter\CodeIgniter->runController(Object(App\Controllers\Home))
 7 SYSTEMPATH\CodeIgniter.php(361): CodeIgniter\CodeIgniter->handleRequest(null, Object(Config\Cache), false)
 8 FCPATH\index.php(79): CodeIgniter\CodeIgniter->run()
 9 SYSTEMPATH\Commands\Server\rewrite.php(47): require_once('C:\\xampp\\htdocs\\PT. Beverly International\\public\\index.php')
INFO - 2024-06-19 03:06:39 --> Session: Class initialized using 'CodeIgniter\Session\Handlers\FileHandler' driver.
CRITICAL - 2024-06-19 03:06:39 --> You must set the database table to be used with your query.
in SYSTEMPATH\Database\BaseConnection.php on line 884.
 1 SYSTEMPATH\Model.php(635): CodeIgniter\Database\BaseConnection->table(null)
 2 SYSTEMPATH\Model.php(863): CodeIgniter\Model->builder()
 3 APPPATH\Models\KeuanganModel.php(11): CodeIgniter\Model->__call('orderBy', [...])
 4 APPPATH\Controllers\Home.php(30): App\Models\KeuanganModel->getLatestModalAwal()
 5 SYSTEMPATH\CodeIgniter.php(942): App\Controllers\Home->dashboard()
 6 SYSTEMPATH\CodeIgniter.php(502): CodeIgniter\CodeIgniter->runController(Object(App\Controllers\Home))
 7 SYSTEMPATH\CodeIgniter.php(361): CodeIgniter\CodeIgniter->handleRequest(null, Object(Config\Cache), false)
 8 FCPATH\index.php(79): CodeIgniter\CodeIgniter->run()
 9 SYSTEMPATH\Commands\Server\rewrite.php(47): require_once('C:\\xampp\\htdocs\\PT. Beverly International\\public\\index.php')
INFO - 2024-06-19 03:08:38 --> Session: Class initialized using 'CodeIgniter\Session\Handlers\FileHandler' driver.
INFO - 2024-06-19 03:08:46 --> Session: Class initialized using 'CodeIgniter\Session\Handlers\FileHandler' driver.
INFO - 2024-06-19 03:09:16 --> Session: Class initialized using 'CodeIgniter\Session\Handlers\FileHandler' driver.
INFO - 2024-06-19 03:14:39 --> Session: Class initialized using 'CodeIgniter\Session\Handlers\FileHandler' driver.
INFO - 2024-06-19 03:17:56 --> Session: Class initialized using 'CodeIgniter\Session\Handlers\FileHandler' driver.
INFO - 2024-06-19 03:24:39 --> Session: Class initialized using 'CodeIgniter\Session\Handlers\FileHandler' driver.
INFO - 2024-06-19 03:24:40 --> Session: Class initialized using 'CodeIgniter\Session\Handlers\FileHandler' driver.
INFO - 2024-06-19 03:25:26 --> Session: Class initialized using 'CodeIgniter\Session\Handlers\FileHandler' driver.
INFO - 2024-06-19 03:25:29 --> Session: Class initialized using 'CodeIgniter\Session\Handlers\FileHandler' driver.
INFO - 2024-06-19 03:25:29 --> Session: Class initialized using 'CodeIgniter\Session\Handlers\FileHandler' driver.
INFO - 2024-06-19 04:03:19 --> Session: Class initialized using 'CodeIgniter\Session\Handlers\FileHandler' driver.
INFO - 2024-06-19 04:03:19 --> Session: Class initialized using 'CodeIgniter\Session\Handlers\FileHandler' driver.
INFO - 2024-06-19 05:20:32 --> Session: Class initialized using 'CodeIgniter\Session\Handlers\FileHandler' driver.
INFO - 2024-06-19 07:44:57 --> Session: Class initialized using 'CodeIgniter\Session\Handlers\FileHandler' driver.
ERROR - 2024-06-19 07:45:01 --> Error connecting to the database: mysqli_sql_exception: No connection could be made because the target machine actively refused it in C:\xampp\htdocs\PT. Beverly International\system\Database\MySQLi\Connection.php:184
Stack trace:
#0 C:\xampp\htdocs\PT. Beverly International\system\Database\MySQLi\Connection.php(184): mysqli->real_connect('localhost', 'root', Object(SensitiveParameterValue), 'db_beverly', 3306, '', 0)
#1 C:\xampp\htdocs\PT. Beverly International\system\Database\BaseConnection.php(392): CodeIgniter\Database\MySQLi\Connection->connect(false)
#2 C:\xampp\htdocs\PT. Beverly International\system\Database\BaseConnection.php(575): CodeIgniter\Database\BaseConnection->initialize()
#3 C:\xampp\htdocs\PT. Beverly International\system\Database\BaseBuilder.php(1615): CodeIgniter\Database\BaseConnection->query('SELECT `tb_pend...', Array, false)
#4 C:\xampp\htdocs\PT. Beverly International\system\Model.php(237): CodeIgniter\Database\BaseBuilder->get()
#5 C:\xampp\htdocs\PT. Beverly International\system\BaseModel.php(624): CodeIgniter\Model->doFindAll(0, 0)
#6 C:\xampp\htdocs\PT. Beverly International\app\Models\PendapatanModel.php(18): CodeIgniter\BaseModel->findAll()
#7 C:\xampp\htdocs\PT. Beverly International\app\Controllers\Pendapatan.php(18): App\Models\PendapatanModel->getPendapatanWithDetails()
#8 C:\xampp\htdocs\PT. Beverly International\system\CodeIgniter.php(942): App\Controllers\Pendapatan->index()
#9 C:\xampp\htdocs\PT. Beverly International\system\CodeIgniter.php(502): CodeIgniter\CodeIgniter->runController(Object(App\Controllers\Pendapatan))
#10 C:\xampp\htdocs\PT. Beverly International\system\CodeIgniter.php(361): CodeIgniter\CodeIgniter->handleRequest(NULL, Object(Config\Cache), false)
#11 C:\xampp\htdocs\PT. Beverly International\public\index.php(79): CodeIgniter\CodeIgniter->run()
#12 C:\xampp\htdocs\PT. Beverly International\system\Commands\Server\rewrite.php(47): require_once('C:\\xampp\\htdocs...')
#13 {main}

Next CodeIgniter\Database\Exceptions\DatabaseException: No connection could be made because the target machine actively refused it in C:\xampp\htdocs\PT. Beverly International\system\Database\MySQLi\Connection.php:229
Stack trace:
#0 C:\xampp\htdocs\PT. Beverly International\system\Database\BaseConnection.php(392): CodeIgniter\Database\MySQLi\Connection->connect(false)
#1 C:\xampp\htdocs\PT. Beverly International\system\Database\BaseConnection.php(575): CodeIgniter\Database\BaseConnection->initialize()
#2 C:\xampp\htdocs\PT. Beverly International\system\Database\BaseBuilder.php(1615): CodeIgniter\Database\BaseConnection->query('SELECT `tb_pend...', Array, false)
#3 C:\xampp\htdocs\PT. Beverly International\system\Model.php(237): CodeIgniter\Database\BaseBuilder->get()
#4 C:\xampp\htdocs\PT. Beverly International\system\BaseModel.php(624): CodeIgniter\Model->doFindAll(0, 0)
#5 C:\xampp\htdocs\PT. Beverly International\app\Models\PendapatanModel.php(18): CodeIgniter\BaseModel->findAll()
#6 C:\xampp\htdocs\PT. Beverly International\app\Controllers\Pendapatan.php(18): App\Models\PendapatanModel->getPendapatanWithDetails()
#7 C:\xampp\htdocs\PT. Beverly International\system\CodeIgniter.php(942): App\Controllers\Pendapatan->index()
#8 C:\xampp\htdocs\PT. Beverly International\system\CodeIgniter.php(502): CodeIgniter\CodeIgniter->runController(Object(App\Controllers\Pendapatan))
#9 C:\xampp\htdocs\PT. Beverly International\system\CodeIgniter.php(361): CodeIgniter\CodeIgniter->handleRequest(NULL, Object(Config\Cache), false)
#10 C:\xampp\htdocs\PT. Beverly International\public\index.php(79): CodeIgniter\CodeIgniter->run()
#11 C:\xampp\htdocs\PT. Beverly International\system\Commands\Server\rewrite.php(47): require_once('C:\\xampp\\htdocs...')
#12 {main}
CRITICAL - 2024-06-19 07:45:01 --> Unable to connect to the database.
Main connection [MySQLi]: No connection could be made because the target machine actively refused it
in SYSTEMPATH\Database\BaseConnection.php on line 428.
 1 SYSTEMPATH\Database\BaseConnection.php(575): CodeIgniter\Database\BaseConnection->initialize()
 2 SYSTEMPATH\Database\BaseBuilder.php(1615): CodeIgniter\Database\BaseConnection->query('SELECT `tb_pendapatan`.*, `tb_kategori`.`nm_kategori` as `keterangan_pendapatan`, `user`.`nama` as `nama_user`
FROM `tb_pendapatan`
JOIN `tb_kategori` ON `tb_kategori`.`id_kategori` = `tb_pendapatan`.`id_kategori`
JOIN `user` ON `user`.`id_user` = `tb_pendapatan`.`id_user`', [], false)
 3 SYSTEMPATH\Model.php(237): CodeIgniter\Database\BaseBuilder->get()
 4 SYSTEMPATH\BaseModel.php(624): CodeIgniter\Model->doFindAll(0, 0)
 5 APPPATH\Models\PendapatanModel.php(18): CodeIgniter\BaseModel->findAll()
 6 APPPATH\Controllers\Pendapatan.php(18): App\Models\PendapatanModel->getPendapatanWithDetails()
 7 SYSTEMPATH\CodeIgniter.php(942): App\Controllers\Pendapatan->index()
 8 SYSTEMPATH\CodeIgniter.php(502): CodeIgniter\CodeIgniter->runController(Object(App\Controllers\Pendapatan))
 9 SYSTEMPATH\CodeIgniter.php(361): CodeIgniter\CodeIgniter->handleRequest(null, Object(Config\Cache), false)
10 FCPATH\index.php(79): CodeIgniter\CodeIgniter->run()
11 SYSTEMPATH\Commands\Server\rewrite.php(47): require_once('C:\\xampp\\htdocs\\PT. Beverly International\\public\\index.php')
INFO - 2024-06-19 07:45:50 --> Session: Class initialized using 'CodeIgniter\Session\Handlers\FileHandler' driver.
