INFO - 2024-04-03 01:03:55 --> Session: Class initialized using 'CodeIgniter\Session\Handlers\FileHandler' driver.
INFO - 2024-04-03 01:04:15 --> Session: Class initialized using 'CodeIgniter\Session\Handlers\FileHandler' driver.
INFO - 2024-04-03 01:04:16 --> Session: Class initialized using 'CodeIgniter\Session\Handlers\FileHandler' driver.
INFO - 2024-04-03 01:09:43 --> Session: Class initialized using 'CodeIgniter\Session\Handlers\FileHandler' driver.
INFO - 2024-04-03 01:09:43 --> Session: Class initialized using 'CodeIgniter\Session\Handlers\FileHandler' driver.
INFO - 2024-04-03 01:15:25 --> Session: Class initialized using 'CodeIgniter\Session\Handlers\FileHandler' driver.
CRITICAL - 2024-04-03 01:15:25 --> Trying to access array offset on value of type null
in APPPATH\Views\login.php on line 85.
 1 APPPATH\Views\login.php(85): CodeIgniter\Debug\Exceptions->errorHandler(2, 'Trying to access array offset on value of type null', 'C:\\xampp\\htdocs\\PT. Beverly International\\app\\Views\\login.php', 85)
 2 SYSTEMPATH\View\View.php(228): include('C:\\xampp\\htdocs\\PT. Beverly International\\app\\Views\\login.php')
 3 SYSTEMPATH\View\View.php(231): CodeIgniter\View\View->CodeIgniter\View\{closure}()
 4 SYSTEMPATH\Common.php(1190): CodeIgniter\View\View->render('login', [], true)
 5 APPPATH\Controllers\Home.php(12): view('login')
 6 SYSTEMPATH\CodeIgniter.php(942): App\Controllers\Home->index()
 7 SYSTEMPATH\CodeIgniter.php(502): CodeIgniter\CodeIgniter->runController(Object(App\Controllers\Home))
 8 SYSTEMPATH\CodeIgniter.php(361): CodeIgniter\CodeIgniter->handleRequest(null, Object(Config\Cache), false)
 9 FCPATH\index.php(79): CodeIgniter\CodeIgniter->run()
10 SYSTEMPATH\Commands\Server\rewrite.php(47): require_once('C:\\xampp\\htdocs\\PT. Beverly International\\public\\index.php')
INFO - 2024-04-03 01:18:18 --> Session: Class initialized using 'CodeIgniter\Session\Handlers\FileHandler' driver.
INFO - 2024-04-03 01:18:36 --> Session: Class initialized using 'CodeIgniter\Session\Handlers\FileHandler' driver.
INFO - 2024-04-03 01:18:36 --> Session: Class initialized using 'CodeIgniter\Session\Handlers\FileHandler' driver.
INFO - 2024-04-03 01:24:59 --> Session: Class initialized using 'CodeIgniter\Session\Handlers\FileHandler' driver.
INFO - 2024-04-03 01:27:22 --> Session: Class initialized using 'CodeIgniter\Session\Handlers\FileHandler' driver.
INFO - 2024-04-03 01:27:23 --> Session: Class initialized using 'CodeIgniter\Session\Handlers\FileHandler' driver.
INFO - 2024-04-03 01:27:32 --> Session: Class initialized using 'CodeIgniter\Session\Handlers\FileHandler' driver.
INFO - 2024-04-03 01:27:37 --> Session: Class initialized using 'CodeIgniter\Session\Handlers\FileHandler' driver.
WARNING - 2024-04-03 01:27:37 --> [DEPRECATED] Creation of dynamic property App\Controllers\Kategori::$KategoriModel is deprecated in APPPATH\Controllers\Kategori.php on line 16.
 1 SYSTEMPATH\CodeIgniter.php(942): App\Controllers\Kategori->index()
 2 SYSTEMPATH\CodeIgniter.php(502): CodeIgniter\CodeIgniter->runController(Object(App\Controllers\Kategori))
 3 SYSTEMPATH\CodeIgniter.php(361): CodeIgniter\CodeIgniter->handleRequest(null, Object(Config\Cache), false)
 4 FCPATH\index.php(79): CodeIgniter\CodeIgniter->run()
 5 SYSTEMPATH\Commands\Server\rewrite.php(47): require_once('C:\\xampp\\htdocs\\PT. Beverly International\\public\\index.php')
INFO - 2024-04-03 01:27:41 --> Session: Class initialized using 'CodeIgniter\Session\Handlers\FileHandler' driver.
INFO - 2024-04-03 01:28:28 --> Session: Class initialized using 'CodeIgniter\Session\Handlers\FileHandler' driver.
INFO - 2024-04-03 01:48:36 --> Session: Class initialized using 'CodeIgniter\Session\Handlers\FileHandler' driver.
INFO - 2024-04-03 01:49:41 --> Session: Class initialized using 'CodeIgniter\Session\Handlers\FileHandler' driver.
INFO - 2024-04-03 01:49:44 --> Session: Class initialized using 'CodeIgniter\Session\Handlers\FileHandler' driver.
WARNING - 2024-04-03 01:49:44 --> [DEPRECATED] Creation of dynamic property App\Controllers\Pendapatan::$PendapatanModel is deprecated in APPPATH\Controllers\Pendapatan.php on line 16.
 1 SYSTEMPATH\CodeIgniter.php(942): App\Controllers\Pendapatan->index()
 2 SYSTEMPATH\CodeIgniter.php(502): CodeIgniter\CodeIgniter->runController(Object(App\Controllers\Pendapatan))
 3 SYSTEMPATH\CodeIgniter.php(361): CodeIgniter\CodeIgniter->handleRequest(null, Object(Config\Cache), false)
 4 FCPATH\index.php(79): CodeIgniter\CodeIgniter->run()
 5 SYSTEMPATH\Commands\Server\rewrite.php(47): require_once('C:\\xampp\\htdocs\\PT. Beverly International\\public\\index.php')
INFO - 2024-04-03 01:50:37 --> Session: Class initialized using 'CodeIgniter\Session\Handlers\FileHandler' driver.
WARNING - 2024-04-03 01:50:37 --> [DEPRECATED] Creation of dynamic property App\Controllers\Pendapatan::$PendapatanModel is deprecated in APPPATH\Controllers\Pendapatan.php on line 16.
 1 SYSTEMPATH\CodeIgniter.php(942): App\Controllers\Pendapatan->index()
 2 SYSTEMPATH\CodeIgniter.php(502): CodeIgniter\CodeIgniter->runController(Object(App\Controllers\Pendapatan))
 3 SYSTEMPATH\CodeIgniter.php(361): CodeIgniter\CodeIgniter->handleRequest(null, Object(Config\Cache), false)
 4 FCPATH\index.php(79): CodeIgniter\CodeIgniter->run()
 5 SYSTEMPATH\Commands\Server\rewrite.php(47): require_once('C:\\xampp\\htdocs\\PT. Beverly International\\public\\index.php')
INFO - 2024-04-03 01:52:24 --> Session: Class initialized using 'CodeIgniter\Session\Handlers\FileHandler' driver.
WARNING - 2024-04-03 01:52:24 --> [DEPRECATED] Creation of dynamic property App\Controllers\Pendapatan::$PendapatanModel is deprecated in APPPATH\Controllers\Pendapatan.php on line 16.
 1 SYSTEMPATH\CodeIgniter.php(942): App\Controllers\Pendapatan->index()
 2 SYSTEMPATH\CodeIgniter.php(502): CodeIgniter\CodeIgniter->runController(Object(App\Controllers\Pendapatan))
 3 SYSTEMPATH\CodeIgniter.php(361): CodeIgniter\CodeIgniter->handleRequest(null, Object(Config\Cache), false)
 4 FCPATH\index.php(79): CodeIgniter\CodeIgniter->run()
 5 SYSTEMPATH\Commands\Server\rewrite.php(47): require_once('C:\\xampp\\htdocs\\PT. Beverly International\\public\\index.php')
INFO - 2024-04-03 01:52:28 --> Session: Class initialized using 'CodeIgniter\Session\Handlers\FileHandler' driver.
INFO - 2024-04-03 01:52:36 --> Session: Class initialized using 'CodeIgniter\Session\Handlers\FileHandler' driver.
WARNING - 2024-04-03 01:52:36 --> [DEPRECATED] Creation of dynamic property App\Controllers\Pendapatan::$PendapatanModel is deprecated in APPPATH\Controllers\Pendapatan.php on line 16.
 1 SYSTEMPATH\CodeIgniter.php(942): App\Controllers\Pendapatan->index()
 2 SYSTEMPATH\CodeIgniter.php(502): CodeIgniter\CodeIgniter->runController(Object(App\Controllers\Pendapatan))
 3 SYSTEMPATH\CodeIgniter.php(361): CodeIgniter\CodeIgniter->handleRequest(null, Object(Config\Cache), false)
 4 FCPATH\index.php(79): CodeIgniter\CodeIgniter->run()
 5 SYSTEMPATH\Commands\Server\rewrite.php(47): require_once('C:\\xampp\\htdocs\\PT. Beverly International\\public\\index.php')
INFO - 2024-04-03 01:52:39 --> Session: Class initialized using 'CodeIgniter\Session\Handlers\FileHandler' driver.
WARNING - 2024-04-03 01:52:39 --> [DEPRECATED] Creation of dynamic property App\Controllers\Pendapatan::$PendapatanModel is deprecated in APPPATH\Controllers\Pendapatan.php on line 16.
 1 SYSTEMPATH\CodeIgniter.php(942): App\Controllers\Pendapatan->index()
 2 SYSTEMPATH\CodeIgniter.php(502): CodeIgniter\CodeIgniter->runController(Object(App\Controllers\Pendapatan))
 3 SYSTEMPATH\CodeIgniter.php(361): CodeIgniter\CodeIgniter->handleRequest(null, Object(Config\Cache), false)
 4 FCPATH\index.php(79): CodeIgniter\CodeIgniter->run()
 5 SYSTEMPATH\Commands\Server\rewrite.php(47): require_once('C:\\xampp\\htdocs\\PT. Beverly International\\public\\index.php')
INFO - 2024-04-03 01:52:42 --> Session: Class initialized using 'CodeIgniter\Session\Handlers\FileHandler' driver.
WARNING - 2024-04-03 01:52:42 --> [DEPRECATED] Creation of dynamic property App\Controllers\Kategori::$KategoriModel is deprecated in APPPATH\Controllers\Kategori.php on line 16.
 1 SYSTEMPATH\CodeIgniter.php(942): App\Controllers\Kategori->index()
 2 SYSTEMPATH\CodeIgniter.php(502): CodeIgniter\CodeIgniter->runController(Object(App\Controllers\Kategori))
 3 SYSTEMPATH\CodeIgniter.php(361): CodeIgniter\CodeIgniter->handleRequest(null, Object(Config\Cache), false)
 4 FCPATH\index.php(79): CodeIgniter\CodeIgniter->run()
 5 SYSTEMPATH\Commands\Server\rewrite.php(47): require_once('C:\\xampp\\htdocs\\PT. Beverly International\\public\\index.php')
INFO - 2024-04-03 01:53:15 --> Session: Class initialized using 'CodeIgniter\Session\Handlers\FileHandler' driver.
INFO - 2024-04-03 01:53:15 --> Session: Class initialized using 'CodeIgniter\Session\Handlers\FileHandler' driver.
INFO - 2024-04-03 01:53:22 --> Session: Class initialized using 'CodeIgniter\Session\Handlers\FileHandler' driver.
WARNING - 2024-04-03 01:53:22 --> [DEPRECATED] Creation of dynamic property App\Controllers\Pendapatan::$PendapatanModel is deprecated in APPPATH\Controllers\Pendapatan.php on line 16.
 1 SYSTEMPATH\CodeIgniter.php(942): App\Controllers\Pendapatan->index()
 2 SYSTEMPATH\CodeIgniter.php(502): CodeIgniter\CodeIgniter->runController(Object(App\Controllers\Pendapatan))
 3 SYSTEMPATH\CodeIgniter.php(361): CodeIgniter\CodeIgniter->handleRequest(null, Object(Config\Cache), false)
 4 FCPATH\index.php(79): CodeIgniter\CodeIgniter->run()
 5 SYSTEMPATH\Commands\Server\rewrite.php(47): require_once('C:\\xampp\\htdocs\\PT. Beverly International\\public\\index.php')
INFO - 2024-04-03 01:53:33 --> Session: Class initialized using 'CodeIgniter\Session\Handlers\FileHandler' driver.
WARNING - 2024-04-03 01:53:33 --> [DEPRECATED] Creation of dynamic property App\Controllers\Pendapatan::$PendapatanModel is deprecated in APPPATH\Controllers\Pendapatan.php on line 16.
 1 SYSTEMPATH\CodeIgniter.php(942): App\Controllers\Pendapatan->index()
 2 SYSTEMPATH\CodeIgniter.php(502): CodeIgniter\CodeIgniter->runController(Object(App\Controllers\Pendapatan))
 3 SYSTEMPATH\CodeIgniter.php(361): CodeIgniter\CodeIgniter->handleRequest(null, Object(Config\Cache), false)
 4 FCPATH\index.php(79): CodeIgniter\CodeIgniter->run()
 5 SYSTEMPATH\Commands\Server\rewrite.php(47): require_once('C:\\xampp\\htdocs\\PT. Beverly International\\public\\index.php')
INFO - 2024-04-03 01:55:38 --> Session: Class initialized using 'CodeIgniter\Session\Handlers\FileHandler' driver.
WARNING - 2024-04-03 01:55:38 --> [DEPRECATED] Creation of dynamic property App\Controllers\Pendapatan::$PendapatanModel is deprecated in APPPATH\Controllers\Pendapatan.php on line 16.
 1 SYSTEMPATH\CodeIgniter.php(942): App\Controllers\Pendapatan->index()
 2 SYSTEMPATH\CodeIgniter.php(502): CodeIgniter\CodeIgniter->runController(Object(App\Controllers\Pendapatan))
 3 SYSTEMPATH\CodeIgniter.php(361): CodeIgniter\CodeIgniter->handleRequest(null, Object(Config\Cache), false)
 4 FCPATH\index.php(79): CodeIgniter\CodeIgniter->run()
 5 SYSTEMPATH\Commands\Server\rewrite.php(47): require_once('C:\\xampp\\htdocs\\PT. Beverly International\\public\\index.php')
INFO - 2024-04-03 01:56:12 --> Session: Class initialized using 'CodeIgniter\Session\Handlers\FileHandler' driver.
WARNING - 2024-04-03 01:56:12 --> [DEPRECATED] Creation of dynamic property App\Controllers\Pendapatan::$PendapatanModel is deprecated in APPPATH\Controllers\Pendapatan.php on line 16.
 1 SYSTEMPATH\CodeIgniter.php(942): App\Controllers\Pendapatan->index()
 2 SYSTEMPATH\CodeIgniter.php(502): CodeIgniter\CodeIgniter->runController(Object(App\Controllers\Pendapatan))
 3 SYSTEMPATH\CodeIgniter.php(361): CodeIgniter\CodeIgniter->handleRequest(null, Object(Config\Cache), false)
 4 FCPATH\index.php(79): CodeIgniter\CodeIgniter->run()
 5 SYSTEMPATH\Commands\Server\rewrite.php(47): require_once('C:\\xampp\\htdocs\\PT. Beverly International\\public\\index.php')
INFO - 2024-04-03 01:56:15 --> Session: Class initialized using 'CodeIgniter\Session\Handlers\FileHandler' driver.
WARNING - 2024-04-03 01:56:15 --> [DEPRECATED] Creation of dynamic property App\Controllers\Kategori::$KategoriModel is deprecated in APPPATH\Controllers\Kategori.php on line 16.
 1 SYSTEMPATH\CodeIgniter.php(942): App\Controllers\Kategori->index()
 2 SYSTEMPATH\CodeIgniter.php(502): CodeIgniter\CodeIgniter->runController(Object(App\Controllers\Kategori))
 3 SYSTEMPATH\CodeIgniter.php(361): CodeIgniter\CodeIgniter->handleRequest(null, Object(Config\Cache), false)
 4 FCPATH\index.php(79): CodeIgniter\CodeIgniter->run()
 5 SYSTEMPATH\Commands\Server\rewrite.php(47): require_once('C:\\xampp\\htdocs\\PT. Beverly International\\public\\index.php')
INFO - 2024-04-03 01:56:18 --> Session: Class initialized using 'CodeIgniter\Session\Handlers\FileHandler' driver.
WARNING - 2024-04-03 01:56:18 --> [DEPRECATED] Creation of dynamic property App\Controllers\Pendapatan::$PendapatanModel is deprecated in APPPATH\Controllers\Pendapatan.php on line 16.
 1 SYSTEMPATH\CodeIgniter.php(942): App\Controllers\Pendapatan->index()
 2 SYSTEMPATH\CodeIgniter.php(502): CodeIgniter\CodeIgniter->runController(Object(App\Controllers\Pendapatan))
 3 SYSTEMPATH\CodeIgniter.php(361): CodeIgniter\CodeIgniter->handleRequest(null, Object(Config\Cache), false)
 4 FCPATH\index.php(79): CodeIgniter\CodeIgniter->run()
 5 SYSTEMPATH\Commands\Server\rewrite.php(47): require_once('C:\\xampp\\htdocs\\PT. Beverly International\\public\\index.php')
INFO - 2024-04-03 02:01:48 --> Session: Class initialized using 'CodeIgniter\Session\Handlers\FileHandler' driver.
WARNING - 2024-04-03 02:01:49 --> [DEPRECATED] Creation of dynamic property App\Controllers\Pengeluaran::$PengeluaranModel is deprecated in APPPATH\Controllers\Pengeluaran.php on line 16.
 1 SYSTEMPATH\CodeIgniter.php(942): App\Controllers\Pengeluaran->index()
 2 SYSTEMPATH\CodeIgniter.php(502): CodeIgniter\CodeIgniter->runController(Object(App\Controllers\Pengeluaran))
 3 SYSTEMPATH\CodeIgniter.php(361): CodeIgniter\CodeIgniter->handleRequest(null, Object(Config\Cache), false)
 4 FCPATH\index.php(79): CodeIgniter\CodeIgniter->run()
 5 SYSTEMPATH\Commands\Server\rewrite.php(47): require_once('C:\\xampp\\htdocs\\PT. Beverly International\\public\\index.php')
CRITICAL - 2024-04-03 02:01:49 --> Undefined variable $pendapatan
in APPPATH\Views\pendapatan.php on line 56.
 1 APPPATH\Views\pendapatan.php(56): CodeIgniter\Debug\Exceptions->errorHandler(2, 'Undefined variable $pendapatan', 'C:\\xampp\\htdocs\\PT. Beverly International\\app\\Views\\pendapatan.php', 56)
 2 SYSTEMPATH\View\View.php(228): include('C:\\xampp\\htdocs\\PT. Beverly International\\app\\Views\\pendapatan.php')
 3 SYSTEMPATH\View\View.php(231): CodeIgniter\View\View->CodeIgniter\View\{closure}()
 4 SYSTEMPATH\Common.php(1190): CodeIgniter\View\View->render('pendapatan', [], true)
 5 APPPATH\Controllers\Pengeluaran.php(21): view('pendapatan', [...])
 6 SYSTEMPATH\CodeIgniter.php(942): App\Controllers\Pengeluaran->index()
 7 SYSTEMPATH\CodeIgniter.php(502): CodeIgniter\CodeIgniter->runController(Object(App\Controllers\Pengeluaran))
 8 SYSTEMPATH\CodeIgniter.php(361): CodeIgniter\CodeIgniter->handleRequest(null, Object(Config\Cache), false)
 9 FCPATH\index.php(79): CodeIgniter\CodeIgniter->run()
10 SYSTEMPATH\Commands\Server\rewrite.php(47): require_once('C:\\xampp\\htdocs\\PT. Beverly International\\public\\index.php')
INFO - 2024-04-03 02:01:51 --> Session: Class initialized using 'CodeIgniter\Session\Handlers\FileHandler' driver.
WARNING - 2024-04-03 02:01:51 --> [DEPRECATED] Creation of dynamic property App\Controllers\Pendapatan::$PendapatanModel is deprecated in APPPATH\Controllers\Pendapatan.php on line 16.
 1 SYSTEMPATH\CodeIgniter.php(942): App\Controllers\Pendapatan->index()
 2 SYSTEMPATH\CodeIgniter.php(502): CodeIgniter\CodeIgniter->runController(Object(App\Controllers\Pendapatan))
 3 SYSTEMPATH\CodeIgniter.php(361): CodeIgniter\CodeIgniter->handleRequest(null, Object(Config\Cache), false)
 4 FCPATH\index.php(79): CodeIgniter\CodeIgniter->run()
 5 SYSTEMPATH\Commands\Server\rewrite.php(47): require_once('C:\\xampp\\htdocs\\PT. Beverly International\\public\\index.php')
INFO - 2024-04-03 02:02:48 --> Session: Class initialized using 'CodeIgniter\Session\Handlers\FileHandler' driver.
WARNING - 2024-04-03 02:02:48 --> [DEPRECATED] Creation of dynamic property App\Controllers\Pengeluaran::$PengeluaranModel is deprecated in APPPATH\Controllers\Pengeluaran.php on line 16.
 1 SYSTEMPATH\CodeIgniter.php(942): App\Controllers\Pengeluaran->index()
 2 SYSTEMPATH\CodeIgniter.php(502): CodeIgniter\CodeIgniter->runController(Object(App\Controllers\Pengeluaran))
 3 SYSTEMPATH\CodeIgniter.php(361): CodeIgniter\CodeIgniter->handleRequest(null, Object(Config\Cache), false)
 4 FCPATH\index.php(79): CodeIgniter\CodeIgniter->run()
 5 SYSTEMPATH\Commands\Server\rewrite.php(47): require_once('C:\\xampp\\htdocs\\PT. Beverly International\\public\\index.php')
CRITICAL - 2024-04-03 02:02:48 --> Undefined variable $pendapatan
in APPPATH\Views\pendapatan.php on line 56.
 1 APPPATH\Views\pendapatan.php(56): CodeIgniter\Debug\Exceptions->errorHandler(2, 'Undefined variable $pendapatan', 'C:\\xampp\\htdocs\\PT. Beverly International\\app\\Views\\pendapatan.php', 56)
 2 SYSTEMPATH\View\View.php(228): include('C:\\xampp\\htdocs\\PT. Beverly International\\app\\Views\\pendapatan.php')
 3 SYSTEMPATH\View\View.php(231): CodeIgniter\View\View->CodeIgniter\View\{closure}()
 4 SYSTEMPATH\Common.php(1190): CodeIgniter\View\View->render('pendapatan', [], true)
 5 APPPATH\Controllers\Pengeluaran.php(21): view('pendapatan', [...])
 6 SYSTEMPATH\CodeIgniter.php(942): App\Controllers\Pengeluaran->index()
 7 SYSTEMPATH\CodeIgniter.php(502): CodeIgniter\CodeIgniter->runController(Object(App\Controllers\Pengeluaran))
 8 SYSTEMPATH\CodeIgniter.php(361): CodeIgniter\CodeIgniter->handleRequest(null, Object(Config\Cache), false)
 9 FCPATH\index.php(79): CodeIgniter\CodeIgniter->run()
10 SYSTEMPATH\Commands\Server\rewrite.php(47): require_once('C:\\xampp\\htdocs\\PT. Beverly International\\public\\index.php')
INFO - 2024-04-03 02:03:24 --> Session: Class initialized using 'CodeIgniter\Session\Handlers\FileHandler' driver.
WARNING - 2024-04-03 02:03:24 --> [DEPRECATED] Creation of dynamic property App\Controllers\Pendapatan::$PendapatanModel is deprecated in APPPATH\Controllers\Pendapatan.php on line 16.
 1 SYSTEMPATH\CodeIgniter.php(942): App\Controllers\Pendapatan->index()
 2 SYSTEMPATH\CodeIgniter.php(502): CodeIgniter\CodeIgniter->runController(Object(App\Controllers\Pendapatan))
 3 SYSTEMPATH\CodeIgniter.php(361): CodeIgniter\CodeIgniter->handleRequest(null, Object(Config\Cache), false)
 4 FCPATH\index.php(79): CodeIgniter\CodeIgniter->run()
 5 SYSTEMPATH\Commands\Server\rewrite.php(47): require_once('C:\\xampp\\htdocs\\PT. Beverly International\\public\\index.php')
INFO - 2024-04-03 02:03:28 --> Session: Class initialized using 'CodeIgniter\Session\Handlers\FileHandler' driver.
WARNING - 2024-04-03 02:03:28 --> [DEPRECATED] Creation of dynamic property App\Controllers\Pengeluaran::$PengeluaranModel is deprecated in APPPATH\Controllers\Pengeluaran.php on line 16.
 1 SYSTEMPATH\CodeIgniter.php(942): App\Controllers\Pengeluaran->index()
 2 SYSTEMPATH\CodeIgniter.php(502): CodeIgniter\CodeIgniter->runController(Object(App\Controllers\Pengeluaran))
 3 SYSTEMPATH\CodeIgniter.php(361): CodeIgniter\CodeIgniter->handleRequest(null, Object(Config\Cache), false)
 4 FCPATH\index.php(79): CodeIgniter\CodeIgniter->run()
 5 SYSTEMPATH\Commands\Server\rewrite.php(47): require_once('C:\\xampp\\htdocs\\PT. Beverly International\\public\\index.php')
CRITICAL - 2024-04-03 02:03:28 --> Undefined variable $pendapatan
in APPPATH\Views\pendapatan.php on line 56.
 1 APPPATH\Views\pendapatan.php(56): CodeIgniter\Debug\Exceptions->errorHandler(2, 'Undefined variable $pendapatan', 'C:\\xampp\\htdocs\\PT. Beverly International\\app\\Views\\pendapatan.php', 56)
 2 SYSTEMPATH\View\View.php(228): include('C:\\xampp\\htdocs\\PT. Beverly International\\app\\Views\\pendapatan.php')
 3 SYSTEMPATH\View\View.php(231): CodeIgniter\View\View->CodeIgniter\View\{closure}()
 4 SYSTEMPATH\Common.php(1190): CodeIgniter\View\View->render('pendapatan', [], true)
 5 APPPATH\Controllers\Pengeluaran.php(21): view('pendapatan', [...])
 6 SYSTEMPATH\CodeIgniter.php(942): App\Controllers\Pengeluaran->index()
 7 SYSTEMPATH\CodeIgniter.php(502): CodeIgniter\CodeIgniter->runController(Object(App\Controllers\Pengeluaran))
 8 SYSTEMPATH\CodeIgniter.php(361): CodeIgniter\CodeIgniter->handleRequest(null, Object(Config\Cache), false)
 9 FCPATH\index.php(79): CodeIgniter\CodeIgniter->run()
10 SYSTEMPATH\Commands\Server\rewrite.php(47): require_once('C:\\xampp\\htdocs\\PT. Beverly International\\public\\index.php')
INFO - 2024-04-03 02:04:13 --> Session: Class initialized using 'CodeIgniter\Session\Handlers\FileHandler' driver.
WARNING - 2024-04-03 02:04:13 --> [DEPRECATED] Creation of dynamic property App\Controllers\Pengeluaran::$PengeluaranModel is deprecated in APPPATH\Controllers\Pengeluaran.php on line 16.
 1 SYSTEMPATH\CodeIgniter.php(942): App\Controllers\Pengeluaran->index()
 2 SYSTEMPATH\CodeIgniter.php(502): CodeIgniter\CodeIgniter->runController(Object(App\Controllers\Pengeluaran))
 3 SYSTEMPATH\CodeIgniter.php(361): CodeIgniter\CodeIgniter->handleRequest(null, Object(Config\Cache), false)
 4 FCPATH\index.php(79): CodeIgniter\CodeIgniter->run()
 5 SYSTEMPATH\Commands\Server\rewrite.php(47): require_once('C:\\xampp\\htdocs\\PT. Beverly International\\public\\index.php')
CRITICAL - 2024-04-03 02:04:13 --> Undefined variable $pendapatan
in APPPATH\Views\pendapatan.php on line 56.
 1 APPPATH\Views\pendapatan.php(56): CodeIgniter\Debug\Exceptions->errorHandler(2, 'Undefined variable $pendapatan', 'C:\\xampp\\htdocs\\PT. Beverly International\\app\\Views\\pendapatan.php', 56)
 2 SYSTEMPATH\View\View.php(228): include('C:\\xampp\\htdocs\\PT. Beverly International\\app\\Views\\pendapatan.php')
 3 SYSTEMPATH\View\View.php(231): CodeIgniter\View\View->CodeIgniter\View\{closure}()
 4 SYSTEMPATH\Common.php(1190): CodeIgniter\View\View->render('pendapatan', [], true)
 5 APPPATH\Controllers\Pengeluaran.php(21): view('pendapatan', [...])
 6 SYSTEMPATH\CodeIgniter.php(942): App\Controllers\Pengeluaran->index()
 7 SYSTEMPATH\CodeIgniter.php(502): CodeIgniter\CodeIgniter->runController(Object(App\Controllers\Pengeluaran))
 8 SYSTEMPATH\CodeIgniter.php(361): CodeIgniter\CodeIgniter->handleRequest(null, Object(Config\Cache), false)
 9 FCPATH\index.php(79): CodeIgniter\CodeIgniter->run()
10 SYSTEMPATH\Commands\Server\rewrite.php(47): require_once('C:\\xampp\\htdocs\\PT. Beverly International\\public\\index.php')
INFO - 2024-04-03 02:04:15 --> Session: Class initialized using 'CodeIgniter\Session\Handlers\FileHandler' driver.
WARNING - 2024-04-03 02:04:15 --> [DEPRECATED] Creation of dynamic property App\Controllers\Pendapatan::$PendapatanModel is deprecated in APPPATH\Controllers\Pendapatan.php on line 16.
 1 SYSTEMPATH\CodeIgniter.php(942): App\Controllers\Pendapatan->index()
 2 SYSTEMPATH\CodeIgniter.php(502): CodeIgniter\CodeIgniter->runController(Object(App\Controllers\Pendapatan))
 3 SYSTEMPATH\CodeIgniter.php(361): CodeIgniter\CodeIgniter->handleRequest(null, Object(Config\Cache), false)
 4 FCPATH\index.php(79): CodeIgniter\CodeIgniter->run()
 5 SYSTEMPATH\Commands\Server\rewrite.php(47): require_once('C:\\xampp\\htdocs\\PT. Beverly International\\public\\index.php')
INFO - 2024-04-03 02:04:20 --> Session: Class initialized using 'CodeIgniter\Session\Handlers\FileHandler' driver.
WARNING - 2024-04-03 02:04:20 --> [DEPRECATED] Creation of dynamic property App\Controllers\Kategori::$KategoriModel is deprecated in APPPATH\Controllers\Kategori.php on line 16.
 1 SYSTEMPATH\CodeIgniter.php(942): App\Controllers\Kategori->index()
 2 SYSTEMPATH\CodeIgniter.php(502): CodeIgniter\CodeIgniter->runController(Object(App\Controllers\Kategori))
 3 SYSTEMPATH\CodeIgniter.php(361): CodeIgniter\CodeIgniter->handleRequest(null, Object(Config\Cache), false)
 4 FCPATH\index.php(79): CodeIgniter\CodeIgniter->run()
 5 SYSTEMPATH\Commands\Server\rewrite.php(47): require_once('C:\\xampp\\htdocs\\PT. Beverly International\\public\\index.php')
INFO - 2024-04-03 02:04:22 --> Session: Class initialized using 'CodeIgniter\Session\Handlers\FileHandler' driver.
INFO - 2024-04-03 02:04:29 --> Session: Class initialized using 'CodeIgniter\Session\Handlers\FileHandler' driver.
WARNING - 2024-04-03 02:04:29 --> [DEPRECATED] Creation of dynamic property App\Controllers\Pengeluaran::$PengeluaranModel is deprecated in APPPATH\Controllers\Pengeluaran.php on line 16.
 1 SYSTEMPATH\CodeIgniter.php(942): App\Controllers\Pengeluaran->index()
 2 SYSTEMPATH\CodeIgniter.php(502): CodeIgniter\CodeIgniter->runController(Object(App\Controllers\Pengeluaran))
 3 SYSTEMPATH\CodeIgniter.php(361): CodeIgniter\CodeIgniter->handleRequest(null, Object(Config\Cache), false)
 4 FCPATH\index.php(79): CodeIgniter\CodeIgniter->run()
 5 SYSTEMPATH\Commands\Server\rewrite.php(47): require_once('C:\\xampp\\htdocs\\PT. Beverly International\\public\\index.php')
CRITICAL - 2024-04-03 02:04:29 --> Undefined variable $pendapatan
in APPPATH\Views\pendapatan.php on line 56.
 1 APPPATH\Views\pendapatan.php(56): CodeIgniter\Debug\Exceptions->errorHandler(2, 'Undefined variable $pendapatan', 'C:\\xampp\\htdocs\\PT. Beverly International\\app\\Views\\pendapatan.php', 56)
 2 SYSTEMPATH\View\View.php(228): include('C:\\xampp\\htdocs\\PT. Beverly International\\app\\Views\\pendapatan.php')
 3 SYSTEMPATH\View\View.php(231): CodeIgniter\View\View->CodeIgniter\View\{closure}()
 4 SYSTEMPATH\Common.php(1190): CodeIgniter\View\View->render('pendapatan', [], true)
 5 APPPATH\Controllers\Pengeluaran.php(21): view('pendapatan', [...])
 6 SYSTEMPATH\CodeIgniter.php(942): App\Controllers\Pengeluaran->index()
 7 SYSTEMPATH\CodeIgniter.php(502): CodeIgniter\CodeIgniter->runController(Object(App\Controllers\Pengeluaran))
 8 SYSTEMPATH\CodeIgniter.php(361): CodeIgniter\CodeIgniter->handleRequest(null, Object(Config\Cache), false)
 9 FCPATH\index.php(79): CodeIgniter\CodeIgniter->run()
10 SYSTEMPATH\Commands\Server\rewrite.php(47): require_once('C:\\xampp\\htdocs\\PT. Beverly International\\public\\index.php')
INFO - 2024-04-03 02:05:48 --> Session: Class initialized using 'CodeIgniter\Session\Handlers\FileHandler' driver.
INFO - 2024-04-03 02:05:50 --> Session: Class initialized using 'CodeIgniter\Session\Handlers\FileHandler' driver.
INFO - 2024-04-03 02:05:54 --> Session: Class initialized using 'CodeIgniter\Session\Handlers\FileHandler' driver.
WARNING - 2024-04-03 02:05:54 --> [DEPRECATED] Creation of dynamic property App\Controllers\Pengeluaran::$PengeluaranModel is deprecated in APPPATH\Controllers\Pengeluaran.php on line 16.
 1 SYSTEMPATH\CodeIgniter.php(942): App\Controllers\Pengeluaran->index()
 2 SYSTEMPATH\CodeIgniter.php(502): CodeIgniter\CodeIgniter->runController(Object(App\Controllers\Pengeluaran))
 3 SYSTEMPATH\CodeIgniter.php(361): CodeIgniter\CodeIgniter->handleRequest(null, Object(Config\Cache), false)
 4 FCPATH\index.php(79): CodeIgniter\CodeIgniter->run()
 5 SYSTEMPATH\Commands\Server\rewrite.php(47): require_once('C:\\xampp\\htdocs\\PT. Beverly International\\public\\index.php')
CRITICAL - 2024-04-03 02:05:54 --> Undefined variable $pendapatan
in APPPATH\Views\pendapatan.php on line 56.
 1 APPPATH\Views\pendapatan.php(56): CodeIgniter\Debug\Exceptions->errorHandler(2, 'Undefined variable $pendapatan', 'C:\\xampp\\htdocs\\PT. Beverly International\\app\\Views\\pendapatan.php', 56)
 2 SYSTEMPATH\View\View.php(228): include('C:\\xampp\\htdocs\\PT. Beverly International\\app\\Views\\pendapatan.php')
 3 SYSTEMPATH\View\View.php(231): CodeIgniter\View\View->CodeIgniter\View\{closure}()
 4 SYSTEMPATH\Common.php(1190): CodeIgniter\View\View->render('pendapatan', [], true)
 5 APPPATH\Controllers\Pengeluaran.php(21): view('pendapatan', [...])
 6 SYSTEMPATH\CodeIgniter.php(942): App\Controllers\Pengeluaran->index()
 7 SYSTEMPATH\CodeIgniter.php(502): CodeIgniter\CodeIgniter->runController(Object(App\Controllers\Pengeluaran))
 8 SYSTEMPATH\CodeIgniter.php(361): CodeIgniter\CodeIgniter->handleRequest(null, Object(Config\Cache), false)
 9 FCPATH\index.php(79): CodeIgniter\CodeIgniter->run()
10 SYSTEMPATH\Commands\Server\rewrite.php(47): require_once('C:\\xampp\\htdocs\\PT. Beverly International\\public\\index.php')
INFO - 2024-04-03 02:07:36 --> Session: Class initialized using 'CodeIgniter\Session\Handlers\FileHandler' driver.
INFO - 2024-04-03 02:07:36 --> Session: Class initialized using 'CodeIgniter\Session\Handlers\FileHandler' driver.
INFO - 2024-04-03 02:07:40 --> Session: Class initialized using 'CodeIgniter\Session\Handlers\FileHandler' driver.
WARNING - 2024-04-03 02:07:40 --> [DEPRECATED] Creation of dynamic property App\Controllers\Pengeluaran::$PengeluaranModel is deprecated in APPPATH\Controllers\Pengeluaran.php on line 16.
 1 SYSTEMPATH\CodeIgniter.php(942): App\Controllers\Pengeluaran->index()
 2 SYSTEMPATH\CodeIgniter.php(502): CodeIgniter\CodeIgniter->runController(Object(App\Controllers\Pengeluaran))
 3 SYSTEMPATH\CodeIgniter.php(361): CodeIgniter\CodeIgniter->handleRequest(null, Object(Config\Cache), false)
 4 FCPATH\index.php(79): CodeIgniter\CodeIgniter->run()
 5 SYSTEMPATH\Commands\Server\rewrite.php(47): require_once('C:\\xampp\\htdocs\\PT. Beverly International\\public\\index.php')
CRITICAL - 2024-04-03 02:07:40 --> Undefined variable $pendapatan
in APPPATH\Views\pendapatan.php on line 56.
 1 APPPATH\Views\pendapatan.php(56): CodeIgniter\Debug\Exceptions->errorHandler(2, 'Undefined variable $pendapatan', 'C:\\xampp\\htdocs\\PT. Beverly International\\app\\Views\\pendapatan.php', 56)
 2 SYSTEMPATH\View\View.php(228): include('C:\\xampp\\htdocs\\PT. Beverly International\\app\\Views\\pendapatan.php')
 3 SYSTEMPATH\View\View.php(231): CodeIgniter\View\View->CodeIgniter\View\{closure}()
 4 SYSTEMPATH\Common.php(1190): CodeIgniter\View\View->render('pendapatan', [], true)
 5 APPPATH\Controllers\Pengeluaran.php(21): view('pendapatan', [...])
 6 SYSTEMPATH\CodeIgniter.php(942): App\Controllers\Pengeluaran->index()
 7 SYSTEMPATH\CodeIgniter.php(502): CodeIgniter\CodeIgniter->runController(Object(App\Controllers\Pengeluaran))
 8 SYSTEMPATH\CodeIgniter.php(361): CodeIgniter\CodeIgniter->handleRequest(null, Object(Config\Cache), false)
 9 FCPATH\index.php(79): CodeIgniter\CodeIgniter->run()
10 SYSTEMPATH\Commands\Server\rewrite.php(47): require_once('C:\\xampp\\htdocs\\PT. Beverly International\\public\\index.php')
INFO - 2024-04-03 02:08:25 --> Session: Class initialized using 'CodeIgniter\Session\Handlers\FileHandler' driver.
WARNING - 2024-04-03 02:08:25 --> [DEPRECATED] Creation of dynamic property App\Controllers\Pengeluaran::$PengeluaranModel is deprecated in APPPATH\Controllers\Pengeluaran.php on line 16.
 1 SYSTEMPATH\CodeIgniter.php(942): App\Controllers\Pengeluaran->index()
 2 SYSTEMPATH\CodeIgniter.php(502): CodeIgniter\CodeIgniter->runController(Object(App\Controllers\Pengeluaran))
 3 SYSTEMPATH\CodeIgniter.php(361): CodeIgniter\CodeIgniter->handleRequest(null, Object(Config\Cache), false)
 4 FCPATH\index.php(79): CodeIgniter\CodeIgniter->run()
 5 SYSTEMPATH\Commands\Server\rewrite.php(47): require_once('C:\\xampp\\htdocs\\PT. Beverly International\\public\\index.php')
CRITICAL - 2024-04-03 02:08:25 --> Undefined variable $pendapatan
in APPPATH\Views\pendapatan.php on line 56.
 1 APPPATH\Views\pendapatan.php(56): CodeIgniter\Debug\Exceptions->errorHandler(2, 'Undefined variable $pendapatan', 'C:\\xampp\\htdocs\\PT. Beverly International\\app\\Views\\pendapatan.php', 56)
 2 SYSTEMPATH\View\View.php(228): include('C:\\xampp\\htdocs\\PT. Beverly International\\app\\Views\\pendapatan.php')
 3 SYSTEMPATH\View\View.php(231): CodeIgniter\View\View->CodeIgniter\View\{closure}()
 4 SYSTEMPATH\Common.php(1190): CodeIgniter\View\View->render('pendapatan', [], true)
 5 APPPATH\Controllers\Pengeluaran.php(21): view('pendapatan', [...])
 6 SYSTEMPATH\CodeIgniter.php(942): App\Controllers\Pengeluaran->index()
 7 SYSTEMPATH\CodeIgniter.php(502): CodeIgniter\CodeIgniter->runController(Object(App\Controllers\Pengeluaran))
 8 SYSTEMPATH\CodeIgniter.php(361): CodeIgniter\CodeIgniter->handleRequest(null, Object(Config\Cache), false)
 9 FCPATH\index.php(79): CodeIgniter\CodeIgniter->run()
10 SYSTEMPATH\Commands\Server\rewrite.php(47): require_once('C:\\xampp\\htdocs\\PT. Beverly International\\public\\index.php')
INFO - 2024-04-03 02:08:26 --> Session: Class initialized using 'CodeIgniter\Session\Handlers\FileHandler' driver.
WARNING - 2024-04-03 02:08:26 --> [DEPRECATED] Creation of dynamic property App\Controllers\Pengeluaran::$PengeluaranModel is deprecated in APPPATH\Controllers\Pengeluaran.php on line 16.
 1 SYSTEMPATH\CodeIgniter.php(942): App\Controllers\Pengeluaran->index()
 2 SYSTEMPATH\CodeIgniter.php(502): CodeIgniter\CodeIgniter->runController(Object(App\Controllers\Pengeluaran))
 3 SYSTEMPATH\CodeIgniter.php(361): CodeIgniter\CodeIgniter->handleRequest(null, Object(Config\Cache), false)
 4 FCPATH\index.php(79): CodeIgniter\CodeIgniter->run()
 5 SYSTEMPATH\Commands\Server\rewrite.php(47): require_once('C:\\xampp\\htdocs\\PT. Beverly International\\public\\index.php')
CRITICAL - 2024-04-03 02:08:26 --> Undefined variable $pendapatan
in APPPATH\Views\pendapatan.php on line 56.
 1 APPPATH\Views\pendapatan.php(56): CodeIgniter\Debug\Exceptions->errorHandler(2, 'Undefined variable $pendapatan', 'C:\\xampp\\htdocs\\PT. Beverly International\\app\\Views\\pendapatan.php', 56)
 2 SYSTEMPATH\View\View.php(228): include('C:\\xampp\\htdocs\\PT. Beverly International\\app\\Views\\pendapatan.php')
 3 SYSTEMPATH\View\View.php(231): CodeIgniter\View\View->CodeIgniter\View\{closure}()
 4 SYSTEMPATH\Common.php(1190): CodeIgniter\View\View->render('pendapatan', [], true)
 5 APPPATH\Controllers\Pengeluaran.php(21): view('pendapatan', [...])
 6 SYSTEMPATH\CodeIgniter.php(942): App\Controllers\Pengeluaran->index()
 7 SYSTEMPATH\CodeIgniter.php(502): CodeIgniter\CodeIgniter->runController(Object(App\Controllers\Pengeluaran))
 8 SYSTEMPATH\CodeIgniter.php(361): CodeIgniter\CodeIgniter->handleRequest(null, Object(Config\Cache), false)
 9 FCPATH\index.php(79): CodeIgniter\CodeIgniter->run()
10 SYSTEMPATH\Commands\Server\rewrite.php(47): require_once('C:\\xampp\\htdocs\\PT. Beverly International\\public\\index.php')
INFO - 2024-04-03 02:09:22 --> Session: Class initialized using 'CodeIgniter\Session\Handlers\FileHandler' driver.
WARNING - 2024-04-03 02:09:22 --> [DEPRECATED] Creation of dynamic property App\Controllers\Pengeluaran::$PengeluaranModel is deprecated in APPPATH\Controllers\Pengeluaran.php on line 16.
 1 SYSTEMPATH\CodeIgniter.php(942): App\Controllers\Pengeluaran->index()
 2 SYSTEMPATH\CodeIgniter.php(502): CodeIgniter\CodeIgniter->runController(Object(App\Controllers\Pengeluaran))
 3 SYSTEMPATH\CodeIgniter.php(361): CodeIgniter\CodeIgniter->handleRequest(null, Object(Config\Cache), false)
 4 FCPATH\index.php(79): CodeIgniter\CodeIgniter->run()
 5 SYSTEMPATH\Commands\Server\rewrite.php(47): require_once('C:\\xampp\\htdocs\\PT. Beverly International\\public\\index.php')
INFO - 2024-04-03 02:09:28 --> Session: Class initialized using 'CodeIgniter\Session\Handlers\FileHandler' driver.
WARNING - 2024-04-03 02:09:28 --> [DEPRECATED] Creation of dynamic property App\Controllers\Pendapatan::$PendapatanModel is deprecated in APPPATH\Controllers\Pendapatan.php on line 16.
 1 SYSTEMPATH\CodeIgniter.php(942): App\Controllers\Pendapatan->index()
 2 SYSTEMPATH\CodeIgniter.php(502): CodeIgniter\CodeIgniter->runController(Object(App\Controllers\Pendapatan))
 3 SYSTEMPATH\CodeIgniter.php(361): CodeIgniter\CodeIgniter->handleRequest(null, Object(Config\Cache), false)
 4 FCPATH\index.php(79): CodeIgniter\CodeIgniter->run()
 5 SYSTEMPATH\Commands\Server\rewrite.php(47): require_once('C:\\xampp\\htdocs\\PT. Beverly International\\public\\index.php')
INFO - 2024-04-03 02:09:32 --> Session: Class initialized using 'CodeIgniter\Session\Handlers\FileHandler' driver.
WARNING - 2024-04-03 02:09:32 --> [DEPRECATED] Creation of dynamic property App\Controllers\Pengeluaran::$PengeluaranModel is deprecated in APPPATH\Controllers\Pengeluaran.php on line 16.
 1 SYSTEMPATH\CodeIgniter.php(942): App\Controllers\Pengeluaran->index()
 2 SYSTEMPATH\CodeIgniter.php(502): CodeIgniter\CodeIgniter->runController(Object(App\Controllers\Pengeluaran))
 3 SYSTEMPATH\CodeIgniter.php(361): CodeIgniter\CodeIgniter->handleRequest(null, Object(Config\Cache), false)
 4 FCPATH\index.php(79): CodeIgniter\CodeIgniter->run()
 5 SYSTEMPATH\Commands\Server\rewrite.php(47): require_once('C:\\xampp\\htdocs\\PT. Beverly International\\public\\index.php')
INFO - 2024-04-03 02:11:30 --> Session: Class initialized using 'CodeIgniter\Session\Handlers\FileHandler' driver.
WARNING - 2024-04-03 02:11:30 --> [DEPRECATED] Creation of dynamic property App\Controllers\Pengeluaran::$PengeluaranModel is deprecated in APPPATH\Controllers\Pengeluaran.php on line 16.
 1 SYSTEMPATH\CodeIgniter.php(942): App\Controllers\Pengeluaran->index()
 2 SYSTEMPATH\CodeIgniter.php(502): CodeIgniter\CodeIgniter->runController(Object(App\Controllers\Pengeluaran))
 3 SYSTEMPATH\CodeIgniter.php(361): CodeIgniter\CodeIgniter->handleRequest(null, Object(Config\Cache), false)
 4 FCPATH\index.php(79): CodeIgniter\CodeIgniter->run()
 5 SYSTEMPATH\Commands\Server\rewrite.php(47): require_once('C:\\xampp\\htdocs\\PT. Beverly International\\public\\index.php')
INFO - 2024-04-03 02:28:05 --> Session: Class initialized using 'CodeIgniter\Session\Handlers\FileHandler' driver.
WARNING - 2024-04-03 02:28:05 --> [DEPRECATED] Creation of dynamic property App\Controllers\Pengeluaran::$PengeluaranModel is deprecated in APPPATH\Controllers\Pengeluaran.php on line 16.
 1 SYSTEMPATH\CodeIgniter.php(942): App\Controllers\Pengeluaran->index()
 2 SYSTEMPATH\CodeIgniter.php(502): CodeIgniter\CodeIgniter->runController(Object(App\Controllers\Pengeluaran))
 3 SYSTEMPATH\CodeIgniter.php(361): CodeIgniter\CodeIgniter->handleRequest(null, Object(Config\Cache), false)
 4 FCPATH\index.php(79): CodeIgniter\CodeIgniter->run()
 5 SYSTEMPATH\Commands\Server\rewrite.php(47): require_once('C:\\xampp\\htdocs\\PT. Beverly International\\public\\index.php')
INFO - 2024-04-03 02:28:15 --> Session: Class initialized using 'CodeIgniter\Session\Handlers\FileHandler' driver.
INFO - 2024-04-03 02:28:28 --> Session: Class initialized using 'CodeIgniter\Session\Handlers\FileHandler' driver.
INFO - 2024-04-03 02:28:28 --> Session: Class initialized using 'CodeIgniter\Session\Handlers\FileHandler' driver.
INFO - 2024-04-03 02:28:36 --> Session: Class initialized using 'CodeIgniter\Session\Handlers\FileHandler' driver.
WARNING - 2024-04-03 02:28:36 --> [DEPRECATED] Creation of dynamic property App\Controllers\Pendapatan::$PendapatanModel is deprecated in APPPATH\Controllers\Pendapatan.php on line 16.
 1 SYSTEMPATH\CodeIgniter.php(942): App\Controllers\Pendapatan->index()
 2 SYSTEMPATH\CodeIgniter.php(502): CodeIgniter\CodeIgniter->runController(Object(App\Controllers\Pendapatan))
 3 SYSTEMPATH\CodeIgniter.php(361): CodeIgniter\CodeIgniter->handleRequest(null, Object(Config\Cache), false)
 4 FCPATH\index.php(79): CodeIgniter\CodeIgniter->run()
 5 SYSTEMPATH\Commands\Server\rewrite.php(47): require_once('C:\\xampp\\htdocs\\PT. Beverly International\\public\\index.php')
INFO - 2024-04-03 02:28:40 --> Session: Class initialized using 'CodeIgniter\Session\Handlers\FileHandler' driver.
WARNING - 2024-04-03 02:28:40 --> [DEPRECATED] Creation of dynamic property App\Controllers\Pengeluaran::$PengeluaranModel is deprecated in APPPATH\Controllers\Pengeluaran.php on line 16.
 1 SYSTEMPATH\CodeIgniter.php(942): App\Controllers\Pengeluaran->index()
 2 SYSTEMPATH\CodeIgniter.php(502): CodeIgniter\CodeIgniter->runController(Object(App\Controllers\Pengeluaran))
 3 SYSTEMPATH\CodeIgniter.php(361): CodeIgniter\CodeIgniter->handleRequest(null, Object(Config\Cache), false)
 4 FCPATH\index.php(79): CodeIgniter\CodeIgniter->run()
 5 SYSTEMPATH\Commands\Server\rewrite.php(47): require_once('C:\\xampp\\htdocs\\PT. Beverly International\\public\\index.php')
INFO - 2024-04-03 02:28:42 --> Session: Class initialized using 'CodeIgniter\Session\Handlers\FileHandler' driver.
WARNING - 2024-04-03 02:28:42 --> [DEPRECATED] Creation of dynamic property App\Controllers\Kategori::$KategoriModel is deprecated in APPPATH\Controllers\Kategori.php on line 16.
 1 SYSTEMPATH\CodeIgniter.php(942): App\Controllers\Kategori->index()
 2 SYSTEMPATH\CodeIgniter.php(502): CodeIgniter\CodeIgniter->runController(Object(App\Controllers\Kategori))
 3 SYSTEMPATH\CodeIgniter.php(361): CodeIgniter\CodeIgniter->handleRequest(null, Object(Config\Cache), false)
 4 FCPATH\index.php(79): CodeIgniter\CodeIgniter->run()
 5 SYSTEMPATH\Commands\Server\rewrite.php(47): require_once('C:\\xampp\\htdocs\\PT. Beverly International\\public\\index.php')
INFO - 2024-04-03 02:47:01 --> Session: Class initialized using 'CodeIgniter\Session\Handlers\FileHandler' driver.
WARNING - 2024-04-03 02:47:01 --> [DEPRECATED] Creation of dynamic property App\Controllers\Kategori::$KategoriModel is deprecated in APPPATH\Controllers\Kategori.php on line 16.
 1 SYSTEMPATH\CodeIgniter.php(942): App\Controllers\Kategori->index()
 2 SYSTEMPATH\CodeIgniter.php(502): CodeIgniter\CodeIgniter->runController(Object(App\Controllers\Kategori))
 3 SYSTEMPATH\CodeIgniter.php(361): CodeIgniter\CodeIgniter->handleRequest(null, Object(Config\Cache), false)
 4 FCPATH\index.php(79): CodeIgniter\CodeIgniter->run()
 5 SYSTEMPATH\Commands\Server\rewrite.php(47): require_once('C:\\xampp\\htdocs\\PT. Beverly International\\public\\index.php')
CRITICAL - 2024-04-03 02:51:23 --> Maximum execution time of 60 seconds exceeded
in SYSTEMPATH\Database\MySQLi\Connection.php on line 307.
 1 [internal function]: CodeIgniter\Debug\Exceptions->shutdownHandler()
INFO - 2024-04-03 08:13:44 --> Session: Class initialized using 'CodeIgniter\Session\Handlers\FileHandler' driver.
INFO - 2024-04-03 08:13:45 --> Session: Class initialized using 'CodeIgniter\Session\Handlers\FileHandler' driver.
INFO - 2024-04-03 08:13:53 --> Session: Class initialized using 'CodeIgniter\Session\Handlers\FileHandler' driver.
INFO - 2024-04-03 08:15:58 --> Session: Class initialized using 'CodeIgniter\Session\Handlers\FileHandler' driver.
INFO - 2024-04-03 08:15:58 --> Session: Class initialized using 'CodeIgniter\Session\Handlers\FileHandler' driver.
INFO - 2024-04-03 08:16:05 --> Session: Class initialized using 'CodeIgniter\Session\Handlers\FileHandler' driver.
