INFO - 2024-07-16 08:40:11 --> Session: Class initialized using 'CodeIgniter\Session\Handlers\FileHandler' driver.
INFO - 2024-07-16 08:40:12 --> Session: Class initialized using 'CodeIgniter\Session\Handlers\FileHandler' driver.
INFO - 2024-07-16 08:40:20 --> Session: Class initialized using 'CodeIgniter\Session\Handlers\FileHandler' driver.
INFO - 2024-07-16 08:40:43 --> Session: Class initialized using 'CodeIgniter\Session\Handlers\FileHandler' driver.
INFO - 2024-07-16 08:40:47 --> Session: Class initialized using 'CodeIgniter\Session\Handlers\FileHandler' driver.
INFO - 2024-07-16 08:41:03 --> Session: Class initialized using 'CodeIgniter\Session\Handlers\FileHandler' driver.
INFO - 2024-07-16 08:41:22 --> Session: Class initialized using 'CodeIgniter\Session\Handlers\FileHandler' driver.
INFO - 2024-07-16 08:41:22 --> Session: Class initialized using 'CodeIgniter\Session\Handlers\FileHandler' driver.
INFO - 2024-07-16 08:41:29 --> Session: Class initialized using 'CodeIgniter\Session\Handlers\FileHandler' driver.
INFO - 2024-07-16 08:41:38 --> Session: Class initialized using 'CodeIgniter\Session\Handlers\FileHandler' driver.
INFO - 2024-07-16 08:41:39 --> Session: Class initialized using 'CodeIgniter\Session\Handlers\FileHandler' driver.
INFO - 2024-07-16 08:41:46 --> Session: Class initialized using 'CodeIgniter\Session\Handlers\FileHandler' driver.
INFO - 2024-07-16 08:41:57 --> Session: Class initialized using 'CodeIgniter\Session\Handlers\FileHandler' driver.
INFO - 2024-07-16 08:41:57 --> Session: Class initialized using 'CodeIgniter\Session\Handlers\FileHandler' driver.
INFO - 2024-07-16 08:42:05 --> Session: Class initialized using 'CodeIgniter\Session\Handlers\FileHandler' driver.
INFO - 2024-07-16 08:42:13 --> Session: Class initialized using 'CodeIgniter\Session\Handlers\FileHandler' driver.
INFO - 2024-07-16 08:42:13 --> Session: Class initialized using 'CodeIgniter\Session\Handlers\FileHandler' driver.
INFO - 2024-07-16 08:42:20 --> Session: Class initialized using 'CodeIgniter\Session\Handlers\FileHandler' driver.
INFO - 2024-07-16 08:42:29 --> Session: Class initialized using 'CodeIgniter\Session\Handlers\FileHandler' driver.
INFO - 2024-07-16 08:42:30 --> Session: Class initialized using 'CodeIgniter\Session\Handlers\FileHandler' driver.
INFO - 2024-07-16 08:43:21 --> Session: Class initialized using 'CodeIgniter\Session\Handlers\FileHandler' driver.
INFO - 2024-07-16 08:43:29 --> Session: Class initialized using 'CodeIgniter\Session\Handlers\FileHandler' driver.
INFO - 2024-07-16 08:43:30 --> Session: Class initialized using 'CodeIgniter\Session\Handlers\FileHandler' driver.
WARNING - 2024-07-16 08:43:34 --> [DEPRECATED] Creation of dynamic property App\Controllers\masuk::$stokModel is deprecated in APPPATH\Controllers\Masuk.php on line 24.
 1 SYSTEMPATH\CodeIgniter.php(942): App\Controllers\masuk->create()
 2 SYSTEMPATH\CodeIgniter.php(502): CodeIgniter\CodeIgniter->runController(Object(App\Controllers\masuk))
 3 SYSTEMPATH\CodeIgniter.php(361): CodeIgniter\CodeIgniter->handleRequest(null, Object(Config\Cache), false)
 4 FCPATH\index.php(79): CodeIgniter\CodeIgniter->run()
 5 SYSTEMPATH\Commands\Server\rewrite.php(47): require_once('D:\\PT. Beverly International1\\public\\index.php')
INFO - 2024-07-16 08:43:34 --> Session: Class initialized using 'CodeIgniter\Session\Handlers\FileHandler' driver.
INFO - 2024-07-16 08:43:54 --> Session: Class initialized using 'CodeIgniter\Session\Handlers\FileHandler' driver.
INFO - 2024-07-16 08:43:55 --> Session: Class initialized using 'CodeIgniter\Session\Handlers\FileHandler' driver.
INFO - 2024-07-16 08:44:03 --> Session: Class initialized using 'CodeIgniter\Session\Handlers\FileHandler' driver.
INFO - 2024-07-16 08:44:15 --> Session: Class initialized using 'CodeIgniter\Session\Handlers\FileHandler' driver.
WARNING - 2024-07-16 08:44:29 --> [DEPRECATED] Creation of dynamic property App\Controllers\Keluar::$stokModel is deprecated in APPPATH\Controllers\Keluar.php on line 24.
 1 SYSTEMPATH\CodeIgniter.php(942): App\Controllers\Keluar->create()
 2 SYSTEMPATH\CodeIgniter.php(502): CodeIgniter\CodeIgniter->runController(Object(App\Controllers\Keluar))
 3 SYSTEMPATH\CodeIgniter.php(361): CodeIgniter\CodeIgniter->handleRequest(null, Object(Config\Cache), false)
 4 FCPATH\index.php(79): CodeIgniter\CodeIgniter->run()
 5 SYSTEMPATH\Commands\Server\rewrite.php(47): require_once('D:\\PT. Beverly International1\\public\\index.php')
INFO - 2024-07-16 08:44:29 --> Session: Class initialized using 'CodeIgniter\Session\Handlers\FileHandler' driver.
INFO - 2024-07-16 08:44:46 --> Session: Class initialized using 'CodeIgniter\Session\Handlers\FileHandler' driver.
INFO - 2024-07-16 08:44:47 --> Session: Class initialized using 'CodeIgniter\Session\Handlers\FileHandler' driver.
INFO - 2024-07-16 08:45:28 --> Session: Class initialized using 'CodeIgniter\Session\Handlers\FileHandler' driver.
WARNING - 2024-07-16 08:45:42 --> [DEPRECATED] Creation of dynamic property App\Controllers\masuk::$stokModel is deprecated in APPPATH\Controllers\Masuk.php on line 24.
 1 SYSTEMPATH\CodeIgniter.php(942): App\Controllers\masuk->create()
 2 SYSTEMPATH\CodeIgniter.php(502): CodeIgniter\CodeIgniter->runController(Object(App\Controllers\masuk))
 3 SYSTEMPATH\CodeIgniter.php(361): CodeIgniter\CodeIgniter->handleRequest(null, Object(Config\Cache), false)
 4 FCPATH\index.php(79): CodeIgniter\CodeIgniter->run()
 5 SYSTEMPATH\Commands\Server\rewrite.php(47): require_once('D:\\PT. Beverly International1\\public\\index.php')
INFO - 2024-07-16 08:45:42 --> Session: Class initialized using 'CodeIgniter\Session\Handlers\FileHandler' driver.
INFO - 2024-07-16 08:46:03 --> Session: Class initialized using 'CodeIgniter\Session\Handlers\FileHandler' driver.
INFO - 2024-07-16 08:46:03 --> Session: Class initialized using 'CodeIgniter\Session\Handlers\FileHandler' driver.
WARNING - 2024-07-16 08:46:09 --> [DEPRECATED] Creation of dynamic property App\Controllers\masuk::$stokModel is deprecated in APPPATH\Controllers\Masuk.php on line 24.
 1 SYSTEMPATH\CodeIgniter.php(942): App\Controllers\masuk->create()
 2 SYSTEMPATH\CodeIgniter.php(502): CodeIgniter\CodeIgniter->runController(Object(App\Controllers\masuk))
 3 SYSTEMPATH\CodeIgniter.php(361): CodeIgniter\CodeIgniter->handleRequest(null, Object(Config\Cache), false)
 4 FCPATH\index.php(79): CodeIgniter\CodeIgniter->run()
 5 SYSTEMPATH\Commands\Server\rewrite.php(47): require_once('D:\\PT. Beverly International1\\public\\index.php')
INFO - 2024-07-16 08:46:09 --> Session: Class initialized using 'CodeIgniter\Session\Handlers\FileHandler' driver.
INFO - 2024-07-16 08:46:24 --> Session: Class initialized using 'CodeIgniter\Session\Handlers\FileHandler' driver.
INFO - 2024-07-16 08:46:25 --> Session: Class initialized using 'CodeIgniter\Session\Handlers\FileHandler' driver.
WARNING - 2024-07-16 08:46:32 --> [DEPRECATED] Creation of dynamic property App\Controllers\masuk::$stokModel is deprecated in APPPATH\Controllers\Masuk.php on line 24.
 1 SYSTEMPATH\CodeIgniter.php(942): App\Controllers\masuk->create()
 2 SYSTEMPATH\CodeIgniter.php(502): CodeIgniter\CodeIgniter->runController(Object(App\Controllers\masuk))
 3 SYSTEMPATH\CodeIgniter.php(361): CodeIgniter\CodeIgniter->handleRequest(null, Object(Config\Cache), false)
 4 FCPATH\index.php(79): CodeIgniter\CodeIgniter->run()
 5 SYSTEMPATH\Commands\Server\rewrite.php(47): require_once('D:\\PT. Beverly International1\\public\\index.php')
INFO - 2024-07-16 08:46:32 --> Session: Class initialized using 'CodeIgniter\Session\Handlers\FileHandler' driver.
INFO - 2024-07-16 08:46:52 --> Session: Class initialized using 'CodeIgniter\Session\Handlers\FileHandler' driver.
INFO - 2024-07-16 08:46:52 --> Session: Class initialized using 'CodeIgniter\Session\Handlers\FileHandler' driver.
WARNING - 2024-07-16 08:46:59 --> [DEPRECATED] Creation of dynamic property App\Controllers\masuk::$stokModel is deprecated in APPPATH\Controllers\Masuk.php on line 24.
 1 SYSTEMPATH\CodeIgniter.php(942): App\Controllers\masuk->create()
 2 SYSTEMPATH\CodeIgniter.php(502): CodeIgniter\CodeIgniter->runController(Object(App\Controllers\masuk))
 3 SYSTEMPATH\CodeIgniter.php(361): CodeIgniter\CodeIgniter->handleRequest(null, Object(Config\Cache), false)
 4 FCPATH\index.php(79): CodeIgniter\CodeIgniter->run()
 5 SYSTEMPATH\Commands\Server\rewrite.php(47): require_once('D:\\PT. Beverly International1\\public\\index.php')
INFO - 2024-07-16 08:46:59 --> Session: Class initialized using 'CodeIgniter\Session\Handlers\FileHandler' driver.
INFO - 2024-07-16 08:47:17 --> Session: Class initialized using 'CodeIgniter\Session\Handlers\FileHandler' driver.
INFO - 2024-07-16 08:47:17 --> Session: Class initialized using 'CodeIgniter\Session\Handlers\FileHandler' driver.
INFO - 2024-07-16 08:47:26 --> Session: Class initialized using 'CodeIgniter\Session\Handlers\FileHandler' driver.
WARNING - 2024-07-16 08:47:33 --> [DEPRECATED] Creation of dynamic property App\Controllers\Keluar::$stokModel is deprecated in APPPATH\Controllers\Keluar.php on line 24.
 1 SYSTEMPATH\CodeIgniter.php(942): App\Controllers\Keluar->create()
 2 SYSTEMPATH\CodeIgniter.php(502): CodeIgniter\CodeIgniter->runController(Object(App\Controllers\Keluar))
 3 SYSTEMPATH\CodeIgniter.php(361): CodeIgniter\CodeIgniter->handleRequest(null, Object(Config\Cache), false)
 4 FCPATH\index.php(79): CodeIgniter\CodeIgniter->run()
 5 SYSTEMPATH\Commands\Server\rewrite.php(47): require_once('D:\\PT. Beverly International1\\public\\index.php')
INFO - 2024-07-16 08:47:33 --> Session: Class initialized using 'CodeIgniter\Session\Handlers\FileHandler' driver.
INFO - 2024-07-16 08:47:54 --> Session: Class initialized using 'CodeIgniter\Session\Handlers\FileHandler' driver.
INFO - 2024-07-16 08:47:54 --> Session: Class initialized using 'CodeIgniter\Session\Handlers\FileHandler' driver.
WARNING - 2024-07-16 08:47:59 --> [DEPRECATED] Creation of dynamic property App\Controllers\Keluar::$stokModel is deprecated in APPPATH\Controllers\Keluar.php on line 24.
 1 SYSTEMPATH\CodeIgniter.php(942): App\Controllers\Keluar->create()
 2 SYSTEMPATH\CodeIgniter.php(502): CodeIgniter\CodeIgniter->runController(Object(App\Controllers\Keluar))
 3 SYSTEMPATH\CodeIgniter.php(361): CodeIgniter\CodeIgniter->handleRequest(null, Object(Config\Cache), false)
 4 FCPATH\index.php(79): CodeIgniter\CodeIgniter->run()
 5 SYSTEMPATH\Commands\Server\rewrite.php(47): require_once('D:\\PT. Beverly International1\\public\\index.php')
INFO - 2024-07-16 08:47:59 --> Session: Class initialized using 'CodeIgniter\Session\Handlers\FileHandler' driver.
INFO - 2024-07-16 08:48:18 --> Session: Class initialized using 'CodeIgniter\Session\Handlers\FileHandler' driver.
INFO - 2024-07-16 08:48:18 --> Session: Class initialized using 'CodeIgniter\Session\Handlers\FileHandler' driver.
WARNING - 2024-07-16 08:48:24 --> [DEPRECATED] Creation of dynamic property App\Controllers\Keluar::$stokModel is deprecated in APPPATH\Controllers\Keluar.php on line 24.
 1 SYSTEMPATH\CodeIgniter.php(942): App\Controllers\Keluar->create()
 2 SYSTEMPATH\CodeIgniter.php(502): CodeIgniter\CodeIgniter->runController(Object(App\Controllers\Keluar))
 3 SYSTEMPATH\CodeIgniter.php(361): CodeIgniter\CodeIgniter->handleRequest(null, Object(Config\Cache), false)
 4 FCPATH\index.php(79): CodeIgniter\CodeIgniter->run()
 5 SYSTEMPATH\Commands\Server\rewrite.php(47): require_once('D:\\PT. Beverly International1\\public\\index.php')
INFO - 2024-07-16 08:48:24 --> Session: Class initialized using 'CodeIgniter\Session\Handlers\FileHandler' driver.
INFO - 2024-07-16 08:48:41 --> Session: Class initialized using 'CodeIgniter\Session\Handlers\FileHandler' driver.
INFO - 2024-07-16 08:48:42 --> Session: Class initialized using 'CodeIgniter\Session\Handlers\FileHandler' driver.
WARNING - 2024-07-16 08:48:46 --> [DEPRECATED] Creation of dynamic property App\Controllers\Keluar::$stokModel is deprecated in APPPATH\Controllers\Keluar.php on line 24.
 1 SYSTEMPATH\CodeIgniter.php(942): App\Controllers\Keluar->create()
 2 SYSTEMPATH\CodeIgniter.php(502): CodeIgniter\CodeIgniter->runController(Object(App\Controllers\Keluar))
 3 SYSTEMPATH\CodeIgniter.php(361): CodeIgniter\CodeIgniter->handleRequest(null, Object(Config\Cache), false)
 4 FCPATH\index.php(79): CodeIgniter\CodeIgniter->run()
 5 SYSTEMPATH\Commands\Server\rewrite.php(47): require_once('D:\\PT. Beverly International1\\public\\index.php')
INFO - 2024-07-16 08:48:46 --> Session: Class initialized using 'CodeIgniter\Session\Handlers\FileHandler' driver.
INFO - 2024-07-16 08:49:02 --> Session: Class initialized using 'CodeIgniter\Session\Handlers\FileHandler' driver.
INFO - 2024-07-16 08:49:03 --> Session: Class initialized using 'CodeIgniter\Session\Handlers\FileHandler' driver.
INFO - 2024-07-16 08:49:08 --> Session: Class initialized using 'CodeIgniter\Session\Handlers\FileHandler' driver.
WARNING - 2024-07-16 08:49:14 --> [DEPRECATED] Creation of dynamic property App\Controllers\pembelian::$stokModel is deprecated in APPPATH\Controllers\Pembelian.php on line 26.
 1 SYSTEMPATH\CodeIgniter.php(942): App\Controllers\pembelian->create()
 2 SYSTEMPATH\CodeIgniter.php(502): CodeIgniter\CodeIgniter->runController(Object(App\Controllers\pembelian))
 3 SYSTEMPATH\CodeIgniter.php(361): CodeIgniter\CodeIgniter->handleRequest(null, Object(Config\Cache), false)
 4 FCPATH\index.php(79): CodeIgniter\CodeIgniter->run()
 5 SYSTEMPATH\Commands\Server\rewrite.php(47): require_once('D:\\PT. Beverly International1\\public\\index.php')
INFO - 2024-07-16 08:49:14 --> Session: Class initialized using 'CodeIgniter\Session\Handlers\FileHandler' driver.
INFO - 2024-07-16 08:51:15 --> Session: Class initialized using 'CodeIgniter\Session\Handlers\FileHandler' driver.
INFO - 2024-07-16 08:51:31 --> Session: Class initialized using 'CodeIgniter\Session\Handlers\FileHandler' driver.
INFO - 2024-07-16 08:51:33 --> Session: Class initialized using 'CodeIgniter\Session\Handlers\FileHandler' driver.
WARNING - 2024-07-16 08:51:39 --> [DEPRECATED] Creation of dynamic property App\Controllers\pembelian::$stokModel is deprecated in APPPATH\Controllers\Pembelian.php on line 26.
 1 SYSTEMPATH\CodeIgniter.php(942): App\Controllers\pembelian->create()
 2 SYSTEMPATH\CodeIgniter.php(502): CodeIgniter\CodeIgniter->runController(Object(App\Controllers\pembelian))
 3 SYSTEMPATH\CodeIgniter.php(361): CodeIgniter\CodeIgniter->handleRequest(null, Object(Config\Cache), false)
 4 FCPATH\index.php(79): CodeIgniter\CodeIgniter->run()
 5 SYSTEMPATH\Commands\Server\rewrite.php(47): require_once('D:\\PT. Beverly International1\\public\\index.php')
INFO - 2024-07-16 08:51:39 --> Session: Class initialized using 'CodeIgniter\Session\Handlers\FileHandler' driver.
INFO - 2024-07-16 08:52:04 --> Session: Class initialized using 'CodeIgniter\Session\Handlers\FileHandler' driver.
INFO - 2024-07-16 08:52:05 --> Session: Class initialized using 'CodeIgniter\Session\Handlers\FileHandler' driver.
INFO - 2024-07-16 08:52:09 --> Session: Class initialized using 'CodeIgniter\Session\Handlers\FileHandler' driver.
WARNING - 2024-07-16 08:52:14 --> [DEPRECATED] Creation of dynamic property App\Controllers\pembelian::$stokModel is deprecated in APPPATH\Controllers\Pembelian.php on line 26.
 1 SYSTEMPATH\CodeIgniter.php(942): App\Controllers\pembelian->create()
 2 SYSTEMPATH\CodeIgniter.php(502): CodeIgniter\CodeIgniter->runController(Object(App\Controllers\pembelian))
 3 SYSTEMPATH\CodeIgniter.php(361): CodeIgniter\CodeIgniter->handleRequest(null, Object(Config\Cache), false)
 4 FCPATH\index.php(79): CodeIgniter\CodeIgniter->run()
 5 SYSTEMPATH\Commands\Server\rewrite.php(47): require_once('D:\\PT. Beverly International1\\public\\index.php')
INFO - 2024-07-16 08:52:14 --> Session: Class initialized using 'CodeIgniter\Session\Handlers\FileHandler' driver.
INFO - 2024-07-16 08:52:41 --> Session: Class initialized using 'CodeIgniter\Session\Handlers\FileHandler' driver.
INFO - 2024-07-16 08:52:41 --> Session: Class initialized using 'CodeIgniter\Session\Handlers\FileHandler' driver.
INFO - 2024-07-16 08:52:46 --> Session: Class initialized using 'CodeIgniter\Session\Handlers\FileHandler' driver.
WARNING - 2024-07-16 08:52:56 --> [DEPRECATED] Creation of dynamic property App\Controllers\pembelian::$stokModel is deprecated in APPPATH\Controllers\Pembelian.php on line 26.
 1 SYSTEMPATH\CodeIgniter.php(942): App\Controllers\pembelian->create()
 2 SYSTEMPATH\CodeIgniter.php(502): CodeIgniter\CodeIgniter->runController(Object(App\Controllers\pembelian))
 3 SYSTEMPATH\CodeIgniter.php(361): CodeIgniter\CodeIgniter->handleRequest(null, Object(Config\Cache), false)
 4 FCPATH\index.php(79): CodeIgniter\CodeIgniter->run()
 5 SYSTEMPATH\Commands\Server\rewrite.php(47): require_once('D:\\PT. Beverly International1\\public\\index.php')
INFO - 2024-07-16 08:52:56 --> Session: Class initialized using 'CodeIgniter\Session\Handlers\FileHandler' driver.
INFO - 2024-07-16 08:53:36 --> Session: Class initialized using 'CodeIgniter\Session\Handlers\FileHandler' driver.
INFO - 2024-07-16 08:53:38 --> Session: Class initialized using 'CodeIgniter\Session\Handlers\FileHandler' driver.
INFO - 2024-07-16 08:53:47 --> Session: Class initialized using 'CodeIgniter\Session\Handlers\FileHandler' driver.
WARNING - 2024-07-16 08:53:55 --> [DEPRECATED] Creation of dynamic property App\Controllers\pembelian::$stokModel is deprecated in APPPATH\Controllers\Pembelian.php on line 26.
 1 SYSTEMPATH\CodeIgniter.php(942): App\Controllers\pembelian->create()
 2 SYSTEMPATH\CodeIgniter.php(502): CodeIgniter\CodeIgniter->runController(Object(App\Controllers\pembelian))
 3 SYSTEMPATH\CodeIgniter.php(361): CodeIgniter\CodeIgniter->handleRequest(null, Object(Config\Cache), false)
 4 FCPATH\index.php(79): CodeIgniter\CodeIgniter->run()
 5 SYSTEMPATH\Commands\Server\rewrite.php(47): require_once('D:\\PT. Beverly International1\\public\\index.php')
INFO - 2024-07-16 08:53:55 --> Session: Class initialized using 'CodeIgniter\Session\Handlers\FileHandler' driver.
INFO - 2024-07-16 08:54:19 --> Session: Class initialized using 'CodeIgniter\Session\Handlers\FileHandler' driver.
INFO - 2024-07-16 08:54:20 --> Session: Class initialized using 'CodeIgniter\Session\Handlers\FileHandler' driver.
INFO - 2024-07-16 08:54:23 --> Session: Class initialized using 'CodeIgniter\Session\Handlers\FileHandler' driver.
WARNING - 2024-07-16 08:55:11 --> [DEPRECATED] Creation of dynamic property App\Controllers\Laporan::$stokModel is deprecated in APPPATH\Controllers\Laporan.php on line 28.
 1 SYSTEMPATH\CodeIgniter.php(914): App\Controllers\Laporan->__construct()
 2 SYSTEMPATH\CodeIgniter.php(493): CodeIgniter\CodeIgniter->createController()
 3 SYSTEMPATH\CodeIgniter.php(361): CodeIgniter\CodeIgniter->handleRequest(null, Object(Config\Cache), false)
 4 FCPATH\index.php(79): CodeIgniter\CodeIgniter->run()
 5 SYSTEMPATH\Commands\Server\rewrite.php(47): require_once('D:\\PT. Beverly International1\\public\\index.php')
INFO - 2024-07-16 08:55:11 --> Session: Class initialized using 'CodeIgniter\Session\Handlers\FileHandler' driver.
INFO - 2024-07-16 08:55:21 --> Session: Class initialized using 'CodeIgniter\Session\Handlers\FileHandler' driver.
INFO - 2024-07-16 08:55:29 --> Session: Class initialized using 'CodeIgniter\Session\Handlers\FileHandler' driver.
INFO - 2024-07-16 08:55:36 --> Session: Class initialized using 'CodeIgniter\Session\Handlers\FileHandler' driver.
INFO - 2024-07-16 08:55:42 --> Session: Class initialized using 'CodeIgniter\Session\Handlers\FileHandler' driver.
INFO - 2024-07-16 08:55:58 --> Session: Class initialized using 'CodeIgniter\Session\Handlers\FileHandler' driver.
INFO - 2024-07-16 08:56:13 --> Session: Class initialized using 'CodeIgniter\Session\Handlers\FileHandler' driver.
INFO - 2024-07-16 08:56:17 --> Session: Class initialized using 'CodeIgniter\Session\Handlers\FileHandler' driver.
INFO - 2024-07-16 08:56:24 --> Session: Class initialized using 'CodeIgniter\Session\Handlers\FileHandler' driver.
INFO - 2024-07-16 08:56:24 --> Session: Class initialized using 'CodeIgniter\Session\Handlers\FileHandler' driver.
INFO - 2024-07-16 08:56:33 --> Session: Class initialized using 'CodeIgniter\Session\Handlers\FileHandler' driver.
WARNING - 2024-07-16 08:58:26 --> [DEPRECATED] Creation of dynamic property App\Controllers\Laporan::$stokModel is deprecated in APPPATH\Controllers\Laporan.php on line 28.
 1 SYSTEMPATH\CodeIgniter.php(914): App\Controllers\Laporan->__construct()
 2 SYSTEMPATH\CodeIgniter.php(493): CodeIgniter\CodeIgniter->createController()
 3 SYSTEMPATH\CodeIgniter.php(361): CodeIgniter\CodeIgniter->handleRequest(null, Object(Config\Cache), false)
 4 FCPATH\index.php(79): CodeIgniter\CodeIgniter->run()
 5 SYSTEMPATH\Commands\Server\rewrite.php(47): require_once('D:\\PT. Beverly International1\\public\\index.php')
INFO - 2024-07-16 08:58:26 --> Session: Class initialized using 'CodeIgniter\Session\Handlers\FileHandler' driver.
WARNING - 2024-07-16 08:58:35 --> [DEPRECATED] Creation of dynamic property App\Controllers\Laporan::$stokModel is deprecated in APPPATH\Controllers\Laporan.php on line 28.
 1 SYSTEMPATH\CodeIgniter.php(914): App\Controllers\Laporan->__construct()
 2 SYSTEMPATH\CodeIgniter.php(493): CodeIgniter\CodeIgniter->createController()
 3 SYSTEMPATH\CodeIgniter.php(361): CodeIgniter\CodeIgniter->handleRequest(null, Object(Config\Cache), false)
 4 FCPATH\index.php(79): CodeIgniter\CodeIgniter->run()
 5 SYSTEMPATH\Commands\Server\rewrite.php(47): require_once('D:\\PT. Beverly International1\\public\\index.php')
INFO - 2024-07-16 08:58:35 --> Session: Class initialized using 'CodeIgniter\Session\Handlers\FileHandler' driver.
WARNING - 2024-07-16 08:58:59 --> [DEPRECATED] Creation of dynamic property App\Controllers\Laporan::$stokModel is deprecated in APPPATH\Controllers\Laporan.php on line 28.
 1 SYSTEMPATH\CodeIgniter.php(914): App\Controllers\Laporan->__construct()
 2 SYSTEMPATH\CodeIgniter.php(493): CodeIgniter\CodeIgniter->createController()
 3 SYSTEMPATH\CodeIgniter.php(361): CodeIgniter\CodeIgniter->handleRequest(null, Object(Config\Cache), false)
 4 FCPATH\index.php(79): CodeIgniter\CodeIgniter->run()
 5 SYSTEMPATH\Commands\Server\rewrite.php(47): require_once('D:\\PT. Beverly International1\\public\\index.php')
INFO - 2024-07-16 08:58:59 --> Session: Class initialized using 'CodeIgniter\Session\Handlers\FileHandler' driver.
WARNING - 2024-07-16 09:00:04 --> [DEPRECATED] Creation of dynamic property App\Controllers\Laporan::$stokModel is deprecated in APPPATH\Controllers\Laporan.php on line 28.
 1 SYSTEMPATH\CodeIgniter.php(914): App\Controllers\Laporan->__construct()
 2 SYSTEMPATH\CodeIgniter.php(493): CodeIgniter\CodeIgniter->createController()
 3 SYSTEMPATH\CodeIgniter.php(361): CodeIgniter\CodeIgniter->handleRequest(null, Object(Config\Cache), false)
 4 FCPATH\index.php(79): CodeIgniter\CodeIgniter->run()
 5 SYSTEMPATH\Commands\Server\rewrite.php(47): require_once('D:\\PT. Beverly International1\\public\\index.php')
INFO - 2024-07-16 09:00:04 --> Session: Class initialized using 'CodeIgniter\Session\Handlers\FileHandler' driver.
WARNING - 2024-07-16 09:00:28 --> [DEPRECATED] Creation of dynamic property App\Controllers\Laporan::$stokModel is deprecated in APPPATH\Controllers\Laporan.php on line 28.
 1 SYSTEMPATH\CodeIgniter.php(914): App\Controllers\Laporan->__construct()
 2 SYSTEMPATH\CodeIgniter.php(493): CodeIgniter\CodeIgniter->createController()
 3 SYSTEMPATH\CodeIgniter.php(361): CodeIgniter\CodeIgniter->handleRequest(null, Object(Config\Cache), false)
 4 FCPATH\index.php(79): CodeIgniter\CodeIgniter->run()
 5 SYSTEMPATH\Commands\Server\rewrite.php(47): require_once('D:\\PT. Beverly International1\\public\\index.php')
INFO - 2024-07-16 09:00:28 --> Session: Class initialized using 'CodeIgniter\Session\Handlers\FileHandler' driver.
WARNING - 2024-07-16 09:02:13 --> [DEPRECATED] Creation of dynamic property App\Controllers\Laporan::$stokModel is deprecated in APPPATH\Controllers\Laporan.php on line 28.
 1 SYSTEMPATH\CodeIgniter.php(914): App\Controllers\Laporan->__construct()
 2 SYSTEMPATH\CodeIgniter.php(493): CodeIgniter\CodeIgniter->createController()
 3 SYSTEMPATH\CodeIgniter.php(361): CodeIgniter\CodeIgniter->handleRequest(null, Object(Config\Cache), false)
 4 FCPATH\index.php(79): CodeIgniter\CodeIgniter->run()
 5 SYSTEMPATH\Commands\Server\rewrite.php(47): require_once('D:\\PT. Beverly International1\\public\\index.php')
INFO - 2024-07-16 09:02:13 --> Session: Class initialized using 'CodeIgniter\Session\Handlers\FileHandler' driver.
WARNING - 2024-07-16 09:03:09 --> [DEPRECATED] Creation of dynamic property App\Controllers\Laporan::$stokModel is deprecated in APPPATH\Controllers\Laporan.php on line 28.
 1 SYSTEMPATH\CodeIgniter.php(914): App\Controllers\Laporan->__construct()
 2 SYSTEMPATH\CodeIgniter.php(493): CodeIgniter\CodeIgniter->createController()
 3 SYSTEMPATH\CodeIgniter.php(361): CodeIgniter\CodeIgniter->handleRequest(null, Object(Config\Cache), false)
 4 FCPATH\index.php(79): CodeIgniter\CodeIgniter->run()
 5 SYSTEMPATH\Commands\Server\rewrite.php(47): require_once('D:\\PT. Beverly International1\\public\\index.php')
INFO - 2024-07-16 09:03:09 --> Session: Class initialized using 'CodeIgniter\Session\Handlers\FileHandler' driver.
WARNING - 2024-07-16 09:03:14 --> [DEPRECATED] Creation of dynamic property App\Controllers\Laporan::$stokModel is deprecated in APPPATH\Controllers\Laporan.php on line 28.
 1 SYSTEMPATH\CodeIgniter.php(914): App\Controllers\Laporan->__construct()
 2 SYSTEMPATH\CodeIgniter.php(493): CodeIgniter\CodeIgniter->createController()
 3 SYSTEMPATH\CodeIgniter.php(361): CodeIgniter\CodeIgniter->handleRequest(null, Object(Config\Cache), false)
 4 FCPATH\index.php(79): CodeIgniter\CodeIgniter->run()
 5 SYSTEMPATH\Commands\Server\rewrite.php(47): require_once('D:\\PT. Beverly International1\\public\\index.php')
INFO - 2024-07-16 09:03:14 --> Session: Class initialized using 'CodeIgniter\Session\Handlers\FileHandler' driver.
WARNING - 2024-07-16 09:03:21 --> [DEPRECATED] Creation of dynamic property App\Controllers\Laporan::$stokModel is deprecated in APPPATH\Controllers\Laporan.php on line 28.
 1 SYSTEMPATH\CodeIgniter.php(914): App\Controllers\Laporan->__construct()
 2 SYSTEMPATH\CodeIgniter.php(493): CodeIgniter\CodeIgniter->createController()
 3 SYSTEMPATH\CodeIgniter.php(361): CodeIgniter\CodeIgniter->handleRequest(null, Object(Config\Cache), false)
 4 FCPATH\index.php(79): CodeIgniter\CodeIgniter->run()
 5 SYSTEMPATH\Commands\Server\rewrite.php(47): require_once('D:\\PT. Beverly International1\\public\\index.php')
INFO - 2024-07-16 09:03:21 --> Session: Class initialized using 'CodeIgniter\Session\Handlers\FileHandler' driver.
WARNING - 2024-07-16 09:03:38 --> [DEPRECATED] Creation of dynamic property App\Controllers\Laporan::$stokModel is deprecated in APPPATH\Controllers\Laporan.php on line 28.
 1 SYSTEMPATH\CodeIgniter.php(914): App\Controllers\Laporan->__construct()
 2 SYSTEMPATH\CodeIgniter.php(493): CodeIgniter\CodeIgniter->createController()
 3 SYSTEMPATH\CodeIgniter.php(361): CodeIgniter\CodeIgniter->handleRequest(null, Object(Config\Cache), false)
 4 FCPATH\index.php(79): CodeIgniter\CodeIgniter->run()
 5 SYSTEMPATH\Commands\Server\rewrite.php(47): require_once('D:\\PT. Beverly International1\\public\\index.php')
INFO - 2024-07-16 09:03:38 --> Session: Class initialized using 'CodeIgniter\Session\Handlers\FileHandler' driver.
WARNING - 2024-07-16 09:04:31 --> [DEPRECATED] Creation of dynamic property App\Controllers\Laporan::$stokModel is deprecated in APPPATH\Controllers\Laporan.php on line 28.
 1 SYSTEMPATH\CodeIgniter.php(914): App\Controllers\Laporan->__construct()
 2 SYSTEMPATH\CodeIgniter.php(493): CodeIgniter\CodeIgniter->createController()
 3 SYSTEMPATH\CodeIgniter.php(361): CodeIgniter\CodeIgniter->handleRequest(null, Object(Config\Cache), false)
 4 FCPATH\index.php(79): CodeIgniter\CodeIgniter->run()
 5 SYSTEMPATH\Commands\Server\rewrite.php(47): require_once('D:\\PT. Beverly International1\\public\\index.php')
INFO - 2024-07-16 09:04:31 --> Session: Class initialized using 'CodeIgniter\Session\Handlers\FileHandler' driver.
WARNING - 2024-07-16 09:04:37 --> [DEPRECATED] Creation of dynamic property App\Controllers\Laporan::$stokModel is deprecated in APPPATH\Controllers\Laporan.php on line 28.
 1 SYSTEMPATH\CodeIgniter.php(914): App\Controllers\Laporan->__construct()
 2 SYSTEMPATH\CodeIgniter.php(493): CodeIgniter\CodeIgniter->createController()
 3 SYSTEMPATH\CodeIgniter.php(361): CodeIgniter\CodeIgniter->handleRequest(null, Object(Config\Cache), false)
 4 FCPATH\index.php(79): CodeIgniter\CodeIgniter->run()
 5 SYSTEMPATH\Commands\Server\rewrite.php(47): require_once('D:\\PT. Beverly International1\\public\\index.php')
INFO - 2024-07-16 09:04:37 --> Session: Class initialized using 'CodeIgniter\Session\Handlers\FileHandler' driver.
WARNING - 2024-07-16 09:04:52 --> [DEPRECATED] Creation of dynamic property App\Controllers\Laporan::$stokModel is deprecated in APPPATH\Controllers\Laporan.php on line 28.
 1 SYSTEMPATH\CodeIgniter.php(914): App\Controllers\Laporan->__construct()
 2 SYSTEMPATH\CodeIgniter.php(493): CodeIgniter\CodeIgniter->createController()
 3 SYSTEMPATH\CodeIgniter.php(361): CodeIgniter\CodeIgniter->handleRequest(null, Object(Config\Cache), false)
 4 FCPATH\index.php(79): CodeIgniter\CodeIgniter->run()
 5 SYSTEMPATH\Commands\Server\rewrite.php(47): require_once('D:\\PT. Beverly International1\\public\\index.php')
INFO - 2024-07-16 09:04:52 --> Session: Class initialized using 'CodeIgniter\Session\Handlers\FileHandler' driver.
WARNING - 2024-07-16 09:04:56 --> [DEPRECATED] Creation of dynamic property App\Controllers\Laporan::$stokModel is deprecated in APPPATH\Controllers\Laporan.php on line 28.
 1 SYSTEMPATH\CodeIgniter.php(914): App\Controllers\Laporan->__construct()
 2 SYSTEMPATH\CodeIgniter.php(493): CodeIgniter\CodeIgniter->createController()
 3 SYSTEMPATH\CodeIgniter.php(361): CodeIgniter\CodeIgniter->handleRequest(null, Object(Config\Cache), false)
 4 FCPATH\index.php(79): CodeIgniter\CodeIgniter->run()
 5 SYSTEMPATH\Commands\Server\rewrite.php(47): require_once('D:\\PT. Beverly International1\\public\\index.php')
INFO - 2024-07-16 09:04:57 --> Session: Class initialized using 'CodeIgniter\Session\Handlers\FileHandler' driver.
WARNING - 2024-07-16 09:05:02 --> [DEPRECATED] Creation of dynamic property App\Controllers\Laporan::$stokModel is deprecated in APPPATH\Controllers\Laporan.php on line 28.
 1 SYSTEMPATH\CodeIgniter.php(914): App\Controllers\Laporan->__construct()
 2 SYSTEMPATH\CodeIgniter.php(493): CodeIgniter\CodeIgniter->createController()
 3 SYSTEMPATH\CodeIgniter.php(361): CodeIgniter\CodeIgniter->handleRequest(null, Object(Config\Cache), false)
 4 FCPATH\index.php(79): CodeIgniter\CodeIgniter->run()
 5 SYSTEMPATH\Commands\Server\rewrite.php(47): require_once('D:\\PT. Beverly International1\\public\\index.php')
INFO - 2024-07-16 09:05:02 --> Session: Class initialized using 'CodeIgniter\Session\Handlers\FileHandler' driver.
WARNING - 2024-07-16 09:05:34 --> [DEPRECATED] Creation of dynamic property App\Controllers\Laporan::$stokModel is deprecated in APPPATH\Controllers\Laporan.php on line 28.
 1 SYSTEMPATH\CodeIgniter.php(914): App\Controllers\Laporan->__construct()
 2 SYSTEMPATH\CodeIgniter.php(493): CodeIgniter\CodeIgniter->createController()
 3 SYSTEMPATH\CodeIgniter.php(361): CodeIgniter\CodeIgniter->handleRequest(null, Object(Config\Cache), false)
 4 FCPATH\index.php(79): CodeIgniter\CodeIgniter->run()
 5 SYSTEMPATH\Commands\Server\rewrite.php(47): require_once('D:\\PT. Beverly International1\\public\\index.php')
INFO - 2024-07-16 09:05:34 --> Session: Class initialized using 'CodeIgniter\Session\Handlers\FileHandler' driver.
WARNING - 2024-07-16 09:06:08 --> [DEPRECATED] Creation of dynamic property App\Controllers\Laporan::$stokModel is deprecated in APPPATH\Controllers\Laporan.php on line 28.
 1 SYSTEMPATH\CodeIgniter.php(914): App\Controllers\Laporan->__construct()
 2 SYSTEMPATH\CodeIgniter.php(493): CodeIgniter\CodeIgniter->createController()
 3 SYSTEMPATH\CodeIgniter.php(361): CodeIgniter\CodeIgniter->handleRequest(null, Object(Config\Cache), false)
 4 FCPATH\index.php(79): CodeIgniter\CodeIgniter->run()
 5 SYSTEMPATH\Commands\Server\rewrite.php(47): require_once('D:\\PT. Beverly International1\\public\\index.php')
INFO - 2024-07-16 09:06:08 --> Session: Class initialized using 'CodeIgniter\Session\Handlers\FileHandler' driver.
WARNING - 2024-07-16 09:06:12 --> [DEPRECATED] Creation of dynamic property App\Controllers\Laporan::$stokModel is deprecated in APPPATH\Controllers\Laporan.php on line 28.
 1 SYSTEMPATH\CodeIgniter.php(914): App\Controllers\Laporan->__construct()
 2 SYSTEMPATH\CodeIgniter.php(493): CodeIgniter\CodeIgniter->createController()
 3 SYSTEMPATH\CodeIgniter.php(361): CodeIgniter\CodeIgniter->handleRequest(null, Object(Config\Cache), false)
 4 FCPATH\index.php(79): CodeIgniter\CodeIgniter->run()
 5 SYSTEMPATH\Commands\Server\rewrite.php(47): require_once('D:\\PT. Beverly International1\\public\\index.php')
INFO - 2024-07-16 09:06:12 --> Session: Class initialized using 'CodeIgniter\Session\Handlers\FileHandler' driver.
WARNING - 2024-07-16 09:06:29 --> [DEPRECATED] Creation of dynamic property App\Controllers\Laporan::$stokModel is deprecated in APPPATH\Controllers\Laporan.php on line 28.
 1 SYSTEMPATH\CodeIgniter.php(914): App\Controllers\Laporan->__construct()
 2 SYSTEMPATH\CodeIgniter.php(493): CodeIgniter\CodeIgniter->createController()
 3 SYSTEMPATH\CodeIgniter.php(361): CodeIgniter\CodeIgniter->handleRequest(null, Object(Config\Cache), false)
 4 FCPATH\index.php(79): CodeIgniter\CodeIgniter->run()
 5 SYSTEMPATH\Commands\Server\rewrite.php(47): require_once('D:\\PT. Beverly International1\\public\\index.php')
INFO - 2024-07-16 09:06:29 --> Session: Class initialized using 'CodeIgniter\Session\Handlers\FileHandler' driver.
WARNING - 2024-07-16 09:06:32 --> [DEPRECATED] Creation of dynamic property App\Controllers\Laporan::$stokModel is deprecated in APPPATH\Controllers\Laporan.php on line 28.
 1 SYSTEMPATH\CodeIgniter.php(914): App\Controllers\Laporan->__construct()
 2 SYSTEMPATH\CodeIgniter.php(493): CodeIgniter\CodeIgniter->createController()
 3 SYSTEMPATH\CodeIgniter.php(361): CodeIgniter\CodeIgniter->handleRequest(null, Object(Config\Cache), false)
 4 FCPATH\index.php(79): CodeIgniter\CodeIgniter->run()
 5 SYSTEMPATH\Commands\Server\rewrite.php(47): require_once('D:\\PT. Beverly International1\\public\\index.php')
INFO - 2024-07-16 09:06:32 --> Session: Class initialized using 'CodeIgniter\Session\Handlers\FileHandler' driver.
WARNING - 2024-07-16 09:06:37 --> [DEPRECATED] Creation of dynamic property App\Controllers\Laporan::$stokModel is deprecated in APPPATH\Controllers\Laporan.php on line 28.
 1 SYSTEMPATH\CodeIgniter.php(914): App\Controllers\Laporan->__construct()
 2 SYSTEMPATH\CodeIgniter.php(493): CodeIgniter\CodeIgniter->createController()
 3 SYSTEMPATH\CodeIgniter.php(361): CodeIgniter\CodeIgniter->handleRequest(null, Object(Config\Cache), false)
 4 FCPATH\index.php(79): CodeIgniter\CodeIgniter->run()
 5 SYSTEMPATH\Commands\Server\rewrite.php(47): require_once('D:\\PT. Beverly International1\\public\\index.php')
INFO - 2024-07-16 09:06:37 --> Session: Class initialized using 'CodeIgniter\Session\Handlers\FileHandler' driver.
WARNING - 2024-07-16 09:07:16 --> [DEPRECATED] Creation of dynamic property App\Controllers\Laporan::$stokModel is deprecated in APPPATH\Controllers\Laporan.php on line 28.
 1 SYSTEMPATH\CodeIgniter.php(914): App\Controllers\Laporan->__construct()
 2 SYSTEMPATH\CodeIgniter.php(493): CodeIgniter\CodeIgniter->createController()
 3 SYSTEMPATH\CodeIgniter.php(361): CodeIgniter\CodeIgniter->handleRequest(null, Object(Config\Cache), false)
 4 FCPATH\index.php(79): CodeIgniter\CodeIgniter->run()
 5 SYSTEMPATH\Commands\Server\rewrite.php(47): require_once('D:\\PT. Beverly International1\\public\\index.php')
INFO - 2024-07-16 09:07:16 --> Session: Class initialized using 'CodeIgniter\Session\Handlers\FileHandler' driver.
WARNING - 2024-07-16 09:08:11 --> [DEPRECATED] Creation of dynamic property App\Controllers\Laporan::$stokModel is deprecated in APPPATH\Controllers\Laporan.php on line 28.
 1 SYSTEMPATH\CodeIgniter.php(914): App\Controllers\Laporan->__construct()
 2 SYSTEMPATH\CodeIgniter.php(493): CodeIgniter\CodeIgniter->createController()
 3 SYSTEMPATH\CodeIgniter.php(361): CodeIgniter\CodeIgniter->handleRequest(null, Object(Config\Cache), false)
 4 FCPATH\index.php(79): CodeIgniter\CodeIgniter->run()
 5 SYSTEMPATH\Commands\Server\rewrite.php(47): require_once('D:\\PT. Beverly International1\\public\\index.php')
INFO - 2024-07-16 09:08:11 --> Session: Class initialized using 'CodeIgniter\Session\Handlers\FileHandler' driver.
INFO - 2024-07-16 09:08:22 --> Session: Class initialized using 'CodeIgniter\Session\Handlers\FileHandler' driver.
WARNING - 2024-07-16 09:09:13 --> [DEPRECATED] Creation of dynamic property App\Controllers\Laporan::$stokModel is deprecated in APPPATH\Controllers\Laporan.php on line 28.
 1 SYSTEMPATH\CodeIgniter.php(914): App\Controllers\Laporan->__construct()
 2 SYSTEMPATH\CodeIgniter.php(493): CodeIgniter\CodeIgniter->createController()
 3 SYSTEMPATH\CodeIgniter.php(361): CodeIgniter\CodeIgniter->handleRequest(null, Object(Config\Cache), false)
 4 FCPATH\index.php(79): CodeIgniter\CodeIgniter->run()
 5 SYSTEMPATH\Commands\Server\rewrite.php(47): require_once('D:\\PT. Beverly International1\\public\\index.php')
INFO - 2024-07-16 09:09:13 --> Session: Class initialized using 'CodeIgniter\Session\Handlers\FileHandler' driver.
WARNING - 2024-07-16 09:09:46 --> [DEPRECATED] Creation of dynamic property App\Controllers\Laporan::$stokModel is deprecated in APPPATH\Controllers\Laporan.php on line 28.
 1 SYSTEMPATH\CodeIgniter.php(914): App\Controllers\Laporan->__construct()
 2 SYSTEMPATH\CodeIgniter.php(493): CodeIgniter\CodeIgniter->createController()
 3 SYSTEMPATH\CodeIgniter.php(361): CodeIgniter\CodeIgniter->handleRequest(null, Object(Config\Cache), false)
 4 FCPATH\index.php(79): CodeIgniter\CodeIgniter->run()
 5 SYSTEMPATH\Commands\Server\rewrite.php(47): require_once('D:\\PT. Beverly International1\\public\\index.php')
INFO - 2024-07-16 09:09:46 --> Session: Class initialized using 'CodeIgniter\Session\Handlers\FileHandler' driver.
WARNING - 2024-07-16 09:09:51 --> [DEPRECATED] Creation of dynamic property App\Controllers\Laporan::$stokModel is deprecated in APPPATH\Controllers\Laporan.php on line 28.
 1 SYSTEMPATH\CodeIgniter.php(914): App\Controllers\Laporan->__construct()
 2 SYSTEMPATH\CodeIgniter.php(493): CodeIgniter\CodeIgniter->createController()
 3 SYSTEMPATH\CodeIgniter.php(361): CodeIgniter\CodeIgniter->handleRequest(null, Object(Config\Cache), false)
 4 FCPATH\index.php(79): CodeIgniter\CodeIgniter->run()
 5 SYSTEMPATH\Commands\Server\rewrite.php(47): require_once('D:\\PT. Beverly International1\\public\\index.php')
INFO - 2024-07-16 09:09:51 --> Session: Class initialized using 'CodeIgniter\Session\Handlers\FileHandler' driver.
WARNING - 2024-07-16 09:10:00 --> [DEPRECATED] Creation of dynamic property App\Controllers\Laporan::$stokModel is deprecated in APPPATH\Controllers\Laporan.php on line 28.
 1 SYSTEMPATH\CodeIgniter.php(914): App\Controllers\Laporan->__construct()
 2 SYSTEMPATH\CodeIgniter.php(493): CodeIgniter\CodeIgniter->createController()
 3 SYSTEMPATH\CodeIgniter.php(361): CodeIgniter\CodeIgniter->handleRequest(null, Object(Config\Cache), false)
 4 FCPATH\index.php(79): CodeIgniter\CodeIgniter->run()
 5 SYSTEMPATH\Commands\Server\rewrite.php(47): require_once('D:\\PT. Beverly International1\\public\\index.php')
INFO - 2024-07-16 09:10:00 --> Session: Class initialized using 'CodeIgniter\Session\Handlers\FileHandler' driver.
INFO - 2024-07-16 09:10:26 --> Session: Class initialized using 'CodeIgniter\Session\Handlers\FileHandler' driver.
INFO - 2024-07-16 09:10:30 --> Session: Class initialized using 'CodeIgniter\Session\Handlers\FileHandler' driver.
INFO - 2024-07-16 09:10:37 --> Session: Class initialized using 'CodeIgniter\Session\Handlers\FileHandler' driver.
INFO - 2024-07-16 09:10:42 --> Session: Class initialized using 'CodeIgniter\Session\Handlers\FileHandler' driver.
WARNING - 2024-07-16 09:12:42 --> [DEPRECATED] Creation of dynamic property App\Controllers\Laporan::$stokModel is deprecated in APPPATH\Controllers\Laporan.php on line 28.
 1 SYSTEMPATH\CodeIgniter.php(914): App\Controllers\Laporan->__construct()
 2 SYSTEMPATH\CodeIgniter.php(493): CodeIgniter\CodeIgniter->createController()
 3 SYSTEMPATH\CodeIgniter.php(361): CodeIgniter\CodeIgniter->handleRequest(null, Object(Config\Cache), false)
 4 FCPATH\index.php(79): CodeIgniter\CodeIgniter->run()
 5 SYSTEMPATH\Commands\Server\rewrite.php(47): require_once('D:\\PT. Beverly International1\\public\\index.php')
INFO - 2024-07-16 09:12:42 --> Session: Class initialized using 'CodeIgniter\Session\Handlers\FileHandler' driver.
WARNING - 2024-07-16 09:13:00 --> [DEPRECATED] Creation of dynamic property App\Controllers\Laporan::$stokModel is deprecated in APPPATH\Controllers\Laporan.php on line 28.
 1 SYSTEMPATH\CodeIgniter.php(914): App\Controllers\Laporan->__construct()
 2 SYSTEMPATH\CodeIgniter.php(493): CodeIgniter\CodeIgniter->createController()
 3 SYSTEMPATH\CodeIgniter.php(361): CodeIgniter\CodeIgniter->handleRequest(null, Object(Config\Cache), false)
 4 FCPATH\index.php(79): CodeIgniter\CodeIgniter->run()
 5 SYSTEMPATH\Commands\Server\rewrite.php(47): require_once('D:\\PT. Beverly International1\\public\\index.php')
INFO - 2024-07-16 09:13:00 --> Session: Class initialized using 'CodeIgniter\Session\Handlers\FileHandler' driver.
WARNING - 2024-07-16 09:13:24 --> [DEPRECATED] Creation of dynamic property App\Controllers\Laporan::$stokModel is deprecated in APPPATH\Controllers\Laporan.php on line 28.
 1 SYSTEMPATH\CodeIgniter.php(914): App\Controllers\Laporan->__construct()
 2 SYSTEMPATH\CodeIgniter.php(493): CodeIgniter\CodeIgniter->createController()
 3 SYSTEMPATH\CodeIgniter.php(361): CodeIgniter\CodeIgniter->handleRequest(null, Object(Config\Cache), false)
 4 FCPATH\index.php(79): CodeIgniter\CodeIgniter->run()
 5 SYSTEMPATH\Commands\Server\rewrite.php(47): require_once('D:\\PT. Beverly International1\\public\\index.php')
INFO - 2024-07-16 09:13:24 --> Session: Class initialized using 'CodeIgniter\Session\Handlers\FileHandler' driver.
WARNING - 2024-07-16 09:20:39 --> [DEPRECATED] Creation of dynamic property App\Controllers\Laporan::$stokModel is deprecated in APPPATH\Controllers\Laporan.php on line 28.
 1 SYSTEMPATH\CodeIgniter.php(914): App\Controllers\Laporan->__construct()
 2 SYSTEMPATH\CodeIgniter.php(493): CodeIgniter\CodeIgniter->createController()
 3 SYSTEMPATH\CodeIgniter.php(361): CodeIgniter\CodeIgniter->handleRequest(null, Object(Config\Cache), false)
 4 FCPATH\index.php(79): CodeIgniter\CodeIgniter->run()
 5 SYSTEMPATH\Commands\Server\rewrite.php(47): require_once('D:\\PT. Beverly International1\\public\\index.php')
INFO - 2024-07-16 09:20:39 --> Session: Class initialized using 'CodeIgniter\Session\Handlers\FileHandler' driver.
WARNING - 2024-07-16 09:20:45 --> [DEPRECATED] Creation of dynamic property App\Controllers\Laporan::$stokModel is deprecated in APPPATH\Controllers\Laporan.php on line 28.
 1 SYSTEMPATH\CodeIgniter.php(914): App\Controllers\Laporan->__construct()
 2 SYSTEMPATH\CodeIgniter.php(493): CodeIgniter\CodeIgniter->createController()
 3 SYSTEMPATH\CodeIgniter.php(361): CodeIgniter\CodeIgniter->handleRequest(null, Object(Config\Cache), false)
 4 FCPATH\index.php(79): CodeIgniter\CodeIgniter->run()
 5 SYSTEMPATH\Commands\Server\rewrite.php(47): require_once('D:\\PT. Beverly International1\\public\\index.php')
INFO - 2024-07-16 09:20:45 --> Session: Class initialized using 'CodeIgniter\Session\Handlers\FileHandler' driver.
CRITICAL - 2024-07-16 09:20:45 --> Undefined variable $tanggal
in APPPATH\Views\laporan\pembelian\cetak_pembelian.php on line 28.
 1 APPPATH\Views\laporan\pembelian\cetak_pembelian.php(28): CodeIgniter\Debug\Exceptions->errorHandler(2, 'Undefined variable $tanggal', 'D:\\PT. Beverly International1\\app\\Views\\laporan\\pembelian\\cetak_pembelian.php', 28)
 2 SYSTEMPATH\View\View.php(228): include('D:\\PT. Beverly International1\\app\\Views\\laporan\\pembelian\\cetak_pembelian.php')
 3 SYSTEMPATH\View\View.php(231): CodeIgniter\View\View->CodeIgniter\View\{closure}()
 4 SYSTEMPATH\Common.php(1190): CodeIgniter\View\View->render('laporan/pembelian/cetak_pembelian', [], true)
 5 APPPATH\Controllers\Laporan.php(270): view('laporan/pembelian/cetak_pembelian', [...])
 6 SYSTEMPATH\CodeIgniter.php(942): App\Controllers\Laporan->pembelian_cetak()
 7 SYSTEMPATH\CodeIgniter.php(502): CodeIgniter\CodeIgniter->runController(Object(App\Controllers\Laporan))
 8 SYSTEMPATH\CodeIgniter.php(361): CodeIgniter\CodeIgniter->handleRequest(null, Object(Config\Cache), false)
 9 FCPATH\index.php(79): CodeIgniter\CodeIgniter->run()
10 SYSTEMPATH\Commands\Server\rewrite.php(47): require_once('D:\\PT. Beverly International1\\public\\index.php')
WARNING - 2024-07-16 09:20:50 --> [DEPRECATED] Creation of dynamic property App\Controllers\Laporan::$stokModel is deprecated in APPPATH\Controllers\Laporan.php on line 28.
 1 SYSTEMPATH\CodeIgniter.php(914): App\Controllers\Laporan->__construct()
 2 SYSTEMPATH\CodeIgniter.php(493): CodeIgniter\CodeIgniter->createController()
 3 SYSTEMPATH\CodeIgniter.php(361): CodeIgniter\CodeIgniter->handleRequest(null, Object(Config\Cache), false)
 4 FCPATH\index.php(79): CodeIgniter\CodeIgniter->run()
 5 SYSTEMPATH\Commands\Server\rewrite.php(47): require_once('D:\\PT. Beverly International1\\public\\index.php')
INFO - 2024-07-16 09:20:50 --> Session: Class initialized using 'CodeIgniter\Session\Handlers\FileHandler' driver.
WARNING - 2024-07-16 09:21:12 --> [DEPRECATED] Creation of dynamic property App\Controllers\Laporan::$stokModel is deprecated in APPPATH\Controllers\Laporan.php on line 28.
 1 SYSTEMPATH\CodeIgniter.php(914): App\Controllers\Laporan->__construct()
 2 SYSTEMPATH\CodeIgniter.php(493): CodeIgniter\CodeIgniter->createController()
 3 SYSTEMPATH\CodeIgniter.php(361): CodeIgniter\CodeIgniter->handleRequest(null, Object(Config\Cache), false)
 4 FCPATH\index.php(79): CodeIgniter\CodeIgniter->run()
 5 SYSTEMPATH\Commands\Server\rewrite.php(47): require_once('D:\\PT. Beverly International1\\public\\index.php')
INFO - 2024-07-16 09:21:12 --> Session: Class initialized using 'CodeIgniter\Session\Handlers\FileHandler' driver.
WARNING - 2024-07-16 09:21:34 --> [DEPRECATED] Creation of dynamic property App\Controllers\Laporan::$stokModel is deprecated in APPPATH\Controllers\Laporan.php on line 28.
 1 SYSTEMPATH\CodeIgniter.php(914): App\Controllers\Laporan->__construct()
 2 SYSTEMPATH\CodeIgniter.php(493): CodeIgniter\CodeIgniter->createController()
 3 SYSTEMPATH\CodeIgniter.php(361): CodeIgniter\CodeIgniter->handleRequest(null, Object(Config\Cache), false)
 4 FCPATH\index.php(79): CodeIgniter\CodeIgniter->run()
 5 SYSTEMPATH\Commands\Server\rewrite.php(47): require_once('D:\\PT. Beverly International1\\public\\index.php')
INFO - 2024-07-16 09:21:34 --> Session: Class initialized using 'CodeIgniter\Session\Handlers\FileHandler' driver.
WARNING - 2024-07-16 09:21:36 --> [DEPRECATED] Creation of dynamic property App\Controllers\Laporan::$stokModel is deprecated in APPPATH\Controllers\Laporan.php on line 28.
 1 SYSTEMPATH\CodeIgniter.php(914): App\Controllers\Laporan->__construct()
 2 SYSTEMPATH\CodeIgniter.php(493): CodeIgniter\CodeIgniter->createController()
 3 SYSTEMPATH\CodeIgniter.php(361): CodeIgniter\CodeIgniter->handleRequest(null, Object(Config\Cache), false)
 4 FCPATH\index.php(79): CodeIgniter\CodeIgniter->run()
 5 SYSTEMPATH\Commands\Server\rewrite.php(47): require_once('D:\\PT. Beverly International1\\public\\index.php')
INFO - 2024-07-16 09:21:36 --> Session: Class initialized using 'CodeIgniter\Session\Handlers\FileHandler' driver.
WARNING - 2024-07-16 09:21:47 --> [DEPRECATED] Creation of dynamic property App\Controllers\Laporan::$stokModel is deprecated in APPPATH\Controllers\Laporan.php on line 28.
 1 SYSTEMPATH\CodeIgniter.php(914): App\Controllers\Laporan->__construct()
 2 SYSTEMPATH\CodeIgniter.php(493): CodeIgniter\CodeIgniter->createController()
 3 SYSTEMPATH\CodeIgniter.php(361): CodeIgniter\CodeIgniter->handleRequest(null, Object(Config\Cache), false)
 4 FCPATH\index.php(79): CodeIgniter\CodeIgniter->run()
 5 SYSTEMPATH\Commands\Server\rewrite.php(47): require_once('D:\\PT. Beverly International1\\public\\index.php')
INFO - 2024-07-16 09:21:47 --> Session: Class initialized using 'CodeIgniter\Session\Handlers\FileHandler' driver.
WARNING - 2024-07-16 09:23:48 --> [DEPRECATED] Creation of dynamic property App\Controllers\Laporan::$stokModel is deprecated in APPPATH\Controllers\Laporan.php on line 28.
 1 SYSTEMPATH\CodeIgniter.php(914): App\Controllers\Laporan->__construct()
 2 SYSTEMPATH\CodeIgniter.php(493): CodeIgniter\CodeIgniter->createController()
 3 SYSTEMPATH\CodeIgniter.php(361): CodeIgniter\CodeIgniter->handleRequest(null, Object(Config\Cache), false)
 4 FCPATH\index.php(79): CodeIgniter\CodeIgniter->run()
 5 SYSTEMPATH\Commands\Server\rewrite.php(47): require_once('D:\\PT. Beverly International1\\public\\index.php')
INFO - 2024-07-16 09:23:48 --> Session: Class initialized using 'CodeIgniter\Session\Handlers\FileHandler' driver.
WARNING - 2024-07-16 09:24:02 --> [DEPRECATED] Creation of dynamic property App\Controllers\Laporan::$stokModel is deprecated in APPPATH\Controllers\Laporan.php on line 28.
 1 SYSTEMPATH\CodeIgniter.php(914): App\Controllers\Laporan->__construct()
 2 SYSTEMPATH\CodeIgniter.php(493): CodeIgniter\CodeIgniter->createController()
 3 SYSTEMPATH\CodeIgniter.php(361): CodeIgniter\CodeIgniter->handleRequest(null, Object(Config\Cache), false)
 4 FCPATH\index.php(79): CodeIgniter\CodeIgniter->run()
 5 SYSTEMPATH\Commands\Server\rewrite.php(47): require_once('D:\\PT. Beverly International1\\public\\index.php')
INFO - 2024-07-16 09:24:02 --> Session: Class initialized using 'CodeIgniter\Session\Handlers\FileHandler' driver.
WARNING - 2024-07-16 09:24:05 --> [DEPRECATED] Creation of dynamic property App\Controllers\Laporan::$stokModel is deprecated in APPPATH\Controllers\Laporan.php on line 28.
 1 SYSTEMPATH\CodeIgniter.php(914): App\Controllers\Laporan->__construct()
 2 SYSTEMPATH\CodeIgniter.php(493): CodeIgniter\CodeIgniter->createController()
 3 SYSTEMPATH\CodeIgniter.php(361): CodeIgniter\CodeIgniter->handleRequest(null, Object(Config\Cache), false)
 4 FCPATH\index.php(79): CodeIgniter\CodeIgniter->run()
 5 SYSTEMPATH\Commands\Server\rewrite.php(47): require_once('D:\\PT. Beverly International1\\public\\index.php')
INFO - 2024-07-16 09:24:05 --> Session: Class initialized using 'CodeIgniter\Session\Handlers\FileHandler' driver.
WARNING - 2024-07-16 09:24:09 --> [DEPRECATED] Creation of dynamic property App\Controllers\Laporan::$stokModel is deprecated in APPPATH\Controllers\Laporan.php on line 28.
 1 SYSTEMPATH\CodeIgniter.php(914): App\Controllers\Laporan->__construct()
 2 SYSTEMPATH\CodeIgniter.php(493): CodeIgniter\CodeIgniter->createController()
 3 SYSTEMPATH\CodeIgniter.php(361): CodeIgniter\CodeIgniter->handleRequest(null, Object(Config\Cache), false)
 4 FCPATH\index.php(79): CodeIgniter\CodeIgniter->run()
 5 SYSTEMPATH\Commands\Server\rewrite.php(47): require_once('D:\\PT. Beverly International1\\public\\index.php')
INFO - 2024-07-16 09:24:09 --> Session: Class initialized using 'CodeIgniter\Session\Handlers\FileHandler' driver.
WARNING - 2024-07-16 09:24:41 --> [DEPRECATED] Creation of dynamic property App\Controllers\Laporan::$stokModel is deprecated in APPPATH\Controllers\Laporan.php on line 28.
 1 SYSTEMPATH\CodeIgniter.php(914): App\Controllers\Laporan->__construct()
 2 SYSTEMPATH\CodeIgniter.php(493): CodeIgniter\CodeIgniter->createController()
 3 SYSTEMPATH\CodeIgniter.php(361): CodeIgniter\CodeIgniter->handleRequest(null, Object(Config\Cache), false)
 4 FCPATH\index.php(79): CodeIgniter\CodeIgniter->run()
 5 SYSTEMPATH\Commands\Server\rewrite.php(47): require_once('D:\\PT. Beverly International1\\public\\index.php')
INFO - 2024-07-16 09:24:41 --> Session: Class initialized using 'CodeIgniter\Session\Handlers\FileHandler' driver.
WARNING - 2024-07-16 09:24:44 --> [DEPRECATED] Creation of dynamic property App\Controllers\Laporan::$stokModel is deprecated in APPPATH\Controllers\Laporan.php on line 28.
 1 SYSTEMPATH\CodeIgniter.php(914): App\Controllers\Laporan->__construct()
 2 SYSTEMPATH\CodeIgniter.php(493): CodeIgniter\CodeIgniter->createController()
 3 SYSTEMPATH\CodeIgniter.php(361): CodeIgniter\CodeIgniter->handleRequest(null, Object(Config\Cache), false)
 4 FCPATH\index.php(79): CodeIgniter\CodeIgniter->run()
 5 SYSTEMPATH\Commands\Server\rewrite.php(47): require_once('D:\\PT. Beverly International1\\public\\index.php')
INFO - 2024-07-16 09:24:44 --> Session: Class initialized using 'CodeIgniter\Session\Handlers\FileHandler' driver.
WARNING - 2024-07-16 09:24:53 --> [DEPRECATED] Creation of dynamic property App\Controllers\Laporan::$stokModel is deprecated in APPPATH\Controllers\Laporan.php on line 28.
 1 SYSTEMPATH\CodeIgniter.php(914): App\Controllers\Laporan->__construct()
 2 SYSTEMPATH\CodeIgniter.php(493): CodeIgniter\CodeIgniter->createController()
 3 SYSTEMPATH\CodeIgniter.php(361): CodeIgniter\CodeIgniter->handleRequest(null, Object(Config\Cache), false)
 4 FCPATH\index.php(79): CodeIgniter\CodeIgniter->run()
 5 SYSTEMPATH\Commands\Server\rewrite.php(47): require_once('D:\\PT. Beverly International1\\public\\index.php')
INFO - 2024-07-16 09:24:53 --> Session: Class initialized using 'CodeIgniter\Session\Handlers\FileHandler' driver.
WARNING - 2024-07-16 09:24:56 --> [DEPRECATED] Creation of dynamic property App\Controllers\Laporan::$stokModel is deprecated in APPPATH\Controllers\Laporan.php on line 28.
 1 SYSTEMPATH\CodeIgniter.php(914): App\Controllers\Laporan->__construct()
 2 SYSTEMPATH\CodeIgniter.php(493): CodeIgniter\CodeIgniter->createController()
 3 SYSTEMPATH\CodeIgniter.php(361): CodeIgniter\CodeIgniter->handleRequest(null, Object(Config\Cache), false)
 4 FCPATH\index.php(79): CodeIgniter\CodeIgniter->run()
 5 SYSTEMPATH\Commands\Server\rewrite.php(47): require_once('D:\\PT. Beverly International1\\public\\index.php')
INFO - 2024-07-16 09:24:56 --> Session: Class initialized using 'CodeIgniter\Session\Handlers\FileHandler' driver.
WARNING - 2024-07-16 09:25:07 --> [DEPRECATED] Creation of dynamic property App\Controllers\Laporan::$stokModel is deprecated in APPPATH\Controllers\Laporan.php on line 28.
 1 SYSTEMPATH\CodeIgniter.php(914): App\Controllers\Laporan->__construct()
 2 SYSTEMPATH\CodeIgniter.php(493): CodeIgniter\CodeIgniter->createController()
 3 SYSTEMPATH\CodeIgniter.php(361): CodeIgniter\CodeIgniter->handleRequest(null, Object(Config\Cache), false)
 4 FCPATH\index.php(79): CodeIgniter\CodeIgniter->run()
 5 SYSTEMPATH\Commands\Server\rewrite.php(47): require_once('D:\\PT. Beverly International1\\public\\index.php')
INFO - 2024-07-16 09:25:07 --> Session: Class initialized using 'CodeIgniter\Session\Handlers\FileHandler' driver.
WARNING - 2024-07-16 09:25:23 --> [DEPRECATED] Creation of dynamic property App\Controllers\Laporan::$stokModel is deprecated in APPPATH\Controllers\Laporan.php on line 28.
 1 SYSTEMPATH\CodeIgniter.php(914): App\Controllers\Laporan->__construct()
 2 SYSTEMPATH\CodeIgniter.php(493): CodeIgniter\CodeIgniter->createController()
 3 SYSTEMPATH\CodeIgniter.php(361): CodeIgniter\CodeIgniter->handleRequest(null, Object(Config\Cache), false)
 4 FCPATH\index.php(79): CodeIgniter\CodeIgniter->run()
 5 SYSTEMPATH\Commands\Server\rewrite.php(47): require_once('D:\\PT. Beverly International1\\public\\index.php')
INFO - 2024-07-16 09:25:23 --> Session: Class initialized using 'CodeIgniter\Session\Handlers\FileHandler' driver.
WARNING - 2024-07-16 09:25:25 --> [DEPRECATED] Creation of dynamic property App\Controllers\Laporan::$stokModel is deprecated in APPPATH\Controllers\Laporan.php on line 28.
 1 SYSTEMPATH\CodeIgniter.php(914): App\Controllers\Laporan->__construct()
 2 SYSTEMPATH\CodeIgniter.php(493): CodeIgniter\CodeIgniter->createController()
 3 SYSTEMPATH\CodeIgniter.php(361): CodeIgniter\CodeIgniter->handleRequest(null, Object(Config\Cache), false)
 4 FCPATH\index.php(79): CodeIgniter\CodeIgniter->run()
 5 SYSTEMPATH\Commands\Server\rewrite.php(47): require_once('D:\\PT. Beverly International1\\public\\index.php')
INFO - 2024-07-16 09:25:25 --> Session: Class initialized using 'CodeIgniter\Session\Handlers\FileHandler' driver.
WARNING - 2024-07-16 09:25:52 --> [DEPRECATED] Creation of dynamic property App\Controllers\Laporan::$stokModel is deprecated in APPPATH\Controllers\Laporan.php on line 28.
 1 SYSTEMPATH\CodeIgniter.php(914): App\Controllers\Laporan->__construct()
 2 SYSTEMPATH\CodeIgniter.php(493): CodeIgniter\CodeIgniter->createController()
 3 SYSTEMPATH\CodeIgniter.php(361): CodeIgniter\CodeIgniter->handleRequest(null, Object(Config\Cache), false)
 4 FCPATH\index.php(79): CodeIgniter\CodeIgniter->run()
 5 SYSTEMPATH\Commands\Server\rewrite.php(47): require_once('D:\\PT. Beverly International1\\public\\index.php')
INFO - 2024-07-16 09:25:52 --> Session: Class initialized using 'CodeIgniter\Session\Handlers\FileHandler' driver.
INFO - 2024-07-16 09:27:47 --> Session: Class initialized using 'CodeIgniter\Session\Handlers\FileHandler' driver.
INFO - 2024-07-16 09:27:51 --> Session: Class initialized using 'CodeIgniter\Session\Handlers\FileHandler' driver.
INFO - 2024-07-16 09:27:59 --> Session: Class initialized using 'CodeIgniter\Session\Handlers\FileHandler' driver.
INFO - 2024-07-16 09:28:03 --> Session: Class initialized using 'CodeIgniter\Session\Handlers\FileHandler' driver.
INFO - 2024-07-16 09:31:13 --> Session: Class initialized using 'CodeIgniter\Session\Handlers\FileHandler' driver.
INFO - 2024-07-16 09:31:14 --> Session: Class initialized using 'CodeIgniter\Session\Handlers\FileHandler' driver.
INFO - 2024-07-16 09:31:19 --> Session: Class initialized using 'CodeIgniter\Session\Handlers\FileHandler' driver.
INFO - 2024-07-16 09:31:25 --> Session: Class initialized using 'CodeIgniter\Session\Handlers\FileHandler' driver.
INFO - 2024-07-16 09:31:30 --> Session: Class initialized using 'CodeIgniter\Session\Handlers\FileHandler' driver.
INFO - 2024-07-16 09:31:35 --> Session: Class initialized using 'CodeIgniter\Session\Handlers\FileHandler' driver.
WARNING - 2024-07-16 09:31:46 --> [DEPRECATED] Creation of dynamic property App\Controllers\Laporan::$stokModel is deprecated in APPPATH\Controllers\Laporan.php on line 28.
 1 SYSTEMPATH\CodeIgniter.php(914): App\Controllers\Laporan->__construct()
 2 SYSTEMPATH\CodeIgniter.php(493): CodeIgniter\CodeIgniter->createController()
 3 SYSTEMPATH\CodeIgniter.php(361): CodeIgniter\CodeIgniter->handleRequest(null, Object(Config\Cache), false)
 4 FCPATH\index.php(79): CodeIgniter\CodeIgniter->run()
 5 SYSTEMPATH\Commands\Server\rewrite.php(47): require_once('D:\\PT. Beverly International\\public\\index.php')
INFO - 2024-07-16 09:31:46 --> Session: Class initialized using 'CodeIgniter\Session\Handlers\FileHandler' driver.
WARNING - 2024-07-16 09:31:50 --> [DEPRECATED] Creation of dynamic property App\Controllers\Laporan::$stokModel is deprecated in APPPATH\Controllers\Laporan.php on line 28.
 1 SYSTEMPATH\CodeIgniter.php(914): App\Controllers\Laporan->__construct()
 2 SYSTEMPATH\CodeIgniter.php(493): CodeIgniter\CodeIgniter->createController()
 3 SYSTEMPATH\CodeIgniter.php(361): CodeIgniter\CodeIgniter->handleRequest(null, Object(Config\Cache), false)
 4 FCPATH\index.php(79): CodeIgniter\CodeIgniter->run()
 5 SYSTEMPATH\Commands\Server\rewrite.php(47): require_once('D:\\PT. Beverly International\\public\\index.php')
INFO - 2024-07-16 09:31:50 --> Session: Class initialized using 'CodeIgniter\Session\Handlers\FileHandler' driver.
WARNING - 2024-07-16 09:32:01 --> [DEPRECATED] Creation of dynamic property App\Controllers\Laporan::$stokModel is deprecated in APPPATH\Controllers\Laporan.php on line 28.
 1 SYSTEMPATH\CodeIgniter.php(914): App\Controllers\Laporan->__construct()
 2 SYSTEMPATH\CodeIgniter.php(493): CodeIgniter\CodeIgniter->createController()
 3 SYSTEMPATH\CodeIgniter.php(361): CodeIgniter\CodeIgniter->handleRequest(null, Object(Config\Cache), false)
 4 FCPATH\index.php(79): CodeIgniter\CodeIgniter->run()
 5 SYSTEMPATH\Commands\Server\rewrite.php(47): require_once('D:\\PT. Beverly International\\public\\index.php')
INFO - 2024-07-16 09:32:01 --> Session: Class initialized using 'CodeIgniter\Session\Handlers\FileHandler' driver.
WARNING - 2024-07-16 09:32:04 --> [DEPRECATED] Creation of dynamic property App\Controllers\Laporan::$stokModel is deprecated in APPPATH\Controllers\Laporan.php on line 28.
 1 SYSTEMPATH\CodeIgniter.php(914): App\Controllers\Laporan->__construct()
 2 SYSTEMPATH\CodeIgniter.php(493): CodeIgniter\CodeIgniter->createController()
 3 SYSTEMPATH\CodeIgniter.php(361): CodeIgniter\CodeIgniter->handleRequest(null, Object(Config\Cache), false)
 4 FCPATH\index.php(79): CodeIgniter\CodeIgniter->run()
 5 SYSTEMPATH\Commands\Server\rewrite.php(47): require_once('D:\\PT. Beverly International\\public\\index.php')
INFO - 2024-07-16 09:32:04 --> Session: Class initialized using 'CodeIgniter\Session\Handlers\FileHandler' driver.
WARNING - 2024-07-16 09:32:09 --> [DEPRECATED] Creation of dynamic property App\Controllers\Laporan::$stokModel is deprecated in APPPATH\Controllers\Laporan.php on line 28.
 1 SYSTEMPATH\CodeIgniter.php(914): App\Controllers\Laporan->__construct()
 2 SYSTEMPATH\CodeIgniter.php(493): CodeIgniter\CodeIgniter->createController()
 3 SYSTEMPATH\CodeIgniter.php(361): CodeIgniter\CodeIgniter->handleRequest(null, Object(Config\Cache), false)
 4 FCPATH\index.php(79): CodeIgniter\CodeIgniter->run()
 5 SYSTEMPATH\Commands\Server\rewrite.php(47): require_once('D:\\PT. Beverly International\\public\\index.php')
INFO - 2024-07-16 09:32:09 --> Session: Class initialized using 'CodeIgniter\Session\Handlers\FileHandler' driver.
WARNING - 2024-07-16 09:32:23 --> [DEPRECATED] Creation of dynamic property App\Controllers\Laporan::$stokModel is deprecated in APPPATH\Controllers\Laporan.php on line 28.
 1 SYSTEMPATH\CodeIgniter.php(914): App\Controllers\Laporan->__construct()
 2 SYSTEMPATH\CodeIgniter.php(493): CodeIgniter\CodeIgniter->createController()
 3 SYSTEMPATH\CodeIgniter.php(361): CodeIgniter\CodeIgniter->handleRequest(null, Object(Config\Cache), false)
 4 FCPATH\index.php(79): CodeIgniter\CodeIgniter->run()
 5 SYSTEMPATH\Commands\Server\rewrite.php(47): require_once('D:\\PT. Beverly International\\public\\index.php')
INFO - 2024-07-16 09:32:23 --> Session: Class initialized using 'CodeIgniter\Session\Handlers\FileHandler' driver.
WARNING - 2024-07-16 09:32:26 --> [DEPRECATED] Creation of dynamic property App\Controllers\Laporan::$stokModel is deprecated in APPPATH\Controllers\Laporan.php on line 28.
 1 SYSTEMPATH\CodeIgniter.php(914): App\Controllers\Laporan->__construct()
 2 SYSTEMPATH\CodeIgniter.php(493): CodeIgniter\CodeIgniter->createController()
 3 SYSTEMPATH\CodeIgniter.php(361): CodeIgniter\CodeIgniter->handleRequest(null, Object(Config\Cache), false)
 4 FCPATH\index.php(79): CodeIgniter\CodeIgniter->run()
 5 SYSTEMPATH\Commands\Server\rewrite.php(47): require_once('D:\\PT. Beverly International\\public\\index.php')
INFO - 2024-07-16 09:32:26 --> Session: Class initialized using 'CodeIgniter\Session\Handlers\FileHandler' driver.
WARNING - 2024-07-16 09:32:31 --> [DEPRECATED] Creation of dynamic property App\Controllers\Laporan::$stokModel is deprecated in APPPATH\Controllers\Laporan.php on line 28.
 1 SYSTEMPATH\CodeIgniter.php(914): App\Controllers\Laporan->__construct()
 2 SYSTEMPATH\CodeIgniter.php(493): CodeIgniter\CodeIgniter->createController()
 3 SYSTEMPATH\CodeIgniter.php(361): CodeIgniter\CodeIgniter->handleRequest(null, Object(Config\Cache), false)
 4 FCPATH\index.php(79): CodeIgniter\CodeIgniter->run()
 5 SYSTEMPATH\Commands\Server\rewrite.php(47): require_once('D:\\PT. Beverly International\\public\\index.php')
INFO - 2024-07-16 09:32:31 --> Session: Class initialized using 'CodeIgniter\Session\Handlers\FileHandler' driver.
WARNING - 2024-07-16 09:32:39 --> [DEPRECATED] Creation of dynamic property App\Controllers\Laporan::$stokModel is deprecated in APPPATH\Controllers\Laporan.php on line 28.
 1 SYSTEMPATH\CodeIgniter.php(914): App\Controllers\Laporan->__construct()
 2 SYSTEMPATH\CodeIgniter.php(493): CodeIgniter\CodeIgniter->createController()
 3 SYSTEMPATH\CodeIgniter.php(361): CodeIgniter\CodeIgniter->handleRequest(null, Object(Config\Cache), false)
 4 FCPATH\index.php(79): CodeIgniter\CodeIgniter->run()
 5 SYSTEMPATH\Commands\Server\rewrite.php(47): require_once('D:\\PT. Beverly International\\public\\index.php')
INFO - 2024-07-16 09:32:39 --> Session: Class initialized using 'CodeIgniter\Session\Handlers\FileHandler' driver.
WARNING - 2024-07-16 09:32:43 --> [DEPRECATED] Creation of dynamic property App\Controllers\Laporan::$stokModel is deprecated in APPPATH\Controllers\Laporan.php on line 28.
 1 SYSTEMPATH\CodeIgniter.php(914): App\Controllers\Laporan->__construct()
 2 SYSTEMPATH\CodeIgniter.php(493): CodeIgniter\CodeIgniter->createController()
 3 SYSTEMPATH\CodeIgniter.php(361): CodeIgniter\CodeIgniter->handleRequest(null, Object(Config\Cache), false)
 4 FCPATH\index.php(79): CodeIgniter\CodeIgniter->run()
 5 SYSTEMPATH\Commands\Server\rewrite.php(47): require_once('D:\\PT. Beverly International\\public\\index.php')
INFO - 2024-07-16 09:32:43 --> Session: Class initialized using 'CodeIgniter\Session\Handlers\FileHandler' driver.
WARNING - 2024-07-16 09:32:48 --> [DEPRECATED] Creation of dynamic property App\Controllers\Laporan::$stokModel is deprecated in APPPATH\Controllers\Laporan.php on line 28.
 1 SYSTEMPATH\CodeIgniter.php(914): App\Controllers\Laporan->__construct()
 2 SYSTEMPATH\CodeIgniter.php(493): CodeIgniter\CodeIgniter->createController()
 3 SYSTEMPATH\CodeIgniter.php(361): CodeIgniter\CodeIgniter->handleRequest(null, Object(Config\Cache), false)
 4 FCPATH\index.php(79): CodeIgniter\CodeIgniter->run()
 5 SYSTEMPATH\Commands\Server\rewrite.php(47): require_once('D:\\PT. Beverly International\\public\\index.php')
INFO - 2024-07-16 09:32:48 --> Session: Class initialized using 'CodeIgniter\Session\Handlers\FileHandler' driver.
WARNING - 2024-07-16 09:32:59 --> [DEPRECATED] Creation of dynamic property App\Controllers\Laporan::$stokModel is deprecated in APPPATH\Controllers\Laporan.php on line 28.
 1 SYSTEMPATH\CodeIgniter.php(914): App\Controllers\Laporan->__construct()
 2 SYSTEMPATH\CodeIgniter.php(493): CodeIgniter\CodeIgniter->createController()
 3 SYSTEMPATH\CodeIgniter.php(361): CodeIgniter\CodeIgniter->handleRequest(null, Object(Config\Cache), false)
 4 FCPATH\index.php(79): CodeIgniter\CodeIgniter->run()
 5 SYSTEMPATH\Commands\Server\rewrite.php(47): require_once('D:\\PT. Beverly International\\public\\index.php')
INFO - 2024-07-16 09:32:59 --> Session: Class initialized using 'CodeIgniter\Session\Handlers\FileHandler' driver.
