INFO - 2024-04-24 01:13:01 --> Session: Class initialized using 'CodeIgniter\Session\Handlers\FileHandler' driver.
INFO - 2024-04-24 01:13:02 --> Session: Class initialized using 'CodeIgniter\Session\Handlers\FileHandler' driver.
INFO - 2024-04-24 01:13:45 --> Session: Class initialized using 'CodeIgniter\Session\Handlers\FileHandler' driver.
INFO - 2024-04-24 01:19:14 --> Session: Class initialized using 'CodeIgniter\Session\Handlers\FileHandler' driver.
INFO - 2024-04-24 01:19:14 --> Session: Class initialized using 'CodeIgniter\Session\Handlers\FileHandler' driver.
CRITICAL - 2024-04-24 01:19:14 --> Trying to access array offset on value of type null
in APPPATH\Views\pendapatan_update.php on line 26.
 1 APPPATH\Views\pendapatan_update.php(26): CodeIgniter\Debug\Exceptions->errorHandler(2, 'Trying to access array offset on value of type null', 'C:\\xampp\\htdocs\\PT. Beverly International\\app\\Views\\pendapatan_update.php', 26)
 2 SYSTEMPATH\View\View.php(228): include('C:\\xampp\\htdocs\\PT. Beverly International\\app\\Views\\pendapatan_update.php')
 3 SYSTEMPATH\View\View.php(231): CodeIgniter\View\View->CodeIgniter\View\{closure}()
 4 SYSTEMPATH\Common.php(1190): CodeIgniter\View\View->render('pendapatan_update', [], true)
 5 APPPATH\Controllers\Pendapatan.php(82): view('pendapatan_update', [...])
 6 SYSTEMPATH\CodeIgniter.php(942): App\Controllers\Pendapatan->ubah('assets', 'img', 'pp-okvy.png')
 7 SYSTEMPATH\CodeIgniter.php(502): CodeIgniter\CodeIgniter->runController(Object(App\Controllers\Pendapatan))
 8 SYSTEMPATH\CodeIgniter.php(361): CodeIgniter\CodeIgniter->handleRequest(null, Object(Config\Cache), false)
 9 FCPATH\index.php(79): CodeIgniter\CodeIgniter->run()
10 SYSTEMPATH\Commands\Server\rewrite.php(47): require_once('C:\\xampp\\htdocs\\PT. Beverly International\\public\\index.php')
INFO - 2024-04-24 01:19:14 --> Session: Class initialized using 'CodeIgniter\Session\Handlers\FileHandler' driver.
CRITICAL - 2024-04-24 01:19:14 --> Trying to access array offset on value of type null
in APPPATH\Views\pendapatan_update.php on line 26.
 1 APPPATH\Views\pendapatan_update.php(26): CodeIgniter\Debug\Exceptions->errorHandler(2, 'Trying to access array offset on value of type null', 'C:\\xampp\\htdocs\\PT. Beverly International\\app\\Views\\pendapatan_update.php', 26)
 2 SYSTEMPATH\View\View.php(228): include('C:\\xampp\\htdocs\\PT. Beverly International\\app\\Views\\pendapatan_update.php')
 3 SYSTEMPATH\View\View.php(231): CodeIgniter\View\View->CodeIgniter\View\{closure}()
 4 SYSTEMPATH\Common.php(1190): CodeIgniter\View\View->render('pendapatan_update', [], true)
 5 APPPATH\Controllers\Pendapatan.php(82): view('pendapatan_update', [...])
 6 SYSTEMPATH\CodeIgniter.php(942): App\Controllers\Pendapatan->ubah('assets', 'img', 'pp-cindy.jpg')
 7 SYSTEMPATH\CodeIgniter.php(502): CodeIgniter\CodeIgniter->runController(Object(App\Controllers\Pendapatan))
 8 SYSTEMPATH\CodeIgniter.php(361): CodeIgniter\CodeIgniter->handleRequest(null, Object(Config\Cache), false)
 9 FCPATH\index.php(79): CodeIgniter\CodeIgniter->run()
10 SYSTEMPATH\Commands\Server\rewrite.php(47): require_once('C:\\xampp\\htdocs\\PT. Beverly International\\public\\index.php')
INFO - 2024-04-24 01:19:15 --> Session: Class initialized using 'CodeIgniter\Session\Handlers\FileHandler' driver.
CRITICAL - 2024-04-24 01:19:15 --> Trying to access array offset on value of type null
in APPPATH\Views\pendapatan_update.php on line 26.
 1 APPPATH\Views\pendapatan_update.php(26): CodeIgniter\Debug\Exceptions->errorHandler(2, 'Trying to access array offset on value of type null', 'C:\\xampp\\htdocs\\PT. Beverly International\\app\\Views\\pendapatan_update.php', 26)
 2 SYSTEMPATH\View\View.php(228): include('C:\\xampp\\htdocs\\PT. Beverly International\\app\\Views\\pendapatan_update.php')
 3 SYSTEMPATH\View\View.php(231): CodeIgniter\View\View->CodeIgniter\View\{closure}()
 4 SYSTEMPATH\Common.php(1190): CodeIgniter\View\View->render('pendapatan_update', [], true)
 5 APPPATH\Controllers\Pendapatan.php(82): view('pendapatan_update', [...])
 6 SYSTEMPATH\CodeIgniter.php(942): App\Controllers\Pendapatan->ubah('assets', 'img', 'pp-fia.jpg')
 7 SYSTEMPATH\CodeIgniter.php(502): CodeIgniter\CodeIgniter->runController(Object(App\Controllers\Pendapatan))
 8 SYSTEMPATH\CodeIgniter.php(361): CodeIgniter\CodeIgniter->handleRequest(null, Object(Config\Cache), false)
 9 FCPATH\index.php(79): CodeIgniter\CodeIgniter->run()
10 SYSTEMPATH\Commands\Server\rewrite.php(47): require_once('C:\\xampp\\htdocs\\PT. Beverly International\\public\\index.php')
CRITICAL - 2024-04-24 01:25:21 --> Undefined variable $bahan_jadi
in APPPATH\Views\laporan\index.php on line 51.
 1 APPPATH\Views\laporan\index.php(51): CodeIgniter\Debug\Exceptions->errorHandler(2, 'Undefined variable $bahan_jadi', 'C:\\xampp\\htdocs\\PT. Beverly International\\app\\Views\\laporan\\index.php', 51)
 2 SYSTEMPATH\View\View.php(228): include('C:\\xampp\\htdocs\\PT. Beverly International\\app\\Views\\laporan\\index.php')
 3 SYSTEMPATH\View\View.php(231): CodeIgniter\View\View->CodeIgniter\View\{closure}()
 4 SYSTEMPATH\Common.php(1190): CodeIgniter\View\View->render('laporan/index', [], true)
 5 APPPATH\Controllers\Laporan.php(12): view('laporan/index', [...])
 6 SYSTEMPATH\CodeIgniter.php(942): App\Controllers\Laporan->index()
 7 SYSTEMPATH\CodeIgniter.php(502): CodeIgniter\CodeIgniter->runController(Object(App\Controllers\Laporan))
 8 SYSTEMPATH\CodeIgniter.php(361): CodeIgniter\CodeIgniter->handleRequest(null, Object(Config\Cache), false)
 9 FCPATH\index.php(79): CodeIgniter\CodeIgniter->run()
10 SYSTEMPATH\Commands\Server\rewrite.php(47): require_once('C:\\xampp\\htdocs\\PT. Beverly International\\public\\index.php')
INFO - 2024-04-24 01:25:24 --> Session: Class initialized using 'CodeIgniter\Session\Handlers\FileHandler' driver.
INFO - 2024-04-24 01:25:25 --> Session: Class initialized using 'CodeIgniter\Session\Handlers\FileHandler' driver.
CRITICAL - 2024-04-24 01:25:25 --> Trying to access array offset on value of type null
in APPPATH\Views\pendapatan_update.php on line 26.
 1 APPPATH\Views\pendapatan_update.php(26): CodeIgniter\Debug\Exceptions->errorHandler(2, 'Trying to access array offset on value of type null', 'C:\\xampp\\htdocs\\PT. Beverly International\\app\\Views\\pendapatan_update.php', 26)
 2 SYSTEMPATH\View\View.php(228): include('C:\\xampp\\htdocs\\PT. Beverly International\\app\\Views\\pendapatan_update.php')
 3 SYSTEMPATH\View\View.php(231): CodeIgniter\View\View->CodeIgniter\View\{closure}()
 4 SYSTEMPATH\Common.php(1190): CodeIgniter\View\View->render('pendapatan_update', [], true)
 5 APPPATH\Controllers\Pendapatan.php(82): view('pendapatan_update', [...])
 6 SYSTEMPATH\CodeIgniter.php(942): App\Controllers\Pendapatan->ubah('assets', 'img', 'pp-okvy.png')
 7 SYSTEMPATH\CodeIgniter.php(502): CodeIgniter\CodeIgniter->runController(Object(App\Controllers\Pendapatan))
 8 SYSTEMPATH\CodeIgniter.php(361): CodeIgniter\CodeIgniter->handleRequest(null, Object(Config\Cache), false)
 9 FCPATH\index.php(79): CodeIgniter\CodeIgniter->run()
10 SYSTEMPATH\Commands\Server\rewrite.php(47): require_once('C:\\xampp\\htdocs\\PT. Beverly International\\public\\index.php')
INFO - 2024-04-24 01:25:25 --> Session: Class initialized using 'CodeIgniter\Session\Handlers\FileHandler' driver.
CRITICAL - 2024-04-24 01:25:25 --> Trying to access array offset on value of type null
in APPPATH\Views\pendapatan_update.php on line 26.
 1 APPPATH\Views\pendapatan_update.php(26): CodeIgniter\Debug\Exceptions->errorHandler(2, 'Trying to access array offset on value of type null', 'C:\\xampp\\htdocs\\PT. Beverly International\\app\\Views\\pendapatan_update.php', 26)
 2 SYSTEMPATH\View\View.php(228): include('C:\\xampp\\htdocs\\PT. Beverly International\\app\\Views\\pendapatan_update.php')
 3 SYSTEMPATH\View\View.php(231): CodeIgniter\View\View->CodeIgniter\View\{closure}()
 4 SYSTEMPATH\Common.php(1190): CodeIgniter\View\View->render('pendapatan_update', [], true)
 5 APPPATH\Controllers\Pendapatan.php(82): view('pendapatan_update', [...])
 6 SYSTEMPATH\CodeIgniter.php(942): App\Controllers\Pendapatan->ubah('assets', 'img', 'pp-cindy.jpg')
 7 SYSTEMPATH\CodeIgniter.php(502): CodeIgniter\CodeIgniter->runController(Object(App\Controllers\Pendapatan))
 8 SYSTEMPATH\CodeIgniter.php(361): CodeIgniter\CodeIgniter->handleRequest(null, Object(Config\Cache), false)
 9 FCPATH\index.php(79): CodeIgniter\CodeIgniter->run()
10 SYSTEMPATH\Commands\Server\rewrite.php(47): require_once('C:\\xampp\\htdocs\\PT. Beverly International\\public\\index.php')
INFO - 2024-04-24 01:25:25 --> Session: Class initialized using 'CodeIgniter\Session\Handlers\FileHandler' driver.
CRITICAL - 2024-04-24 01:25:25 --> Trying to access array offset on value of type null
in APPPATH\Views\pendapatan_update.php on line 26.
 1 APPPATH\Views\pendapatan_update.php(26): CodeIgniter\Debug\Exceptions->errorHandler(2, 'Trying to access array offset on value of type null', 'C:\\xampp\\htdocs\\PT. Beverly International\\app\\Views\\pendapatan_update.php', 26)
 2 SYSTEMPATH\View\View.php(228): include('C:\\xampp\\htdocs\\PT. Beverly International\\app\\Views\\pendapatan_update.php')
 3 SYSTEMPATH\View\View.php(231): CodeIgniter\View\View->CodeIgniter\View\{closure}()
 4 SYSTEMPATH\Common.php(1190): CodeIgniter\View\View->render('pendapatan_update', [], true)
 5 APPPATH\Controllers\Pendapatan.php(82): view('pendapatan_update', [...])
 6 SYSTEMPATH\CodeIgniter.php(942): App\Controllers\Pendapatan->ubah('assets', 'img', 'pp-fia.jpg')
 7 SYSTEMPATH\CodeIgniter.php(502): CodeIgniter\CodeIgniter->runController(Object(App\Controllers\Pendapatan))
 8 SYSTEMPATH\CodeIgniter.php(361): CodeIgniter\CodeIgniter->handleRequest(null, Object(Config\Cache), false)
 9 FCPATH\index.php(79): CodeIgniter\CodeIgniter->run()
10 SYSTEMPATH\Commands\Server\rewrite.php(47): require_once('C:\\xampp\\htdocs\\PT. Beverly International\\public\\index.php')
INFO - 2024-04-24 01:37:24 --> Session: Class initialized using 'CodeIgniter\Session\Handlers\FileHandler' driver.
INFO - 2024-04-24 01:38:18 --> Session: Class initialized using 'CodeIgniter\Session\Handlers\FileHandler' driver.
INFO - 2024-04-24 01:38:18 --> Session: Class initialized using 'CodeIgniter\Session\Handlers\FileHandler' driver.
CRITICAL - 2024-04-24 01:38:18 --> Trying to access array offset on value of type null
in APPPATH\Views\pendapatan_update.php on line 26.
 1 APPPATH\Views\pendapatan_update.php(26): CodeIgniter\Debug\Exceptions->errorHandler(2, 'Trying to access array offset on value of type null', 'C:\\xampp\\htdocs\\PT. Beverly International\\app\\Views\\pendapatan_update.php', 26)
 2 SYSTEMPATH\View\View.php(228): include('C:\\xampp\\htdocs\\PT. Beverly International\\app\\Views\\pendapatan_update.php')
 3 SYSTEMPATH\View\View.php(231): CodeIgniter\View\View->CodeIgniter\View\{closure}()
 4 SYSTEMPATH\Common.php(1190): CodeIgniter\View\View->render('pendapatan_update', [], true)
 5 APPPATH\Controllers\Pendapatan.php(82): view('pendapatan_update', [...])
 6 SYSTEMPATH\CodeIgniter.php(942): App\Controllers\Pendapatan->ubah('assets', 'img', 'pp-okvy.png')
 7 SYSTEMPATH\CodeIgniter.php(502): CodeIgniter\CodeIgniter->runController(Object(App\Controllers\Pendapatan))
 8 SYSTEMPATH\CodeIgniter.php(361): CodeIgniter\CodeIgniter->handleRequest(null, Object(Config\Cache), false)
 9 FCPATH\index.php(79): CodeIgniter\CodeIgniter->run()
10 SYSTEMPATH\Commands\Server\rewrite.php(47): require_once('C:\\xampp\\htdocs\\PT. Beverly International\\public\\index.php')
INFO - 2024-04-24 01:38:19 --> Session: Class initialized using 'CodeIgniter\Session\Handlers\FileHandler' driver.
CRITICAL - 2024-04-24 01:38:19 --> Trying to access array offset on value of type null
in APPPATH\Views\pendapatan_update.php on line 26.
 1 APPPATH\Views\pendapatan_update.php(26): CodeIgniter\Debug\Exceptions->errorHandler(2, 'Trying to access array offset on value of type null', 'C:\\xampp\\htdocs\\PT. Beverly International\\app\\Views\\pendapatan_update.php', 26)
 2 SYSTEMPATH\View\View.php(228): include('C:\\xampp\\htdocs\\PT. Beverly International\\app\\Views\\pendapatan_update.php')
 3 SYSTEMPATH\View\View.php(231): CodeIgniter\View\View->CodeIgniter\View\{closure}()
 4 SYSTEMPATH\Common.php(1190): CodeIgniter\View\View->render('pendapatan_update', [], true)
 5 APPPATH\Controllers\Pendapatan.php(82): view('pendapatan_update', [...])
 6 SYSTEMPATH\CodeIgniter.php(942): App\Controllers\Pendapatan->ubah('assets', 'img', 'pp-cindy.jpg')
 7 SYSTEMPATH\CodeIgniter.php(502): CodeIgniter\CodeIgniter->runController(Object(App\Controllers\Pendapatan))
 8 SYSTEMPATH\CodeIgniter.php(361): CodeIgniter\CodeIgniter->handleRequest(null, Object(Config\Cache), false)
 9 FCPATH\index.php(79): CodeIgniter\CodeIgniter->run()
10 SYSTEMPATH\Commands\Server\rewrite.php(47): require_once('C:\\xampp\\htdocs\\PT. Beverly International\\public\\index.php')
INFO - 2024-04-24 01:38:19 --> Session: Class initialized using 'CodeIgniter\Session\Handlers\FileHandler' driver.
CRITICAL - 2024-04-24 01:38:19 --> Trying to access array offset on value of type null
in APPPATH\Views\pendapatan_update.php on line 26.
 1 APPPATH\Views\pendapatan_update.php(26): CodeIgniter\Debug\Exceptions->errorHandler(2, 'Trying to access array offset on value of type null', 'C:\\xampp\\htdocs\\PT. Beverly International\\app\\Views\\pendapatan_update.php', 26)
 2 SYSTEMPATH\View\View.php(228): include('C:\\xampp\\htdocs\\PT. Beverly International\\app\\Views\\pendapatan_update.php')
 3 SYSTEMPATH\View\View.php(231): CodeIgniter\View\View->CodeIgniter\View\{closure}()
 4 SYSTEMPATH\Common.php(1190): CodeIgniter\View\View->render('pendapatan_update', [], true)
 5 APPPATH\Controllers\Pendapatan.php(82): view('pendapatan_update', [...])
 6 SYSTEMPATH\CodeIgniter.php(942): App\Controllers\Pendapatan->ubah('assets', 'img', 'pp-fia.jpg')
 7 SYSTEMPATH\CodeIgniter.php(502): CodeIgniter\CodeIgniter->runController(Object(App\Controllers\Pendapatan))
 8 SYSTEMPATH\CodeIgniter.php(361): CodeIgniter\CodeIgniter->handleRequest(null, Object(Config\Cache), false)
 9 FCPATH\index.php(79): CodeIgniter\CodeIgniter->run()
10 SYSTEMPATH\Commands\Server\rewrite.php(47): require_once('C:\\xampp\\htdocs\\PT. Beverly International\\public\\index.php')
INFO - 2024-04-24 01:40:54 --> Session: Class initialized using 'CodeIgniter\Session\Handlers\FileHandler' driver.
INFO - 2024-04-24 01:40:54 --> Session: Class initialized using 'CodeIgniter\Session\Handlers\FileHandler' driver.
INFO - 2024-04-24 01:45:09 --> Session: Class initialized using 'CodeIgniter\Session\Handlers\FileHandler' driver.
INFO - 2024-04-24 01:45:12 --> Session: Class initialized using 'CodeIgniter\Session\Handlers\FileHandler' driver.
INFO - 2024-04-24 01:45:17 --> Session: Class initialized using 'CodeIgniter\Session\Handlers\FileHandler' driver.
INFO - 2024-04-24 01:45:23 --> Session: Class initialized using 'CodeIgniter\Session\Handlers\FileHandler' driver.
INFO - 2024-04-24 01:47:35 --> Session: Class initialized using 'CodeIgniter\Session\Handlers\FileHandler' driver.
INFO - 2024-04-24 01:47:39 --> Session: Class initialized using 'CodeIgniter\Session\Handlers\FileHandler' driver.
INFO - 2024-04-24 01:47:42 --> Session: Class initialized using 'CodeIgniter\Session\Handlers\FileHandler' driver.
INFO - 2024-04-24 01:48:06 --> Session: Class initialized using 'CodeIgniter\Session\Handlers\FileHandler' driver.
INFO - 2024-04-24 01:48:08 --> Session: Class initialized using 'CodeIgniter\Session\Handlers\FileHandler' driver.
INFO - 2024-04-24 01:50:03 --> Session: Class initialized using 'CodeIgniter\Session\Handlers\FileHandler' driver.
INFO - 2024-04-24 01:50:04 --> Session: Class initialized using 'CodeIgniter\Session\Handlers\FileHandler' driver.
INFO - 2024-04-24 01:51:14 --> Session: Class initialized using 'CodeIgniter\Session\Handlers\FileHandler' driver.
INFO - 2024-04-24 01:56:34 --> Session: Class initialized using 'CodeIgniter\Session\Handlers\FileHandler' driver.
INFO - 2024-04-24 01:57:22 --> Session: Class initialized using 'CodeIgniter\Session\Handlers\FileHandler' driver.
INFO - 2024-04-24 01:57:23 --> Session: Class initialized using 'CodeIgniter\Session\Handlers\FileHandler' driver.
CRITICAL - 2024-04-24 01:57:23 --> Trying to access array offset on value of type null
in APPPATH\Views\pengeluaran_update.php on line 25.
 1 APPPATH\Views\pengeluaran_update.php(25): CodeIgniter\Debug\Exceptions->errorHandler(2, 'Trying to access array offset on value of type null', 'C:\\xampp\\htdocs\\PT. Beverly International\\app\\Views\\pengeluaran_update.php', 25)
 2 SYSTEMPATH\View\View.php(228): include('C:\\xampp\\htdocs\\PT. Beverly International\\app\\Views\\pengeluaran_update.php')
 3 SYSTEMPATH\View\View.php(231): CodeIgniter\View\View->CodeIgniter\View\{closure}()
 4 SYSTEMPATH\Common.php(1190): CodeIgniter\View\View->render('pengeluaran_update', [], true)
 5 APPPATH\Controllers\Pengeluaran.php(78): view('pengeluaran_update', [...])
 6 SYSTEMPATH\CodeIgniter.php(942): App\Controllers\Pengeluaran->ubah('assets', 'img', 'pp-okvy.png')
 7 SYSTEMPATH\CodeIgniter.php(502): CodeIgniter\CodeIgniter->runController(Object(App\Controllers\Pengeluaran))
 8 SYSTEMPATH\CodeIgniter.php(361): CodeIgniter\CodeIgniter->handleRequest(null, Object(Config\Cache), false)
 9 FCPATH\index.php(79): CodeIgniter\CodeIgniter->run()
10 SYSTEMPATH\Commands\Server\rewrite.php(47): require_once('C:\\xampp\\htdocs\\PT. Beverly International\\public\\index.php')
INFO - 2024-04-24 01:57:23 --> Session: Class initialized using 'CodeIgniter\Session\Handlers\FileHandler' driver.
CRITICAL - 2024-04-24 01:57:23 --> Trying to access array offset on value of type null
in APPPATH\Views\pengeluaran_update.php on line 25.
 1 APPPATH\Views\pengeluaran_update.php(25): CodeIgniter\Debug\Exceptions->errorHandler(2, 'Trying to access array offset on value of type null', 'C:\\xampp\\htdocs\\PT. Beverly International\\app\\Views\\pengeluaran_update.php', 25)
 2 SYSTEMPATH\View\View.php(228): include('C:\\xampp\\htdocs\\PT. Beverly International\\app\\Views\\pengeluaran_update.php')
 3 SYSTEMPATH\View\View.php(231): CodeIgniter\View\View->CodeIgniter\View\{closure}()
 4 SYSTEMPATH\Common.php(1190): CodeIgniter\View\View->render('pengeluaran_update', [], true)
 5 APPPATH\Controllers\Pengeluaran.php(78): view('pengeluaran_update', [...])
 6 SYSTEMPATH\CodeIgniter.php(942): App\Controllers\Pengeluaran->ubah('assets', 'img', 'pp-cindy.jpg')
 7 SYSTEMPATH\CodeIgniter.php(502): CodeIgniter\CodeIgniter->runController(Object(App\Controllers\Pengeluaran))
 8 SYSTEMPATH\CodeIgniter.php(361): CodeIgniter\CodeIgniter->handleRequest(null, Object(Config\Cache), false)
 9 FCPATH\index.php(79): CodeIgniter\CodeIgniter->run()
10 SYSTEMPATH\Commands\Server\rewrite.php(47): require_once('C:\\xampp\\htdocs\\PT. Beverly International\\public\\index.php')
INFO - 2024-04-24 01:57:23 --> Session: Class initialized using 'CodeIgniter\Session\Handlers\FileHandler' driver.
CRITICAL - 2024-04-24 01:57:23 --> Trying to access array offset on value of type null
in APPPATH\Views\pengeluaran_update.php on line 25.
 1 APPPATH\Views\pengeluaran_update.php(25): CodeIgniter\Debug\Exceptions->errorHandler(2, 'Trying to access array offset on value of type null', 'C:\\xampp\\htdocs\\PT. Beverly International\\app\\Views\\pengeluaran_update.php', 25)
 2 SYSTEMPATH\View\View.php(228): include('C:\\xampp\\htdocs\\PT. Beverly International\\app\\Views\\pengeluaran_update.php')
 3 SYSTEMPATH\View\View.php(231): CodeIgniter\View\View->CodeIgniter\View\{closure}()
 4 SYSTEMPATH\Common.php(1190): CodeIgniter\View\View->render('pengeluaran_update', [], true)
 5 APPPATH\Controllers\Pengeluaran.php(78): view('pengeluaran_update', [...])
 6 SYSTEMPATH\CodeIgniter.php(942): App\Controllers\Pengeluaran->ubah('assets', 'img', 'pp-fia.jpg')
 7 SYSTEMPATH\CodeIgniter.php(502): CodeIgniter\CodeIgniter->runController(Object(App\Controllers\Pengeluaran))
 8 SYSTEMPATH\CodeIgniter.php(361): CodeIgniter\CodeIgniter->handleRequest(null, Object(Config\Cache), false)
 9 FCPATH\index.php(79): CodeIgniter\CodeIgniter->run()
10 SYSTEMPATH\Commands\Server\rewrite.php(47): require_once('C:\\xampp\\htdocs\\PT. Beverly International\\public\\index.php')
INFO - 2024-04-24 01:59:04 --> Session: Class initialized using 'CodeIgniter\Session\Handlers\FileHandler' driver.
INFO - 2024-04-24 01:59:04 --> Session: Class initialized using 'CodeIgniter\Session\Handlers\FileHandler' driver.
INFO - 2024-04-24 02:00:44 --> Session: Class initialized using 'CodeIgniter\Session\Handlers\FileHandler' driver.
INFO - 2024-04-24 02:00:44 --> Session: Class initialized using 'CodeIgniter\Session\Handlers\FileHandler' driver.
INFO - 2024-04-24 02:01:21 --> Session: Class initialized using 'CodeIgniter\Session\Handlers\FileHandler' driver.
WARNING - 2024-04-24 02:01:21 --> [DEPRECATED] Creation of dynamic property App\Controllers\Kategori::$KategoriModel is deprecated in APPPATH\Controllers\Kategori.php on line 17.
 1 SYSTEMPATH\CodeIgniter.php(942): App\Controllers\Kategori->index()
 2 SYSTEMPATH\CodeIgniter.php(502): CodeIgniter\CodeIgniter->runController(Object(App\Controllers\Kategori))
 3 SYSTEMPATH\CodeIgniter.php(361): CodeIgniter\CodeIgniter->handleRequest(null, Object(Config\Cache), false)
 4 FCPATH\index.php(79): CodeIgniter\CodeIgniter->run()
 5 SYSTEMPATH\Commands\Server\rewrite.php(47): require_once('C:\\xampp\\htdocs\\PT. Beverly International\\public\\index.php')
INFO - 2024-04-24 02:08:15 --> Session: Class initialized using 'CodeIgniter\Session\Handlers\FileHandler' driver.
INFO - 2024-04-24 02:08:15 --> Session: Class initialized using 'CodeIgniter\Session\Handlers\FileHandler' driver.
CRITICAL - 2024-04-24 02:08:15 --> Trying to access array offset on value of type null
in APPPATH\Views\kategori_update.php on line 18.
 1 APPPATH\Views\kategori_update.php(18): CodeIgniter\Debug\Exceptions->errorHandler(2, 'Trying to access array offset on value of type null', 'C:\\xampp\\htdocs\\PT. Beverly International\\app\\Views\\kategori_update.php', 18)
 2 SYSTEMPATH\View\View.php(228): include('C:\\xampp\\htdocs\\PT. Beverly International\\app\\Views\\kategori_update.php')
 3 SYSTEMPATH\View\View.php(231): CodeIgniter\View\View->CodeIgniter\View\{closure}()
 4 SYSTEMPATH\Common.php(1190): CodeIgniter\View\View->render('kategori_update', [], true)
 5 APPPATH\Controllers\Kategori.php(62): view('kategori_update', [...])
 6 SYSTEMPATH\CodeIgniter.php(942): App\Controllers\Kategori->ubah('assets', 'img', 'pp-okvy.png')
 7 SYSTEMPATH\CodeIgniter.php(502): CodeIgniter\CodeIgniter->runController(Object(App\Controllers\Kategori))
 8 SYSTEMPATH\CodeIgniter.php(361): CodeIgniter\CodeIgniter->handleRequest(null, Object(Config\Cache), false)
 9 FCPATH\index.php(79): CodeIgniter\CodeIgniter->run()
10 SYSTEMPATH\Commands\Server\rewrite.php(47): require_once('C:\\xampp\\htdocs\\PT. Beverly International\\public\\index.php')
INFO - 2024-04-24 02:08:16 --> Session: Class initialized using 'CodeIgniter\Session\Handlers\FileHandler' driver.
CRITICAL - 2024-04-24 02:08:16 --> Trying to access array offset on value of type null
in APPPATH\Views\kategori_update.php on line 18.
 1 APPPATH\Views\kategori_update.php(18): CodeIgniter\Debug\Exceptions->errorHandler(2, 'Trying to access array offset on value of type null', 'C:\\xampp\\htdocs\\PT. Beverly International\\app\\Views\\kategori_update.php', 18)
 2 SYSTEMPATH\View\View.php(228): include('C:\\xampp\\htdocs\\PT. Beverly International\\app\\Views\\kategori_update.php')
 3 SYSTEMPATH\View\View.php(231): CodeIgniter\View\View->CodeIgniter\View\{closure}()
 4 SYSTEMPATH\Common.php(1190): CodeIgniter\View\View->render('kategori_update', [], true)
 5 APPPATH\Controllers\Kategori.php(62): view('kategori_update', [...])
 6 SYSTEMPATH\CodeIgniter.php(942): App\Controllers\Kategori->ubah('assets', 'img', 'pp-cindy.jpg')
 7 SYSTEMPATH\CodeIgniter.php(502): CodeIgniter\CodeIgniter->runController(Object(App\Controllers\Kategori))
 8 SYSTEMPATH\CodeIgniter.php(361): CodeIgniter\CodeIgniter->handleRequest(null, Object(Config\Cache), false)
 9 FCPATH\index.php(79): CodeIgniter\CodeIgniter->run()
10 SYSTEMPATH\Commands\Server\rewrite.php(47): require_once('C:\\xampp\\htdocs\\PT. Beverly International\\public\\index.php')
INFO - 2024-04-24 02:08:16 --> Session: Class initialized using 'CodeIgniter\Session\Handlers\FileHandler' driver.
CRITICAL - 2024-04-24 02:08:16 --> Trying to access array offset on value of type null
in APPPATH\Views\kategori_update.php on line 18.
 1 APPPATH\Views\kategori_update.php(18): CodeIgniter\Debug\Exceptions->errorHandler(2, 'Trying to access array offset on value of type null', 'C:\\xampp\\htdocs\\PT. Beverly International\\app\\Views\\kategori_update.php', 18)
 2 SYSTEMPATH\View\View.php(228): include('C:\\xampp\\htdocs\\PT. Beverly International\\app\\Views\\kategori_update.php')
 3 SYSTEMPATH\View\View.php(231): CodeIgniter\View\View->CodeIgniter\View\{closure}()
 4 SYSTEMPATH\Common.php(1190): CodeIgniter\View\View->render('kategori_update', [], true)
 5 APPPATH\Controllers\Kategori.php(62): view('kategori_update', [...])
 6 SYSTEMPATH\CodeIgniter.php(942): App\Controllers\Kategori->ubah('assets', 'img', 'pp-fia.jpg')
 7 SYSTEMPATH\CodeIgniter.php(502): CodeIgniter\CodeIgniter->runController(Object(App\Controllers\Kategori))
 8 SYSTEMPATH\CodeIgniter.php(361): CodeIgniter\CodeIgniter->handleRequest(null, Object(Config\Cache), false)
 9 FCPATH\index.php(79): CodeIgniter\CodeIgniter->run()
10 SYSTEMPATH\Commands\Server\rewrite.php(47): require_once('C:\\xampp\\htdocs\\PT. Beverly International\\public\\index.php')
INFO - 2024-04-24 02:08:38 --> Session: Class initialized using 'CodeIgniter\Session\Handlers\FileHandler' driver.
WARNING - 2024-04-24 02:08:38 --> [DEPRECATED] Creation of dynamic property App\Controllers\Kategori::$KategoriModel is deprecated in APPPATH\Controllers\Kategori.php on line 17.
 1 SYSTEMPATH\CodeIgniter.php(942): App\Controllers\Kategori->index()
 2 SYSTEMPATH\CodeIgniter.php(502): CodeIgniter\CodeIgniter->runController(Object(App\Controllers\Kategori))
 3 SYSTEMPATH\CodeIgniter.php(361): CodeIgniter\CodeIgniter->handleRequest(null, Object(Config\Cache), false)
 4 FCPATH\index.php(79): CodeIgniter\CodeIgniter->run()
 5 SYSTEMPATH\Commands\Server\rewrite.php(47): require_once('C:\\xampp\\htdocs\\PT. Beverly International\\public\\index.php')
INFO - 2024-04-24 02:09:05 --> Session: Class initialized using 'CodeIgniter\Session\Handlers\FileHandler' driver.
INFO - 2024-04-24 02:09:06 --> Session: Class initialized using 'CodeIgniter\Session\Handlers\FileHandler' driver.
CRITICAL - 2024-04-24 02:09:06 --> Trying to access array offset on value of type null
in APPPATH\Views\kategori_update.php on line 18.
 1 APPPATH\Views\kategori_update.php(18): CodeIgniter\Debug\Exceptions->errorHandler(2, 'Trying to access array offset on value of type null', 'C:\\xampp\\htdocs\\PT. Beverly International\\app\\Views\\kategori_update.php', 18)
 2 SYSTEMPATH\View\View.php(228): include('C:\\xampp\\htdocs\\PT. Beverly International\\app\\Views\\kategori_update.php')
 3 SYSTEMPATH\View\View.php(231): CodeIgniter\View\View->CodeIgniter\View\{closure}()
 4 SYSTEMPATH\Common.php(1190): CodeIgniter\View\View->render('kategori_update', [], true)
 5 APPPATH\Controllers\Kategori.php(62): view('kategori_update', [...])
 6 SYSTEMPATH\CodeIgniter.php(942): App\Controllers\Kategori->ubah('assets', 'img', 'pp-okvy.png')
 7 SYSTEMPATH\CodeIgniter.php(502): CodeIgniter\CodeIgniter->runController(Object(App\Controllers\Kategori))
 8 SYSTEMPATH\CodeIgniter.php(361): CodeIgniter\CodeIgniter->handleRequest(null, Object(Config\Cache), false)
 9 FCPATH\index.php(79): CodeIgniter\CodeIgniter->run()
10 SYSTEMPATH\Commands\Server\rewrite.php(47): require_once('C:\\xampp\\htdocs\\PT. Beverly International\\public\\index.php')
INFO - 2024-04-24 02:09:06 --> Session: Class initialized using 'CodeIgniter\Session\Handlers\FileHandler' driver.
CRITICAL - 2024-04-24 02:09:06 --> Trying to access array offset on value of type null
in APPPATH\Views\kategori_update.php on line 18.
 1 APPPATH\Views\kategori_update.php(18): CodeIgniter\Debug\Exceptions->errorHandler(2, 'Trying to access array offset on value of type null', 'C:\\xampp\\htdocs\\PT. Beverly International\\app\\Views\\kategori_update.php', 18)
 2 SYSTEMPATH\View\View.php(228): include('C:\\xampp\\htdocs\\PT. Beverly International\\app\\Views\\kategori_update.php')
 3 SYSTEMPATH\View\View.php(231): CodeIgniter\View\View->CodeIgniter\View\{closure}()
 4 SYSTEMPATH\Common.php(1190): CodeIgniter\View\View->render('kategori_update', [], true)
 5 APPPATH\Controllers\Kategori.php(62): view('kategori_update', [...])
 6 SYSTEMPATH\CodeIgniter.php(942): App\Controllers\Kategori->ubah('assets', 'img', 'pp-cindy.jpg')
 7 SYSTEMPATH\CodeIgniter.php(502): CodeIgniter\CodeIgniter->runController(Object(App\Controllers\Kategori))
 8 SYSTEMPATH\CodeIgniter.php(361): CodeIgniter\CodeIgniter->handleRequest(null, Object(Config\Cache), false)
 9 FCPATH\index.php(79): CodeIgniter\CodeIgniter->run()
10 SYSTEMPATH\Commands\Server\rewrite.php(47): require_once('C:\\xampp\\htdocs\\PT. Beverly International\\public\\index.php')
INFO - 2024-04-24 02:09:06 --> Session: Class initialized using 'CodeIgniter\Session\Handlers\FileHandler' driver.
CRITICAL - 2024-04-24 02:09:06 --> Trying to access array offset on value of type null
in APPPATH\Views\kategori_update.php on line 18.
 1 APPPATH\Views\kategori_update.php(18): CodeIgniter\Debug\Exceptions->errorHandler(2, 'Trying to access array offset on value of type null', 'C:\\xampp\\htdocs\\PT. Beverly International\\app\\Views\\kategori_update.php', 18)
 2 SYSTEMPATH\View\View.php(228): include('C:\\xampp\\htdocs\\PT. Beverly International\\app\\Views\\kategori_update.php')
 3 SYSTEMPATH\View\View.php(231): CodeIgniter\View\View->CodeIgniter\View\{closure}()
 4 SYSTEMPATH\Common.php(1190): CodeIgniter\View\View->render('kategori_update', [], true)
 5 APPPATH\Controllers\Kategori.php(62): view('kategori_update', [...])
 6 SYSTEMPATH\CodeIgniter.php(942): App\Controllers\Kategori->ubah('assets', 'img', 'pp-fia.jpg')
 7 SYSTEMPATH\CodeIgniter.php(502): CodeIgniter\CodeIgniter->runController(Object(App\Controllers\Kategori))
 8 SYSTEMPATH\CodeIgniter.php(361): CodeIgniter\CodeIgniter->handleRequest(null, Object(Config\Cache), false)
 9 FCPATH\index.php(79): CodeIgniter\CodeIgniter->run()
10 SYSTEMPATH\Commands\Server\rewrite.php(47): require_once('C:\\xampp\\htdocs\\PT. Beverly International\\public\\index.php')
INFO - 2024-04-24 02:10:48 --> Session: Class initialized using 'CodeIgniter\Session\Handlers\FileHandler' driver.
INFO - 2024-04-24 02:10:48 --> Session: Class initialized using 'CodeIgniter\Session\Handlers\FileHandler' driver.
WARNING - 2024-04-24 02:10:48 --> [DEPRECATED] Creation of dynamic property App\Controllers\Kategori::$KategoriModel is deprecated in APPPATH\Controllers\Kategori.php on line 17.
 1 SYSTEMPATH\CodeIgniter.php(942): App\Controllers\Kategori->index()
 2 SYSTEMPATH\CodeIgniter.php(502): CodeIgniter\CodeIgniter->runController(Object(App\Controllers\Kategori))
 3 SYSTEMPATH\CodeIgniter.php(361): CodeIgniter\CodeIgniter->handleRequest(null, Object(Config\Cache), false)
 4 FCPATH\index.php(79): CodeIgniter\CodeIgniter->run()
 5 SYSTEMPATH\Commands\Server\rewrite.php(47): require_once('C:\\xampp\\htdocs\\PT. Beverly International\\public\\index.php')
INFO - 2024-04-24 02:12:17 --> Session: Class initialized using 'CodeIgniter\Session\Handlers\FileHandler' driver.
INFO - 2024-04-24 02:12:17 --> Session: Class initialized using 'CodeIgniter\Session\Handlers\FileHandler' driver.
WARNING - 2024-04-24 02:12:17 --> [DEPRECATED] Creation of dynamic property App\Controllers\Kategori::$KategoriModel is deprecated in APPPATH\Controllers\Kategori.php on line 17.
 1 SYSTEMPATH\CodeIgniter.php(942): App\Controllers\Kategori->index()
 2 SYSTEMPATH\CodeIgniter.php(502): CodeIgniter\CodeIgniter->runController(Object(App\Controllers\Kategori))
 3 SYSTEMPATH\CodeIgniter.php(361): CodeIgniter\CodeIgniter->handleRequest(null, Object(Config\Cache), false)
 4 FCPATH\index.php(79): CodeIgniter\CodeIgniter->run()
 5 SYSTEMPATH\Commands\Server\rewrite.php(47): require_once('C:\\xampp\\htdocs\\PT. Beverly International\\public\\index.php')
INFO - 2024-04-24 02:50:35 --> Session: Class initialized using 'CodeIgniter\Session\Handlers\FileHandler' driver.
INFO - 2024-04-24 02:50:51 --> Session: Class initialized using 'CodeIgniter\Session\Handlers\FileHandler' driver.
INFO - 2024-04-24 02:50:51 --> Session: Class initialized using 'CodeIgniter\Session\Handlers\FileHandler' driver.
INFO - 2024-04-24 02:51:14 --> Session: Class initialized using 'CodeIgniter\Session\Handlers\FileHandler' driver.
WARNING - 2024-04-24 02:51:14 --> [DEPRECATED] Creation of dynamic property App\Controllers\Kategori::$KategoriModel is deprecated in APPPATH\Controllers\Kategori.php on line 17.
 1 SYSTEMPATH\CodeIgniter.php(942): App\Controllers\Kategori->index()
 2 SYSTEMPATH\CodeIgniter.php(502): CodeIgniter\CodeIgniter->runController(Object(App\Controllers\Kategori))
 3 SYSTEMPATH\CodeIgniter.php(361): CodeIgniter\CodeIgniter->handleRequest(null, Object(Config\Cache), false)
 4 FCPATH\index.php(79): CodeIgniter\CodeIgniter->run()
 5 SYSTEMPATH\Commands\Server\rewrite.php(47): require_once('C:\\xampp\\htdocs\\PT. Beverly International\\public\\index.php')
INFO - 2024-04-24 02:51:17 --> Session: Class initialized using 'CodeIgniter\Session\Handlers\FileHandler' driver.
INFO - 2024-04-24 02:51:17 --> Session: Class initialized using 'CodeIgniter\Session\Handlers\FileHandler' driver.
INFO - 2024-04-24 02:51:18 --> Session: Class initialized using 'CodeIgniter\Session\Handlers\FileHandler' driver.
INFO - 2024-04-24 02:51:18 --> Session: Class initialized using 'CodeIgniter\Session\Handlers\FileHandler' driver.
INFO - 2024-04-24 02:51:25 --> Session: Class initialized using 'CodeIgniter\Session\Handlers\FileHandler' driver.
WARNING - 2024-04-24 02:51:25 --> [DEPRECATED] Creation of dynamic property App\Controllers\Kategori::$KategoriModel is deprecated in APPPATH\Controllers\Kategori.php on line 17.
 1 SYSTEMPATH\CodeIgniter.php(942): App\Controllers\Kategori->index()
 2 SYSTEMPATH\CodeIgniter.php(502): CodeIgniter\CodeIgniter->runController(Object(App\Controllers\Kategori))
 3 SYSTEMPATH\CodeIgniter.php(361): CodeIgniter\CodeIgniter->handleRequest(null, Object(Config\Cache), false)
 4 FCPATH\index.php(79): CodeIgniter\CodeIgniter->run()
 5 SYSTEMPATH\Commands\Server\rewrite.php(47): require_once('C:\\xampp\\htdocs\\PT. Beverly International\\public\\index.php')
INFO - 2024-04-24 02:51:28 --> Session: Class initialized using 'CodeIgniter\Session\Handlers\FileHandler' driver.
INFO - 2024-04-24 02:51:28 --> Session: Class initialized using 'CodeIgniter\Session\Handlers\FileHandler' driver.
INFO - 2024-04-24 02:51:28 --> Session: Class initialized using 'CodeIgniter\Session\Handlers\FileHandler' driver.
INFO - 2024-04-24 02:51:29 --> Session: Class initialized using 'CodeIgniter\Session\Handlers\FileHandler' driver.
INFO - 2024-04-24 02:51:42 --> Session: Class initialized using 'CodeIgniter\Session\Handlers\FileHandler' driver.
INFO - 2024-04-24 02:51:43 --> Session: Class initialized using 'CodeIgniter\Session\Handlers\FileHandler' driver.
WARNING - 2024-04-24 02:51:43 --> [DEPRECATED] Creation of dynamic property App\Controllers\Kategori::$KategoriModel is deprecated in APPPATH\Controllers\Kategori.php on line 17.
 1 SYSTEMPATH\CodeIgniter.php(942): App\Controllers\Kategori->index()
 2 SYSTEMPATH\CodeIgniter.php(502): CodeIgniter\CodeIgniter->runController(Object(App\Controllers\Kategori))
 3 SYSTEMPATH\CodeIgniter.php(361): CodeIgniter\CodeIgniter->handleRequest(null, Object(Config\Cache), false)
 4 FCPATH\index.php(79): CodeIgniter\CodeIgniter->run()
 5 SYSTEMPATH\Commands\Server\rewrite.php(47): require_once('C:\\xampp\\htdocs\\PT. Beverly International\\public\\index.php')
INFO - 2024-04-24 02:53:19 --> Session: Class initialized using 'CodeIgniter\Session\Handlers\FileHandler' driver.
INFO - 2024-04-24 02:53:20 --> Session: Class initialized using 'CodeIgniter\Session\Handlers\FileHandler' driver.
WARNING - 2024-04-24 02:53:20 --> [DEPRECATED] Creation of dynamic property App\Controllers\Kategori::$KategoriModel is deprecated in APPPATH\Controllers\Kategori.php on line 17.
 1 SYSTEMPATH\CodeIgniter.php(942): App\Controllers\Kategori->index()
 2 SYSTEMPATH\CodeIgniter.php(502): CodeIgniter\CodeIgniter->runController(Object(App\Controllers\Kategori))
 3 SYSTEMPATH\CodeIgniter.php(361): CodeIgniter\CodeIgniter->handleRequest(null, Object(Config\Cache), false)
 4 FCPATH\index.php(79): CodeIgniter\CodeIgniter->run()
 5 SYSTEMPATH\Commands\Server\rewrite.php(47): require_once('C:\\xampp\\htdocs\\PT. Beverly International\\public\\index.php')
INFO - 2024-04-24 02:53:24 --> Session: Class initialized using 'CodeIgniter\Session\Handlers\FileHandler' driver.
WARNING - 2024-04-24 02:53:24 --> [DEPRECATED] Creation of dynamic property App\Controllers\Kategori::$KategoriModel is deprecated in APPPATH\Controllers\Kategori.php on line 17.
 1 SYSTEMPATH\CodeIgniter.php(942): App\Controllers\Kategori->index()
 2 SYSTEMPATH\CodeIgniter.php(502): CodeIgniter\CodeIgniter->runController(Object(App\Controllers\Kategori))
 3 SYSTEMPATH\CodeIgniter.php(361): CodeIgniter\CodeIgniter->handleRequest(null, Object(Config\Cache), false)
 4 FCPATH\index.php(79): CodeIgniter\CodeIgniter->run()
 5 SYSTEMPATH\Commands\Server\rewrite.php(47): require_once('C:\\xampp\\htdocs\\PT. Beverly International\\public\\index.php')
INFO - 2024-04-24 02:53:26 --> Session: Class initialized using 'CodeIgniter\Session\Handlers\FileHandler' driver.
INFO - 2024-04-24 02:53:26 --> Session: Class initialized using 'CodeIgniter\Session\Handlers\FileHandler' driver.
INFO - 2024-04-24 02:53:27 --> Session: Class initialized using 'CodeIgniter\Session\Handlers\FileHandler' driver.
INFO - 2024-04-24 02:53:27 --> Session: Class initialized using 'CodeIgniter\Session\Handlers\FileHandler' driver.
INFO - 2024-04-24 02:53:37 --> Session: Class initialized using 'CodeIgniter\Session\Handlers\FileHandler' driver.
INFO - 2024-04-24 02:53:37 --> Session: Class initialized using 'CodeIgniter\Session\Handlers\FileHandler' driver.
WARNING - 2024-04-24 02:53:37 --> [DEPRECATED] Creation of dynamic property App\Controllers\Kategori::$KategoriModel is deprecated in APPPATH\Controllers\Kategori.php on line 17.
 1 SYSTEMPATH\CodeIgniter.php(942): App\Controllers\Kategori->index()
 2 SYSTEMPATH\CodeIgniter.php(502): CodeIgniter\CodeIgniter->runController(Object(App\Controllers\Kategori))
 3 SYSTEMPATH\CodeIgniter.php(361): CodeIgniter\CodeIgniter->handleRequest(null, Object(Config\Cache), false)
 4 FCPATH\index.php(79): CodeIgniter\CodeIgniter->run()
 5 SYSTEMPATH\Commands\Server\rewrite.php(47): require_once('C:\\xampp\\htdocs\\PT. Beverly International\\public\\index.php')
