INFO - 2025-07-07 13:34:32 --> Session: Class initialized using 'CodeIgniter\Session\Handlers\FileHandler' driver.
INFO - 2025-07-07 13:34:53 --> Session: Class initialized using 'CodeIgniter\Session\Handlers\FileHandler' driver.
ERROR - 2025-07-07 13:34:58 --> Error connecting to the database: mysqli_sql_exception: No connection could be made because the target machine actively refused it in D:\A_PERKULIAHAN\SEMESTER 4\PENG. APLIKASI ENTERPRISE\beverly\system\Database\MySQLi\Connection.php:184
Stack trace:
#0 D:\A_PERKULIAHAN\SEMESTER 4\PENG. APLIKASI ENTERPRISE\beverly\system\Database\MySQLi\Connection.php(184): mysqli->real_connect('localhost', 'root', Object(SensitiveParameterValue), 'db_beverly', 3306, '', 0)
#1 D:\A_PERKULIAHAN\SEMESTER 4\PENG. APLIKASI ENTERPRISE\beverly\system\Database\BaseConnection.php(392): CodeIgniter\Database\MySQLi\Connection->connect(false)
#2 D:\A_PERKULIAHAN\SEMESTER 4\PENG. APLIKASI ENTERPRISE\beverly\system\Database\BaseConnection.php(575): CodeIgniter\Database\BaseConnection->initialize()
#3 D:\A_PERKULIAHAN\SEMESTER 4\PENG. APLIKASI ENTERPRISE\beverly\system\Database\BaseBuilder.php(1615): CodeIgniter\Database\BaseConnection->query('SELECT *\nFROM `...', Array, false)
#4 D:\A_PERKULIAHAN\SEMESTER 4\PENG. APLIKASI ENTERPRISE\beverly\system\Model.php(264): CodeIgniter\Database\BaseBuilder->get()
#5 D:\A_PERKULIAHAN\SEMESTER 4\PENG. APLIKASI ENTERPRISE\beverly\system\BaseModel.php(662): CodeIgniter\Model->doFirst()
#6 D:\A_PERKULIAHAN\SEMESTER 4\PENG. APLIKASI ENTERPRISE\beverly\app\Controllers\Home.php(84): CodeIgniter\BaseModel->first()
#7 D:\A_PERKULIAHAN\SEMESTER 4\PENG. APLIKASI ENTERPRISE\beverly\system\CodeIgniter.php(942): App\Controllers\Home->validasi()
#8 D:\A_PERKULIAHAN\SEMESTER 4\PENG. APLIKASI ENTERPRISE\beverly\system\CodeIgniter.php(502): CodeIgniter\CodeIgniter->runController(Object(App\Controllers\Home))
#9 D:\A_PERKULIAHAN\SEMESTER 4\PENG. APLIKASI ENTERPRISE\beverly\system\CodeIgniter.php(361): CodeIgniter\CodeIgniter->handleRequest(NULL, Object(Config\Cache), false)
#10 D:\A_PERKULIAHAN\SEMESTER 4\PENG. APLIKASI ENTERPRISE\beverly\public\index.php(79): CodeIgniter\CodeIgniter->run()
#11 D:\A_PERKULIAHAN\SEMESTER 4\PENG. APLIKASI ENTERPRISE\beverly\system\Commands\Server\rewrite.php(47): require_once('D:\\A_PERKULIAHA...')
#12 {main}

Next CodeIgniter\Database\Exceptions\DatabaseException: No connection could be made because the target machine actively refused it in D:\A_PERKULIAHAN\SEMESTER 4\PENG. APLIKASI ENTERPRISE\beverly\system\Database\MySQLi\Connection.php:229
Stack trace:
#0 D:\A_PERKULIAHAN\SEMESTER 4\PENG. APLIKASI ENTERPRISE\beverly\system\Database\BaseConnection.php(392): CodeIgniter\Database\MySQLi\Connection->connect(false)
#1 D:\A_PERKULIAHAN\SEMESTER 4\PENG. APLIKASI ENTERPRISE\beverly\system\Database\BaseConnection.php(575): CodeIgniter\Database\BaseConnection->initialize()
#2 D:\A_PERKULIAHAN\SEMESTER 4\PENG. APLIKASI ENTERPRISE\beverly\system\Database\BaseBuilder.php(1615): CodeIgniter\Database\BaseConnection->query('SELECT *\nFROM `...', Array, false)
#3 D:\A_PERKULIAHAN\SEMESTER 4\PENG. APLIKASI ENTERPRISE\beverly\system\Model.php(264): CodeIgniter\Database\BaseBuilder->get()
#4 D:\A_PERKULIAHAN\SEMESTER 4\PENG. APLIKASI ENTERPRISE\beverly\system\BaseModel.php(662): CodeIgniter\Model->doFirst()
#5 D:\A_PERKULIAHAN\SEMESTER 4\PENG. APLIKASI ENTERPRISE\beverly\app\Controllers\Home.php(84): CodeIgniter\BaseModel->first()
#6 D:\A_PERKULIAHAN\SEMESTER 4\PENG. APLIKASI ENTERPRISE\beverly\system\CodeIgniter.php(942): App\Controllers\Home->validasi()
#7 D:\A_PERKULIAHAN\SEMESTER 4\PENG. APLIKASI ENTERPRISE\beverly\system\CodeIgniter.php(502): CodeIgniter\CodeIgniter->runController(Object(App\Controllers\Home))
#8 D:\A_PERKULIAHAN\SEMESTER 4\PENG. APLIKASI ENTERPRISE\beverly\system\CodeIgniter.php(361): CodeIgniter\CodeIgniter->handleRequest(NULL, Object(Config\Cache), false)
#9 D:\A_PERKULIAHAN\SEMESTER 4\PENG. APLIKASI ENTERPRISE\beverly\public\index.php(79): CodeIgniter\CodeIgniter->run()
#10 D:\A_PERKULIAHAN\SEMESTER 4\PENG. APLIKASI ENTERPRISE\beverly\system\Commands\Server\rewrite.php(47): require_once('D:\\A_PERKULIAHA...')
#11 {main}
CRITICAL - 2025-07-07 13:34:58 --> Unable to connect to the database.
Main connection [MySQLi]: No connection could be made because the target machine actively refused it
in SYSTEMPATH\Database\BaseConnection.php on line 428.
 1 SYSTEMPATH\Database\BaseConnection.php(575): CodeIgniter\Database\BaseConnection->initialize()
 2 SYSTEMPATH\Database\BaseBuilder.php(1615): CodeIgniter\Database\BaseConnection->query('SELECT *
FROM `user`
WHERE `id_user` = :id_user:
 LIMIT 1', [...], false)
 3 SYSTEMPATH\Model.php(264): CodeIgniter\Database\BaseBuilder->get()
 4 SYSTEMPATH\BaseModel.php(662): CodeIgniter\Model->doFirst()
 5 APPPATH\Controllers\Home.php(84): CodeIgniter\BaseModel->first()
 6 SYSTEMPATH\CodeIgniter.php(942): App\Controllers\Home->validasi()
 7 SYSTEMPATH\CodeIgniter.php(502): CodeIgniter\CodeIgniter->runController(Object(App\Controllers\Home))
 8 SYSTEMPATH\CodeIgniter.php(361): CodeIgniter\CodeIgniter->handleRequest(null, Object(Config\Cache), false)
 9 FCPATH\index.php(79): CodeIgniter\CodeIgniter->run()
10 SYSTEMPATH\Commands\Server\rewrite.php(47): require_once('D:\\A_PERKULIAHAN\\SEMESTER 4\\PENG. APLIKASI ENTERPRISE\\beverly\\public\\index.php')
INFO - 2025-07-07 13:35:11 --> Session: Class initialized using 'CodeIgniter\Session\Handlers\FileHandler' driver.
INFO - 2025-07-07 13:35:19 --> Session: Class initialized using 'CodeIgniter\Session\Handlers\FileHandler' driver.
INFO - 2025-07-07 13:35:20 --> Session: Class initialized using 'CodeIgniter\Session\Handlers\FileHandler' driver.
WARNING - 2025-07-07 13:35:20 --> [DEPRECATED] number_format(): Passing null to parameter #1 ($num) of type float is deprecated in APPPATH\Views\keuangan\dashboard_k.php on line 408.
 1 APPPATH\Views\keuangan\dashboard_k.php(408): number_format(null, 0, ',', ',')
 2 SYSTEMPATH\View\View.php(228): include('D:\\A_PERKULIAHAN\\SEMESTER 4\\PENG. APLIKASI ENTERPRISE\\beverly\\app\\Views\\keuangan\\dashboard_k.php')
 3 SYSTEMPATH\View\View.php(231): CodeIgniter\View\View->CodeIgniter\View\{closure}()
 4 SYSTEMPATH\Common.php(1190): CodeIgniter\View\View->render('keuangan/dashboard_k', [], true)
 5 APPPATH\Controllers\Home.php(43): view('keuangan/dashboard_k', [...])
 6 SYSTEMPATH\CodeIgniter.php(942): App\Controllers\Home->dashboard_k()
 7 SYSTEMPATH\CodeIgniter.php(502): CodeIgniter\CodeIgniter->runController(Object(App\Controllers\Home))
 8 SYSTEMPATH\CodeIgniter.php(361): CodeIgniter\CodeIgniter->handleRequest(null, Object(Config\Cache), false)
 9 FCPATH\index.php(79): CodeIgniter\CodeIgniter->run()
10 SYSTEMPATH\Commands\Server\rewrite.php(47): require_once('D:\\A_PERKULIAHAN\\SEMESTER 4\\PENG. APLIKASI ENTERPRISE\\beverly\\public\\index.php')
WARNING - 2025-07-07 13:35:20 --> [DEPRECATED] number_format(): Passing null to parameter #1 ($num) of type float is deprecated in APPPATH\Views\keuangan\dashboard_k.php on line 428.
 1 APPPATH\Views\keuangan\dashboard_k.php(428): number_format(null, 0, ',', ',')
 2 SYSTEMPATH\View\View.php(228): include('D:\\A_PERKULIAHAN\\SEMESTER 4\\PENG. APLIKASI ENTERPRISE\\beverly\\app\\Views\\keuangan\\dashboard_k.php')
 3 SYSTEMPATH\View\View.php(231): CodeIgniter\View\View->CodeIgniter\View\{closure}()
 4 SYSTEMPATH\Common.php(1190): CodeIgniter\View\View->render('keuangan/dashboard_k', [], true)
 5 APPPATH\Controllers\Home.php(43): view('keuangan/dashboard_k', [...])
 6 SYSTEMPATH\CodeIgniter.php(942): App\Controllers\Home->dashboard_k()
 7 SYSTEMPATH\CodeIgniter.php(502): CodeIgniter\CodeIgniter->runController(Object(App\Controllers\Home))
 8 SYSTEMPATH\CodeIgniter.php(361): CodeIgniter\CodeIgniter->handleRequest(null, Object(Config\Cache), false)
 9 FCPATH\index.php(79): CodeIgniter\CodeIgniter->run()
10 SYSTEMPATH\Commands\Server\rewrite.php(47): require_once('D:\\A_PERKULIAHAN\\SEMESTER 4\\PENG. APLIKASI ENTERPRISE\\beverly\\public\\index.php')
INFO - 2025-07-07 13:38:07 --> Session: Class initialized using 'CodeIgniter\Session\Handlers\FileHandler' driver.
WARNING - 2025-07-07 13:38:07 --> [DEPRECATED] number_format(): Passing null to parameter #1 ($num) of type float is deprecated in APPPATH\Views\keuangan\dashboard_k.php on line 408.
 1 APPPATH\Views\keuangan\dashboard_k.php(408): number_format(null, 0, ',', ',')
 2 SYSTEMPATH\View\View.php(228): include('D:\\A_PERKULIAHAN\\SEMESTER 4\\PENG. APLIKASI ENTERPRISE\\beverly\\app\\Views\\keuangan\\dashboard_k.php')
 3 SYSTEMPATH\View\View.php(231): CodeIgniter\View\View->CodeIgniter\View\{closure}()
 4 SYSTEMPATH\Common.php(1190): CodeIgniter\View\View->render('keuangan/dashboard_k', [], true)
 5 APPPATH\Controllers\Home.php(43): view('keuangan/dashboard_k', [...])
 6 SYSTEMPATH\CodeIgniter.php(942): App\Controllers\Home->dashboard_k()
 7 SYSTEMPATH\CodeIgniter.php(502): CodeIgniter\CodeIgniter->runController(Object(App\Controllers\Home))
 8 SYSTEMPATH\CodeIgniter.php(361): CodeIgniter\CodeIgniter->handleRequest(null, Object(Config\Cache), false)
 9 FCPATH\index.php(79): CodeIgniter\CodeIgniter->run()
10 SYSTEMPATH\Commands\Server\rewrite.php(47): require_once('D:\\A_PERKULIAHAN\\SEMESTER 4\\PENG. APLIKASI ENTERPRISE\\beverly\\public\\index.php')
WARNING - 2025-07-07 13:38:07 --> [DEPRECATED] number_format(): Passing null to parameter #1 ($num) of type float is deprecated in APPPATH\Views\keuangan\dashboard_k.php on line 428.
 1 APPPATH\Views\keuangan\dashboard_k.php(428): number_format(null, 0, ',', ',')
 2 SYSTEMPATH\View\View.php(228): include('D:\\A_PERKULIAHAN\\SEMESTER 4\\PENG. APLIKASI ENTERPRISE\\beverly\\app\\Views\\keuangan\\dashboard_k.php')
 3 SYSTEMPATH\View\View.php(231): CodeIgniter\View\View->CodeIgniter\View\{closure}()
 4 SYSTEMPATH\Common.php(1190): CodeIgniter\View\View->render('keuangan/dashboard_k', [], true)
 5 APPPATH\Controllers\Home.php(43): view('keuangan/dashboard_k', [...])
 6 SYSTEMPATH\CodeIgniter.php(942): App\Controllers\Home->dashboard_k()
 7 SYSTEMPATH\CodeIgniter.php(502): CodeIgniter\CodeIgniter->runController(Object(App\Controllers\Home))
 8 SYSTEMPATH\CodeIgniter.php(361): CodeIgniter\CodeIgniter->handleRequest(null, Object(Config\Cache), false)
 9 FCPATH\index.php(79): CodeIgniter\CodeIgniter->run()
10 SYSTEMPATH\Commands\Server\rewrite.php(47): require_once('D:\\A_PERKULIAHAN\\SEMESTER 4\\PENG. APLIKASI ENTERPRISE\\beverly\\public\\index.php')
INFO - 2025-07-07 13:38:14 --> Session: Class initialized using 'CodeIgniter\Session\Handlers\FileHandler' driver.
INFO - 2025-07-07 13:38:14 --> Session: Class initialized using 'CodeIgniter\Session\Handlers\FileHandler' driver.
INFO - 2025-07-07 13:38:27 --> Session: Class initialized using 'CodeIgniter\Session\Handlers\FileHandler' driver.
INFO - 2025-07-07 13:38:28 --> Session: Class initialized using 'CodeIgniter\Session\Handlers\FileHandler' driver.
INFO - 2025-07-07 13:39:03 --> Session: Class initialized using 'CodeIgniter\Session\Handlers\FileHandler' driver.
INFO - 2025-07-07 13:39:03 --> Session: Class initialized using 'CodeIgniter\Session\Handlers\FileHandler' driver.
